[0.033s] Invoking command in '/home/kdg/kdg/build/turtlebot3_fake_node': CMAKE_PREFIX_PATH=${CMAKE_PREFIX_PATH}:/opt/ros/humble /usr/bin/cmake /home/kdg/kdg/src/turtlebot3_simulations/turtlebot3_fake_node -DCMAKE_INSTALL_PREFIX=/home/kdg/kdg/install/turtlebot3_fake_node
[0.167s] -- The C compiler identification is GNU 11.4.0
[0.289s] -- The CXX compiler identification is GNU 11.4.0
[0.296s] -- Detecting C compiler ABI info
[0.374s] -- Detecting C compiler ABI info - done
[0.379s] -- Check for working C compiler: /usr/bin/cc - skipped
[0.380s] -- Detecting C compile features
[0.380s] -- Detecting C compile features - done
[0.383s] -- Detecting CXX compiler ABI info
[0.476s] -- Detecting CXX compiler ABI info - done
[0.481s] -- Check for working CXX compiler: /usr/bin/c++ - skipped
[0.481s] -- Detecting CXX compile features
[0.482s] -- Detecting CXX compile features - done
[0.488s] -- Found ament_cmake: 1.3.11 (/opt/ros/humble/share/ament_cmake/cmake)
[0.639s] -- Found Python3: /usr/bin/python3 (found version "3.10.12") found components: Interpreter 
[0.767s] -- Found geometry_msgs: 4.2.4 (/opt/ros/humble/share/geometry_msgs/cmake)
[0.816s] -- Found rosidl_generator_c: 3.1.6 (/opt/ros/humble/share/rosidl_generator_c/cmake)
[0.823s] -- Found rosidl_adapter: 3.1.6 (/opt/ros/humble/share/rosidl_adapter/cmake)
[0.834s] -- Found rosidl_generator_cpp: 3.1.6 (/opt/ros/humble/share/rosidl_generator_cpp/cmake)
[0.848s] -- Using all available rosidl_typesupport_c: rosidl_typesupport_fastrtps_c;rosidl_typesupport_introspection_c
[0.867s] -- Using all available rosidl_typesupport_cpp: rosidl_typesupport_fastrtps_cpp;rosidl_typesupport_introspection_cpp
[0.909s] -- Found nav_msgs: 4.2.4 (/opt/ros/humble/share/nav_msgs/cmake)
[0.925s] -- Found rclcpp: 16.0.11 (/opt/ros/humble/share/rclcpp/cmake)
[0.957s] -- Found rmw_implementation_cmake: 6.1.2 (/opt/ros/humble/share/rmw_implementation_cmake/cmake)
[0.960s] -- Found rmw_fastrtps_cpp: 6.2.7 (/opt/ros/humble/share/rmw_fastrtps_cpp/cmake)
[1.037s] -- Found OpenSSL: /usr/lib/x86_64-linux-gnu/libcrypto.so (found version "3.0.2")  
[1.064s] -- Found FastRTPS: /opt/ros/humble/include  
[1.107s] -- Using RMW implementation 'rmw_fastrtps_cpp' as default
[1.116s] -- Looking for pthread.h
[1.190s] -- Looking for pthread.h - found
[1.190s] -- Performing Test CMAKE_HAVE_LIBC_PTHREAD
[1.260s] -- Performing Test CMAKE_HAVE_LIBC_PTHREAD - Success
[1.261s] -- Found Threads: TRUE  
[1.291s] -- Found sensor_msgs: 4.2.4 (/opt/ros/humble/share/sensor_msgs/cmake)
[1.307s] -- Found tf2: 0.25.12 (/opt/ros/humble/share/tf2/cmake)
[1.319s] -- Found tf2_msgs: 0.25.12 (/opt/ros/humble/share/tf2_msgs/cmake)
[1.368s] -- Found turtlebot3_msgs: 2.2.3 (/opt/ros/humble/share/turtlebot3_msgs/cmake)
[1.450s] -- Configuring done
[1.466s] -- Generating done
[1.471s] -- Build files have been written to: /home/kdg/kdg/build/turtlebot3_fake_node
[1.480s] Invoked command in '/home/kdg/kdg/build/turtlebot3_fake_node' returned '0': CMAKE_PREFIX_PATH=${CMAKE_PREFIX_PATH}:/opt/ros/humble /usr/bin/cmake /home/kdg/kdg/src/turtlebot3_simulations/turtlebot3_fake_node -DCMAKE_INSTALL_PREFIX=/home/kdg/kdg/install/turtlebot3_fake_node
[1.482s] Invoking command in '/home/kdg/kdg/build/turtlebot3_fake_node': CMAKE_PREFIX_PATH=${CMAKE_PREFIX_PATH}:/opt/ros/humble /usr/bin/cmake --build /home/kdg/kdg/build/turtlebot3_fake_node -- -j16 -l16
[1.521s] [ 50%] [32mBuilding CXX object CMakeFiles/turtlebot3_fake_node.dir/src/turtlebot3_fake_node.cpp.o[0m
[9.010s] [100%] [32m[1mLinking CXX executable turtlebot3_fake_node[0m
[9.363s] [100%] Built target turtlebot3_fake_node
[9.373s] Invoked command in '/home/kdg/kdg/build/turtlebot3_fake_node' returned '0': CMAKE_PREFIX_PATH=${CMAKE_PREFIX_PATH}:/opt/ros/humble /usr/bin/cmake --build /home/kdg/kdg/build/turtlebot3_fake_node -- -j16 -l16
[9.374s] Invoking command in '/home/kdg/kdg/build/turtlebot3_fake_node': CMAKE_PREFIX_PATH=${CMAKE_PREFIX_PATH}:/opt/ros/humble /usr/bin/cmake --install /home/kdg/kdg/build/turtlebot3_fake_node
[9.379s] -- Install configuration: ""
[9.380s] -- Installing: /home/kdg/kdg/install/turtlebot3_fake_node/lib/turtlebot3_fake_node/turtlebot3_fake_node
[9.384s] -- Set runtime path of "/home/kdg/kdg/install/turtlebot3_fake_node/lib/turtlebot3_fake_node/turtlebot3_fake_node" to ""
[9.385s] -- Installing: /home/kdg/kdg/install/turtlebot3_fake_node/share/turtlebot3_fake_node/launch
[9.385s] -- Installing: /home/kdg/kdg/install/turtlebot3_fake_node/share/turtlebot3_fake_node/launch/rviz2.launch.py
[9.385s] -- Installing: /home/kdg/kdg/install/turtlebot3_fake_node/share/turtlebot3_fake_node/launch/turtlebot3_fake_node.launch.py
[9.385s] -- Installing: /home/kdg/kdg/install/turtlebot3_fake_node/share/turtlebot3_fake_node/param
[9.385s] -- Installing: /home/kdg/kdg/install/turtlebot3_fake_node/share/turtlebot3_fake_node/param/waffle_pi.yaml
[9.385s] -- Installing: /home/kdg/kdg/install/turtlebot3_fake_node/share/turtlebot3_fake_node/param/burger.yaml
[9.385s] -- Installing: /home/kdg/kdg/install/turtlebot3_fake_node/share/turtlebot3_fake_node/param/waffle.yaml
[9.386s] -- Installing: /home/kdg/kdg/install/turtlebot3_fake_node/include/
[9.386s] -- Installing: /home/kdg/kdg/install/turtlebot3_fake_node/include//turtlebot3_fake_node
[9.386s] -- Installing: /home/kdg/kdg/install/turtlebot3_fake_node/include//turtlebot3_fake_node/turtlebot3_fake_node.hpp
[9.386s] -- Installing: /home/kdg/kdg/install/turtlebot3_fake_node/share/ament_index/resource_index/package_run_dependencies/turtlebot3_fake_node
[9.386s] -- Installing: /home/kdg/kdg/install/turtlebot3_fake_node/share/ament_index/resource_index/parent_prefix_path/turtlebot3_fake_node
[9.386s] -- Installing: /home/kdg/kdg/install/turtlebot3_fake_node/share/turtlebot3_fake_node/environment/ament_prefix_path.sh
[9.386s] -- Installing: /home/kdg/kdg/install/turtlebot3_fake_node/share/turtlebot3_fake_node/environment/ament_prefix_path.dsv
[9.386s] -- Installing: /home/kdg/kdg/install/turtlebot3_fake_node/share/turtlebot3_fake_node/environment/path.sh
[9.386s] -- Installing: /home/kdg/kdg/install/turtlebot3_fake_node/share/turtlebot3_fake_node/environment/path.dsv
[9.386s] -- Installing: /home/kdg/kdg/install/turtlebot3_fake_node/share/turtlebot3_fake_node/local_setup.bash
[9.386s] -- Installing: /home/kdg/kdg/install/turtlebot3_fake_node/share/turtlebot3_fake_node/local_setup.sh
[9.386s] -- Installing: /home/kdg/kdg/install/turtlebot3_fake_node/share/turtlebot3_fake_node/local_setup.zsh
[9.386s] -- Installing: /home/kdg/kdg/install/turtlebot3_fake_node/share/turtlebot3_fake_node/local_setup.dsv
[9.386s] -- Installing: /home/kdg/kdg/install/turtlebot3_fake_node/share/turtlebot3_fake_node/package.dsv
[9.386s] -- Installing: /home/kdg/kdg/install/turtlebot3_fake_node/share/ament_index/resource_index/packages/turtlebot3_fake_node
[9.386s] -- Installing: /home/kdg/kdg/install/turtlebot3_fake_node/share/turtlebot3_fake_node/cmake/ament_cmake_export_include_directories-extras.cmake
[9.386s] -- Installing: /home/kdg/kdg/install/turtlebot3_fake_node/share/turtlebot3_fake_node/cmake/ament_cmake_export_dependencies-extras.cmake
[9.387s] -- Installing: /home/kdg/kdg/install/turtlebot3_fake_node/share/turtlebot3_fake_node/cmake/turtlebot3_fake_nodeConfig.cmake
[9.387s] -- Installing: /home/kdg/kdg/install/turtlebot3_fake_node/share/turtlebot3_fake_node/cmake/turtlebot3_fake_nodeConfig-version.cmake
[9.387s] -- Installing: /home/kdg/kdg/install/turtlebot3_fake_node/share/turtlebot3_fake_node/package.xml
[9.389s] Invoked command in '/home/kdg/kdg/build/turtlebot3_fake_node' returned '0': CMAKE_PREFIX_PATH=${CMAKE_PREFIX_PATH}:/opt/ros/humble /usr/bin/cmake --install /home/kdg/kdg/build/turtlebot3_fake_node
