[0.026s] Invoking command in '/home/kdg/kdg/build/wanderbot': CMAKE_PREFIX_PATH=${CMAKE_PREFIX_PATH}:/opt/ros/humble /usr/bin/cmake --build /home/kdg/kdg/build/wanderbot -- -j16 -l16
[0.086s] [35m[1mConsolidate compiler generated dependencies of target go_scan[0m
[0.105s] [ 50%] Built target go_rot
[0.115s] [ 75%] [32mBuilding CXX object CMakeFiles/go_scan.dir/src/go_scan.cpp.o[0m
[6.696s] [100%] [32m[1mLinking CXX executable go_scan[0m
[6.981s] [100%] Built target go_scan
[6.990s] Invoked command in '/home/kdg/kdg/build/wanderbot' returned '0': CMAKE_PREFIX_PATH=${CMAKE_PREFIX_PATH}:/opt/ros/humble /usr/bin/cmake --build /home/kdg/kdg/build/wanderbot -- -j16 -l16
[6.992s] Invoking command in '/home/kdg/kdg/build/wanderbot': CMAKE_PREFIX_PATH=${CMAKE_PREFIX_PATH}:/opt/ros/humble /usr/bin/cmake --install /home/kdg/kdg/build/wanderbot
[6.997s] -- Install configuration: ""
[6.998s] -- Up-to-date: /home/kdg/kdg/install/wanderbot/lib/wanderbot/go_rot
[6.998s] -- Installing: /home/kdg/kdg/install/wanderbot/lib/wanderbot/go_scan
[7.003s] -- Set runtime path of "/home/kdg/kdg/install/wanderbot/lib/wanderbot/go_scan" to ""
[7.003s] -- Up-to-date: /home/kdg/kdg/install/wanderbot/share/ament_index/resource_index/package_run_dependencies/wanderbot
[7.004s] -- Up-to-date: /home/kdg/kdg/install/wanderbot/share/ament_index/resource_index/parent_prefix_path/wanderbot
[7.004s] -- Up-to-date: /home/kdg/kdg/install/wanderbot/share/wanderbot/environment/ament_prefix_path.sh
[7.004s] -- Up-to-date: /home/kdg/kdg/install/wanderbot/share/wanderbot/environment/ament_prefix_path.dsv
[7.004s] -- Up-to-date: /home/kdg/kdg/install/wanderbot/share/wanderbot/environment/path.sh
[7.004s] -- Up-to-date: /home/kdg/kdg/install/wanderbot/share/wanderbot/environment/path.dsv
[7.004s] -- Up-to-date: /home/kdg/kdg/install/wanderbot/share/wanderbot/local_setup.bash
[7.004s] -- Up-to-date: /home/kdg/kdg/install/wanderbot/share/wanderbot/local_setup.sh
[7.004s] -- Up-to-date: /home/kdg/kdg/install/wanderbot/share/wanderbot/local_setup.zsh
[7.004s] -- Up-to-date: /home/kdg/kdg/install/wanderbot/share/wanderbot/local_setup.dsv
[7.004s] -- Installing: /home/kdg/kdg/install/wanderbot/share/wanderbot/package.dsv
[7.004s] -- Up-to-date: /home/kdg/kdg/install/wanderbot/share/ament_index/resource_index/packages/wanderbot
[7.004s] -- Up-to-date: /home/kdg/kdg/install/wanderbot/share/wanderbot/cmake/wanderbotConfig.cmake
[7.004s] -- Up-to-date: /home/kdg/kdg/install/wanderbot/share/wanderbot/cmake/wanderbotConfig-version.cmake
[7.004s] -- Up-to-date: /home/kdg/kdg/install/wanderbot/share/wanderbot/package.xml
[7.006s] Invoked command in '/home/kdg/kdg/build/wanderbot' returned '0': CMAKE_PREFIX_PATH=${CMAKE_PREFIX_PATH}:/opt/ros/humble /usr/bin/cmake --install /home/kdg/kdg/build/wanderbot
