[0.090s] DEBUG:colcon:Command line arguments: ['/usr/bin/colcon', 'build']
[0.090s] DEBUG:colcon:Parsed command line arguments: Namespace(log_base=None, log_level=None, verb_name='build', build_base='build', install_base='install', merge_install=False, symlink_install=False, test_result_base=None, continue_on_error=False, executor='parallel', parallel_workers=16, event_handlers=None, ignore_user_meta=False, metas=['./colcon.meta'], base_paths=['.'], packages_ignore=None, packages_ignore_regex=None, paths=None, packages_up_to=None, packages_up_to_regex=None, packages_above=None, packages_above_and_dependencies=None, packages_above_depth=None, packages_select_by_dep=None, packages_skip_by_dep=None, packages_skip_up_to=None, packages_select_build_failed=False, packages_skip_build_finished=False, packages_select_test_failures=False, packages_skip_test_passed=False, packages_select=None, packages_skip=None, packages_select_regex=None, packages_skip_regex=None, packages_start=None, packages_end=None, allow_overriding=[], cmake_args=None, cmake_target=None, cmake_target_skip_unavailable=False, cmake_clean_cache=False, cmake_clean_first=False, cmake_force_configure=False, ament_cmake_args=None, catkin_cmake_args=None, catkin_skip_building_tests=False, verb_parser=<colcon_defaults.argument_parser.defaults.DefaultArgumentsDecorator object at 0x786b3e30f640>, verb_extension=<colcon_core.verb.build.BuildVerb object at 0x786b3e4b8430>, main=<bound method BuildVerb.main of <colcon_core.verb.build.BuildVerb object at 0x786b3e4b8430>>)
[0.229s] Level 1:colcon.colcon_core.package_discovery:discover_packages(colcon_meta) check parameters
[0.229s] Level 1:colcon.colcon_core.package_discovery:discover_packages(recursive) check parameters
[0.229s] Level 1:colcon.colcon_core.package_discovery:discover_packages(ignore) check parameters
[0.229s] Level 1:colcon.colcon_core.package_discovery:discover_packages(path) check parameters
[0.229s] Level 1:colcon.colcon_core.package_discovery:discover_packages(colcon_meta) discover
[0.230s] Level 1:colcon.colcon_core.package_discovery:discover_packages(recursive) discover
[0.230s] INFO:colcon.colcon_core.package_discovery:Crawling recursively for packages in '/home/kdg/kdg'
[0.230s] Level 1:colcon.colcon_core.package_identification:_identify(.) by extensions ['ignore', 'ignore_ament_install']
[0.230s] Level 1:colcon.colcon_core.package_identification:_identify(.) by extension 'ignore'
[0.230s] Level 1:colcon.colcon_core.package_identification:_identify(.) by extension 'ignore_ament_install'
[0.230s] Level 1:colcon.colcon_core.package_identification:_identify(.) by extensions ['colcon_pkg']
[0.230s] Level 1:colcon.colcon_core.package_identification:_identify(.) by extension 'colcon_pkg'
[0.230s] Level 1:colcon.colcon_core.package_identification:_identify(.) by extensions ['colcon_meta']
[0.230s] Level 1:colcon.colcon_core.package_identification:_identify(.) by extension 'colcon_meta'
[0.230s] Level 1:colcon.colcon_core.package_identification:_identify(.) by extensions ['ros']
[0.230s] Level 1:colcon.colcon_core.package_identification:_identify(.) by extension 'ros'
[0.241s] Level 1:colcon.colcon_core.package_identification:_identify(.) by extensions ['cmake', 'python']
[0.241s] Level 1:colcon.colcon_core.package_identification:_identify(.) by extension 'cmake'
[0.241s] Level 1:colcon.colcon_core.package_identification:_identify(.) by extension 'python'
[0.241s] Level 1:colcon.colcon_core.package_identification:_identify(.) by extensions ['python_setup_py']
[0.241s] Level 1:colcon.colcon_core.package_identification:_identify(.) by extension 'python_setup_py'
[0.241s] Level 1:colcon.colcon_core.package_identification:_identify(build) by extensions ['ignore', 'ignore_ament_install']
[0.241s] Level 1:colcon.colcon_core.package_identification:_identify(build) by extension 'ignore'
[0.241s] Level 1:colcon.colcon_core.package_identification:_identify(build) ignored
[0.242s] Level 1:colcon.colcon_core.package_identification:_identify(install) by extensions ['ignore', 'ignore_ament_install']
[0.242s] Level 1:colcon.colcon_core.package_identification:_identify(install) by extension 'ignore'
[0.242s] Level 1:colcon.colcon_core.package_identification:_identify(install) ignored
[0.242s] Level 1:colcon.colcon_core.package_identification:_identify(log) by extensions ['ignore', 'ignore_ament_install']
[0.242s] Level 1:colcon.colcon_core.package_identification:_identify(log) by extension 'ignore'
[0.242s] Level 1:colcon.colcon_core.package_identification:_identify(log) ignored
[0.242s] Level 1:colcon.colcon_core.package_identification:_identify(src) by extensions ['ignore', 'ignore_ament_install']
[0.242s] Level 1:colcon.colcon_core.package_identification:_identify(src) by extension 'ignore'
[0.242s] Level 1:colcon.colcon_core.package_identification:_identify(src) by extension 'ignore_ament_install'
[0.242s] Level 1:colcon.colcon_core.package_identification:_identify(src) by extensions ['colcon_pkg']
[0.242s] Level 1:colcon.colcon_core.package_identification:_identify(src) by extension 'colcon_pkg'
[0.242s] Level 1:colcon.colcon_core.package_identification:_identify(src) by extensions ['colcon_meta']
[0.242s] Level 1:colcon.colcon_core.package_identification:_identify(src) by extension 'colcon_meta'
[0.242s] Level 1:colcon.colcon_core.package_identification:_identify(src) by extensions ['ros']
[0.242s] Level 1:colcon.colcon_core.package_identification:_identify(src) by extension 'ros'
[0.242s] Level 1:colcon.colcon_core.package_identification:_identify(src) by extensions ['cmake', 'python']
[0.243s] Level 1:colcon.colcon_core.package_identification:_identify(src) by extension 'cmake'
[0.243s] Level 1:colcon.colcon_core.package_identification:_identify(src) by extension 'python'
[0.243s] Level 1:colcon.colcon_core.package_identification:_identify(src) by extensions ['python_setup_py']
[0.243s] Level 1:colcon.colcon_core.package_identification:_identify(src) by extension 'python_setup_py'
[0.243s] Level 1:colcon.colcon_core.package_identification:_identify(src/topic_ex_c) by extensions ['ignore', 'ignore_ament_install']
[0.243s] Level 1:colcon.colcon_core.package_identification:_identify(src/topic_ex_c) by extension 'ignore'
[0.243s] Level 1:colcon.colcon_core.package_identification:_identify(src/topic_ex_c) by extension 'ignore_ament_install'
[0.243s] Level 1:colcon.colcon_core.package_identification:_identify(src/topic_ex_c) by extensions ['colcon_pkg']
[0.243s] Level 1:colcon.colcon_core.package_identification:_identify(src/topic_ex_c) by extension 'colcon_pkg'
[0.243s] Level 1:colcon.colcon_core.package_identification:_identify(src/topic_ex_c) by extensions ['colcon_meta']
[0.243s] Level 1:colcon.colcon_core.package_identification:_identify(src/topic_ex_c) by extension 'colcon_meta'
[0.243s] Level 1:colcon.colcon_core.package_identification:_identify(src/topic_ex_c) by extensions ['ros']
[0.243s] Level 1:colcon.colcon_core.package_identification:_identify(src/topic_ex_c) by extension 'ros'
[0.245s] DEBUG:colcon.colcon_core.package_identification:Package 'src/topic_ex_c' with type 'ros.ament_cmake' and name 'topic_ex_c'
[0.245s] Level 1:colcon.colcon_core.package_identification:_identify(src/turtlebot3_simulations) by extensions ['ignore', 'ignore_ament_install']
[0.246s] Level 1:colcon.colcon_core.package_identification:_identify(src/turtlebot3_simulations) by extension 'ignore'
[0.246s] Level 1:colcon.colcon_core.package_identification:_identify(src/turtlebot3_simulations) by extension 'ignore_ament_install'
[0.246s] Level 1:colcon.colcon_core.package_identification:_identify(src/turtlebot3_simulations) by extensions ['colcon_pkg']
[0.246s] Level 1:colcon.colcon_core.package_identification:_identify(src/turtlebot3_simulations) by extension 'colcon_pkg'
[0.246s] Level 1:colcon.colcon_core.package_identification:_identify(src/turtlebot3_simulations) by extensions ['colcon_meta']
[0.246s] Level 1:colcon.colcon_core.package_identification:_identify(src/turtlebot3_simulations) by extension 'colcon_meta'
[0.246s] Level 1:colcon.colcon_core.package_identification:_identify(src/turtlebot3_simulations) by extensions ['ros']
[0.246s] Level 1:colcon.colcon_core.package_identification:_identify(src/turtlebot3_simulations) by extension 'ros'
[0.246s] Level 1:colcon.colcon_core.package_identification:_identify(src/turtlebot3_simulations) by extensions ['cmake', 'python']
[0.246s] Level 1:colcon.colcon_core.package_identification:_identify(src/turtlebot3_simulations) by extension 'cmake'
[0.246s] Level 1:colcon.colcon_core.package_identification:_identify(src/turtlebot3_simulations) by extension 'python'
[0.246s] Level 1:colcon.colcon_core.package_identification:_identify(src/turtlebot3_simulations) by extensions ['python_setup_py']
[0.246s] Level 1:colcon.colcon_core.package_identification:_identify(src/turtlebot3_simulations) by extension 'python_setup_py'
[0.246s] Level 1:colcon.colcon_core.package_identification:_identify(src/turtlebot3_simulations/turtlebot3_fake_node) by extensions ['ignore', 'ignore_ament_install']
[0.246s] Level 1:colcon.colcon_core.package_identification:_identify(src/turtlebot3_simulations/turtlebot3_fake_node) by extension 'ignore'
[0.246s] Level 1:colcon.colcon_core.package_identification:_identify(src/turtlebot3_simulations/turtlebot3_fake_node) by extension 'ignore_ament_install'
[0.246s] Level 1:colcon.colcon_core.package_identification:_identify(src/turtlebot3_simulations/turtlebot3_fake_node) by extensions ['colcon_pkg']
[0.246s] Level 1:colcon.colcon_core.package_identification:_identify(src/turtlebot3_simulations/turtlebot3_fake_node) by extension 'colcon_pkg'
[0.246s] Level 1:colcon.colcon_core.package_identification:_identify(src/turtlebot3_simulations/turtlebot3_fake_node) by extensions ['colcon_meta']
[0.246s] Level 1:colcon.colcon_core.package_identification:_identify(src/turtlebot3_simulations/turtlebot3_fake_node) by extension 'colcon_meta'
[0.246s] Level 1:colcon.colcon_core.package_identification:_identify(src/turtlebot3_simulations/turtlebot3_fake_node) by extensions ['ros']
[0.246s] Level 1:colcon.colcon_core.package_identification:_identify(src/turtlebot3_simulations/turtlebot3_fake_node) by extension 'ros'
[0.248s] DEBUG:colcon.colcon_core.package_identification:Package 'src/turtlebot3_simulations/turtlebot3_fake_node' with type 'ros.ament_cmake' and name 'turtlebot3_fake_node'
[0.248s] Level 1:colcon.colcon_core.package_identification:_identify(src/turtlebot3_simulations/turtlebot3_gazebo) by extensions ['ignore', 'ignore_ament_install']
[0.248s] Level 1:colcon.colcon_core.package_identification:_identify(src/turtlebot3_simulations/turtlebot3_gazebo) by extension 'ignore'
[0.248s] Level 1:colcon.colcon_core.package_identification:_identify(src/turtlebot3_simulations/turtlebot3_gazebo) by extension 'ignore_ament_install'
[0.248s] Level 1:colcon.colcon_core.package_identification:_identify(src/turtlebot3_simulations/turtlebot3_gazebo) by extensions ['colcon_pkg']
[0.248s] Level 1:colcon.colcon_core.package_identification:_identify(src/turtlebot3_simulations/turtlebot3_gazebo) by extension 'colcon_pkg'
[0.248s] Level 1:colcon.colcon_core.package_identification:_identify(src/turtlebot3_simulations/turtlebot3_gazebo) by extensions ['colcon_meta']
[0.248s] Level 1:colcon.colcon_core.package_identification:_identify(src/turtlebot3_simulations/turtlebot3_gazebo) by extension 'colcon_meta'
[0.248s] Level 1:colcon.colcon_core.package_identification:_identify(src/turtlebot3_simulations/turtlebot3_gazebo) by extensions ['ros']
[0.248s] Level 1:colcon.colcon_core.package_identification:_identify(src/turtlebot3_simulations/turtlebot3_gazebo) by extension 'ros'
[0.249s] DEBUG:colcon.colcon_core.package_identification:Package 'src/turtlebot3_simulations/turtlebot3_gazebo' with type 'ros.ament_cmake' and name 'turtlebot3_gazebo'
[0.249s] Level 1:colcon.colcon_core.package_identification:_identify(src/turtlebot3_simulations/turtlebot3_simulations) by extensions ['ignore', 'ignore_ament_install']
[0.249s] Level 1:colcon.colcon_core.package_identification:_identify(src/turtlebot3_simulations/turtlebot3_simulations) by extension 'ignore'
[0.249s] Level 1:colcon.colcon_core.package_identification:_identify(src/turtlebot3_simulations/turtlebot3_simulations) by extension 'ignore_ament_install'
[0.249s] Level 1:colcon.colcon_core.package_identification:_identify(src/turtlebot3_simulations/turtlebot3_simulations) by extensions ['colcon_pkg']
[0.249s] Level 1:colcon.colcon_core.package_identification:_identify(src/turtlebot3_simulations/turtlebot3_simulations) by extension 'colcon_pkg'
[0.249s] Level 1:colcon.colcon_core.package_identification:_identify(src/turtlebot3_simulations/turtlebot3_simulations) by extensions ['colcon_meta']
[0.249s] Level 1:colcon.colcon_core.package_identification:_identify(src/turtlebot3_simulations/turtlebot3_simulations) by extension 'colcon_meta'
[0.250s] Level 1:colcon.colcon_core.package_identification:_identify(src/turtlebot3_simulations/turtlebot3_simulations) by extensions ['ros']
[0.250s] Level 1:colcon.colcon_core.package_identification:_identify(src/turtlebot3_simulations/turtlebot3_simulations) by extension 'ros'
[0.250s] DEBUG:colcon.colcon_core.package_identification:Package 'src/turtlebot3_simulations/turtlebot3_simulations' with type 'ros.ament_cmake' and name 'turtlebot3_simulations'
[0.250s] Level 1:colcon.colcon_core.package_identification:_identify(src/wanderbot) by extensions ['ignore', 'ignore_ament_install']
[0.250s] Level 1:colcon.colcon_core.package_identification:_identify(src/wanderbot) by extension 'ignore'
[0.250s] Level 1:colcon.colcon_core.package_identification:_identify(src/wanderbot) by extension 'ignore_ament_install'
[0.250s] Level 1:colcon.colcon_core.package_identification:_identify(src/wanderbot) by extensions ['colcon_pkg']
[0.250s] Level 1:colcon.colcon_core.package_identification:_identify(src/wanderbot) by extension 'colcon_pkg'
[0.250s] Level 1:colcon.colcon_core.package_identification:_identify(src/wanderbot) by extensions ['colcon_meta']
[0.250s] Level 1:colcon.colcon_core.package_identification:_identify(src/wanderbot) by extension 'colcon_meta'
[0.251s] Level 1:colcon.colcon_core.package_identification:_identify(src/wanderbot) by extensions ['ros']
[0.251s] Level 1:colcon.colcon_core.package_identification:_identify(src/wanderbot) by extension 'ros'
[0.251s] DEBUG:colcon.colcon_core.package_identification:Package 'src/wanderbot' with type 'ros.ament_cmake' and name 'wanderbot'
[0.251s] Level 1:colcon.colcon_core.package_discovery:discover_packages(recursive) using defaults
[0.251s] Level 1:colcon.colcon_core.package_discovery:discover_packages(ignore) discover
[0.251s] Level 1:colcon.colcon_core.package_discovery:discover_packages(ignore) using defaults
[0.251s] Level 1:colcon.colcon_core.package_discovery:discover_packages(path) discover
[0.251s] Level 1:colcon.colcon_core.package_discovery:discover_packages(path) using defaults
[0.286s] Level 1:colcon.colcon_core.package_discovery:discover_packages(prefix_path) check parameters
[0.286s] Level 1:colcon.colcon_core.package_discovery:discover_packages(prefix_path) discover
[0.288s] DEBUG:colcon.colcon_installed_package_information.package_discovery:Found 5 installed packages in /home/kdg/kdg/install
[0.290s] DEBUG:colcon.colcon_installed_package_information.package_discovery:Found 374 installed packages in /opt/ros/humble
[0.291s] Level 1:colcon.colcon_core.package_discovery:discover_packages(prefix_path) using defaults
[0.330s] Level 5:colcon.colcon_core.verb:set package 'topic_ex_c' build argument 'cmake_args' from command line to 'None'
[0.330s] Level 5:colcon.colcon_core.verb:set package 'topic_ex_c' build argument 'cmake_target' from command line to 'None'
[0.330s] Level 5:colcon.colcon_core.verb:set package 'topic_ex_c' build argument 'cmake_target_skip_unavailable' from command line to 'False'
[0.330s] Level 5:colcon.colcon_core.verb:set package 'topic_ex_c' build argument 'cmake_clean_cache' from command line to 'False'
[0.330s] Level 5:colcon.colcon_core.verb:set package 'topic_ex_c' build argument 'cmake_clean_first' from command line to 'False'
[0.330s] Level 5:colcon.colcon_core.verb:set package 'topic_ex_c' build argument 'cmake_force_configure' from command line to 'False'
[0.330s] Level 5:colcon.colcon_core.verb:set package 'topic_ex_c' build argument 'ament_cmake_args' from command line to 'None'
[0.331s] Level 5:colcon.colcon_core.verb:set package 'topic_ex_c' build argument 'catkin_cmake_args' from command line to 'None'
[0.331s] Level 5:colcon.colcon_core.verb:set package 'topic_ex_c' build argument 'catkin_skip_building_tests' from command line to 'False'
[0.331s] DEBUG:colcon.colcon_core.verb:Building package 'topic_ex_c' with the following arguments: {'ament_cmake_args': None, 'build_base': '/home/kdg/kdg/build/topic_ex_c', 'catkin_cmake_args': None, 'catkin_skip_building_tests': False, 'cmake_args': None, 'cmake_clean_cache': False, 'cmake_clean_first': False, 'cmake_force_configure': False, 'cmake_target': None, 'cmake_target_skip_unavailable': False, 'install_base': '/home/kdg/kdg/install/topic_ex_c', 'merge_install': False, 'path': '/home/kdg/kdg/src/topic_ex_c', 'symlink_install': False, 'test_result_base': None}
[0.331s] Level 5:colcon.colcon_core.verb:set package 'turtlebot3_fake_node' build argument 'cmake_args' from command line to 'None'
[0.331s] Level 5:colcon.colcon_core.verb:set package 'turtlebot3_fake_node' build argument 'cmake_target' from command line to 'None'
[0.331s] Level 5:colcon.colcon_core.verb:set package 'turtlebot3_fake_node' build argument 'cmake_target_skip_unavailable' from command line to 'False'
[0.331s] Level 5:colcon.colcon_core.verb:set package 'turtlebot3_fake_node' build argument 'cmake_clean_cache' from command line to 'False'
[0.331s] Level 5:colcon.colcon_core.verb:set package 'turtlebot3_fake_node' build argument 'cmake_clean_first' from command line to 'False'
[0.331s] Level 5:colcon.colcon_core.verb:set package 'turtlebot3_fake_node' build argument 'cmake_force_configure' from command line to 'False'
[0.331s] Level 5:colcon.colcon_core.verb:set package 'turtlebot3_fake_node' build argument 'ament_cmake_args' from command line to 'None'
[0.331s] Level 5:colcon.colcon_core.verb:set package 'turtlebot3_fake_node' build argument 'catkin_cmake_args' from command line to 'None'
[0.331s] Level 5:colcon.colcon_core.verb:set package 'turtlebot3_fake_node' build argument 'catkin_skip_building_tests' from command line to 'False'
[0.331s] DEBUG:colcon.colcon_core.verb:Building package 'turtlebot3_fake_node' with the following arguments: {'ament_cmake_args': None, 'build_base': '/home/kdg/kdg/build/turtlebot3_fake_node', 'catkin_cmake_args': None, 'catkin_skip_building_tests': False, 'cmake_args': None, 'cmake_clean_cache': False, 'cmake_clean_first': False, 'cmake_force_configure': False, 'cmake_target': None, 'cmake_target_skip_unavailable': False, 'install_base': '/home/kdg/kdg/install/turtlebot3_fake_node', 'merge_install': False, 'path': '/home/kdg/kdg/src/turtlebot3_simulations/turtlebot3_fake_node', 'symlink_install': False, 'test_result_base': None}
[0.331s] Level 5:colcon.colcon_core.verb:set package 'turtlebot3_gazebo' build argument 'cmake_args' from command line to 'None'
[0.331s] Level 5:colcon.colcon_core.verb:set package 'turtlebot3_gazebo' build argument 'cmake_target' from command line to 'None'
[0.331s] Level 5:colcon.colcon_core.verb:set package 'turtlebot3_gazebo' build argument 'cmake_target_skip_unavailable' from command line to 'False'
[0.331s] Level 5:colcon.colcon_core.verb:set package 'turtlebot3_gazebo' build argument 'cmake_clean_cache' from command line to 'False'
[0.331s] Level 5:colcon.colcon_core.verb:set package 'turtlebot3_gazebo' build argument 'cmake_clean_first' from command line to 'False'
[0.331s] Level 5:colcon.colcon_core.verb:set package 'turtlebot3_gazebo' build argument 'cmake_force_configure' from command line to 'False'
[0.332s] Level 5:colcon.colcon_core.verb:set package 'turtlebot3_gazebo' build argument 'ament_cmake_args' from command line to 'None'
[0.332s] Level 5:colcon.colcon_core.verb:set package 'turtlebot3_gazebo' build argument 'catkin_cmake_args' from command line to 'None'
[0.332s] Level 5:colcon.colcon_core.verb:set package 'turtlebot3_gazebo' build argument 'catkin_skip_building_tests' from command line to 'False'
[0.332s] DEBUG:colcon.colcon_core.verb:Building package 'turtlebot3_gazebo' with the following arguments: {'ament_cmake_args': None, 'build_base': '/home/kdg/kdg/build/turtlebot3_gazebo', 'catkin_cmake_args': None, 'catkin_skip_building_tests': False, 'cmake_args': None, 'cmake_clean_cache': False, 'cmake_clean_first': False, 'cmake_force_configure': False, 'cmake_target': None, 'cmake_target_skip_unavailable': False, 'install_base': '/home/kdg/kdg/install/turtlebot3_gazebo', 'merge_install': False, 'path': '/home/kdg/kdg/src/turtlebot3_simulations/turtlebot3_gazebo', 'symlink_install': False, 'test_result_base': None}
[0.332s] Level 5:colcon.colcon_core.verb:set package 'wanderbot' build argument 'cmake_args' from command line to 'None'
[0.332s] Level 5:colcon.colcon_core.verb:set package 'wanderbot' build argument 'cmake_target' from command line to 'None'
[0.332s] Level 5:colcon.colcon_core.verb:set package 'wanderbot' build argument 'cmake_target_skip_unavailable' from command line to 'False'
[0.332s] Level 5:colcon.colcon_core.verb:set package 'wanderbot' build argument 'cmake_clean_cache' from command line to 'False'
[0.332s] Level 5:colcon.colcon_core.verb:set package 'wanderbot' build argument 'cmake_clean_first' from command line to 'False'
[0.332s] Level 5:colcon.colcon_core.verb:set package 'wanderbot' build argument 'cmake_force_configure' from command line to 'False'
[0.332s] Level 5:colcon.colcon_core.verb:set package 'wanderbot' build argument 'ament_cmake_args' from command line to 'None'
[0.332s] Level 5:colcon.colcon_core.verb:set package 'wanderbot' build argument 'catkin_cmake_args' from command line to 'None'
[0.332s] Level 5:colcon.colcon_core.verb:set package 'wanderbot' build argument 'catkin_skip_building_tests' from command line to 'False'
[0.332s] DEBUG:colcon.colcon_core.verb:Building package 'wanderbot' with the following arguments: {'ament_cmake_args': None, 'build_base': '/home/kdg/kdg/build/wanderbot', 'catkin_cmake_args': None, 'catkin_skip_building_tests': False, 'cmake_args': None, 'cmake_clean_cache': False, 'cmake_clean_first': False, 'cmake_force_configure': False, 'cmake_target': None, 'cmake_target_skip_unavailable': False, 'install_base': '/home/kdg/kdg/install/wanderbot', 'merge_install': False, 'path': '/home/kdg/kdg/src/wanderbot', 'symlink_install': False, 'test_result_base': None}
[0.332s] Level 5:colcon.colcon_core.verb:set package 'turtlebot3_simulations' build argument 'cmake_args' from command line to 'None'
[0.332s] Level 5:colcon.colcon_core.verb:set package 'turtlebot3_simulations' build argument 'cmake_target' from command line to 'None'
[0.332s] Level 5:colcon.colcon_core.verb:set package 'turtlebot3_simulations' build argument 'cmake_target_skip_unavailable' from command line to 'False'
[0.332s] Level 5:colcon.colcon_core.verb:set package 'turtlebot3_simulations' build argument 'cmake_clean_cache' from command line to 'False'
[0.332s] Level 5:colcon.colcon_core.verb:set package 'turtlebot3_simulations' build argument 'cmake_clean_first' from command line to 'False'
[0.332s] Level 5:colcon.colcon_core.verb:set package 'turtlebot3_simulations' build argument 'cmake_force_configure' from command line to 'False'
[0.332s] Level 5:colcon.colcon_core.verb:set package 'turtlebot3_simulations' build argument 'ament_cmake_args' from command line to 'None'
[0.332s] Level 5:colcon.colcon_core.verb:set package 'turtlebot3_simulations' build argument 'catkin_cmake_args' from command line to 'None'
[0.332s] Level 5:colcon.colcon_core.verb:set package 'turtlebot3_simulations' build argument 'catkin_skip_building_tests' from command line to 'False'
[0.332s] DEBUG:colcon.colcon_core.verb:Building package 'turtlebot3_simulations' with the following arguments: {'ament_cmake_args': None, 'build_base': '/home/kdg/kdg/build/turtlebot3_simulations', 'catkin_cmake_args': None, 'catkin_skip_building_tests': False, 'cmake_args': None, 'cmake_clean_cache': False, 'cmake_clean_first': False, 'cmake_force_configure': False, 'cmake_target': None, 'cmake_target_skip_unavailable': False, 'install_base': '/home/kdg/kdg/install/turtlebot3_simulations', 'merge_install': False, 'path': '/home/kdg/kdg/src/turtlebot3_simulations/turtlebot3_simulations', 'symlink_install': False, 'test_result_base': None}
[0.333s] INFO:colcon.colcon_core.executor:Executing jobs using 'parallel' executor
[0.334s] DEBUG:colcon.colcon_parallel_executor.executor.parallel:run_until_complete
[0.334s] INFO:colcon.colcon_ros.task.ament_cmake.build:Building ROS package in '/home/kdg/kdg/src/turtlebot3_simulations/turtlebot3_fake_node' with build type 'ament_cmake'
[0.334s] INFO:colcon.colcon_cmake.task.cmake.build:Building CMake package in '/home/kdg/kdg/src/turtlebot3_simulations/turtlebot3_fake_node'
[0.336s] INFO:colcon.colcon_core.plugin_system:Skipping extension 'colcon_core.shell.bat': Not used on non-Windows systems
[0.336s] INFO:colcon.colcon_core.shell:Skip shell extension 'powershell' for command environment: Not usable outside of PowerShell
[0.336s] DEBUG:colcon.colcon_core.shell:Skip shell extension 'dsv' for command environment
[0.340s] INFO:colcon.colcon_ros.task.ament_cmake.build:Building ROS package in '/home/kdg/kdg/src/turtlebot3_simulations/turtlebot3_gazebo' with build type 'ament_cmake'
[0.340s] INFO:colcon.colcon_cmake.task.cmake.build:Building CMake package in '/home/kdg/kdg/src/turtlebot3_simulations/turtlebot3_gazebo'
[0.340s] INFO:colcon.colcon_core.shell:Skip shell extension 'powershell' for command environment: Not usable outside of PowerShell
[0.341s] DEBUG:colcon.colcon_core.shell:Skip shell extension 'dsv' for command environment
[0.344s] INFO:colcon.colcon_ros.task.ament_cmake.build:Building ROS package in '/home/kdg/kdg/src/topic_ex_c' with build type 'ament_cmake'
[0.345s] INFO:colcon.colcon_cmake.task.cmake.build:Building CMake package in '/home/kdg/kdg/src/topic_ex_c'
[0.345s] INFO:colcon.colcon_core.shell:Skip shell extension 'powershell' for command environment: Not usable outside of PowerShell
[0.345s] DEBUG:colcon.colcon_core.shell:Skip shell extension 'dsv' for command environment
[0.349s] INFO:colcon.colcon_ros.task.ament_cmake.build:Building ROS package in '/home/kdg/kdg/src/wanderbot' with build type 'ament_cmake'
[0.350s] INFO:colcon.colcon_cmake.task.cmake.build:Building CMake package in '/home/kdg/kdg/src/wanderbot'
[0.350s] INFO:colcon.colcon_core.shell:Skip shell extension 'powershell' for command environment: Not usable outside of PowerShell
[0.350s] DEBUG:colcon.colcon_core.shell:Skip shell extension 'dsv' for command environment
[0.359s] DEBUG:colcon.colcon_core.event_handler.log_command:Invoking command in '/home/kdg/kdg/build/turtlebot3_fake_node': CMAKE_PREFIX_PATH=${CMAKE_PREFIX_PATH}:/opt/ros/humble /usr/bin/cmake --build /home/kdg/kdg/build/turtlebot3_fake_node -- -j16 -l16
[0.363s] DEBUG:colcon.colcon_core.event_handler.log_command:Invoking command in '/home/kdg/kdg/build/turtlebot3_gazebo': CMAKE_PREFIX_PATH=${CMAKE_PREFIX_PATH}:/opt/ros/humble /usr/bin/cmake --build /home/kdg/kdg/build/turtlebot3_gazebo -- -j16 -l16
[0.367s] DEBUG:colcon.colcon_core.event_handler.log_command:Invoking command in '/home/kdg/kdg/build/topic_ex_c': CMAKE_PREFIX_PATH=${CMAKE_PREFIX_PATH}:/opt/ros/humble /usr/bin/cmake --build /home/kdg/kdg/build/topic_ex_c -- -j16 -l16
[0.373s] DEBUG:colcon.colcon_core.event_handler.log_command:Invoking command in '/home/kdg/kdg/build/wanderbot': CMAKE_PREFIX_PATH=${CMAKE_PREFIX_PATH}:/opt/ros/humble /usr/bin/cmake --build /home/kdg/kdg/build/wanderbot -- -j16 -l16
[0.439s] DEBUG:colcon.colcon_core.event_handler.log_command:Invoked command in '/home/kdg/kdg/build/turtlebot3_fake_node' returned '0': CMAKE_PREFIX_PATH=${CMAKE_PREFIX_PATH}:/opt/ros/humble /usr/bin/cmake --build /home/kdg/kdg/build/turtlebot3_fake_node -- -j16 -l16
[0.453s] DEBUG:colcon.colcon_core.event_handler.log_command:Invoking command in '/home/kdg/kdg/build/turtlebot3_fake_node': CMAKE_PREFIX_PATH=${CMAKE_PREFIX_PATH}:/opt/ros/humble /usr/bin/cmake --install /home/kdg/kdg/build/turtlebot3_fake_node
[0.455s] DEBUG:colcon.colcon_core.event_handler.log_command:Invoked command in '/home/kdg/kdg/build/topic_ex_c' returned '0': CMAKE_PREFIX_PATH=${CMAKE_PREFIX_PATH}:/opt/ros/humble /usr/bin/cmake --build /home/kdg/kdg/build/topic_ex_c -- -j16 -l16
[0.458s] DEBUG:colcon.colcon_core.event_handler.log_command:Invoking command in '/home/kdg/kdg/build/topic_ex_c': CMAKE_PREFIX_PATH=${CMAKE_PREFIX_PATH}:/opt/ros/humble /usr/bin/cmake --install /home/kdg/kdg/build/topic_ex_c
[0.460s] DEBUG:colcon.colcon_core.event_handler.log_command:Invoked command in '/home/kdg/kdg/build/turtlebot3_gazebo' returned '0': CMAKE_PREFIX_PATH=${CMAKE_PREFIX_PATH}:/opt/ros/humble /usr/bin/cmake --build /home/kdg/kdg/build/turtlebot3_gazebo -- -j16 -l16
[0.463s] DEBUG:colcon.colcon_core.event_handler.log_command:Invoking command in '/home/kdg/kdg/build/turtlebot3_gazebo': CMAKE_PREFIX_PATH=${CMAKE_PREFIX_PATH}:/opt/ros/humble /usr/bin/cmake --install /home/kdg/kdg/build/turtlebot3_gazebo
[0.467s] Level 1:colcon.colcon_core.environment:create_environment_scripts_only(turtlebot3_fake_node)
[0.470s] DEBUG:colcon.colcon_core.event_handler.log_command:Invoked command in '/home/kdg/kdg/build/turtlebot3_fake_node' returned '0': CMAKE_PREFIX_PATH=${CMAKE_PREFIX_PATH}:/opt/ros/humble /usr/bin/cmake --install /home/kdg/kdg/build/turtlebot3_fake_node
[0.476s] Level 1:colcon.colcon_core.environment:checking '/home/kdg/kdg/install/turtlebot3_fake_node' for CMake module files
[0.477s] Level 1:colcon.colcon_core.environment:checking '/home/kdg/kdg/install/turtlebot3_fake_node' for CMake config files
[0.481s] Level 1:colcon.colcon_core.shell:create_environment_hook('turtlebot3_fake_node', 'cmake_prefix_path')
[0.481s] INFO:colcon.colcon_core.shell:Creating environment hook '/home/kdg/kdg/install/turtlebot3_fake_node/share/turtlebot3_fake_node/hook/cmake_prefix_path.ps1'
[0.483s] INFO:colcon.colcon_core.shell:Creating environment descriptor '/home/kdg/kdg/install/turtlebot3_fake_node/share/turtlebot3_fake_node/hook/cmake_prefix_path.dsv'
[0.484s] INFO:colcon.colcon_core.shell:Creating environment hook '/home/kdg/kdg/install/turtlebot3_fake_node/share/turtlebot3_fake_node/hook/cmake_prefix_path.sh'
[0.486s] Level 1:colcon.colcon_core.environment:checking '/home/kdg/kdg/install/turtlebot3_fake_node/lib'
[0.486s] Level 1:colcon.colcon_core.environment:checking '/home/kdg/kdg/install/turtlebot3_fake_node/bin'
[0.486s] Level 1:colcon.colcon_core.environment:checking '/home/kdg/kdg/install/turtlebot3_fake_node/lib/pkgconfig/turtlebot3_fake_node.pc'
[0.486s] Level 1:colcon.colcon_core.environment:checking '/home/kdg/kdg/install/turtlebot3_fake_node/lib/python3.10/site-packages'
[0.486s] Level 1:colcon.colcon_core.environment:checking '/home/kdg/kdg/install/turtlebot3_fake_node/bin'
[0.487s] INFO:colcon.colcon_core.shell:Creating package script '/home/kdg/kdg/install/turtlebot3_fake_node/share/turtlebot3_fake_node/package.ps1'
[0.488s] INFO:colcon.colcon_core.shell:Creating package descriptor '/home/kdg/kdg/install/turtlebot3_fake_node/share/turtlebot3_fake_node/package.dsv'
[0.488s] INFO:colcon.colcon_core.shell:Creating package script '/home/kdg/kdg/install/turtlebot3_fake_node/share/turtlebot3_fake_node/package.sh'
[0.489s] INFO:colcon.colcon_core.shell:Creating package script '/home/kdg/kdg/install/turtlebot3_fake_node/share/turtlebot3_fake_node/package.bash'
[0.490s] INFO:colcon.colcon_core.shell:Creating package script '/home/kdg/kdg/install/turtlebot3_fake_node/share/turtlebot3_fake_node/package.zsh'
[0.491s] Level 1:colcon.colcon_core.environment:create_file_with_runtime_dependencies(/home/kdg/kdg/install/turtlebot3_fake_node/share/colcon-core/packages/turtlebot3_fake_node)
[0.492s] Level 1:colcon.colcon_core.environment:create_environment_scripts_only(turtlebot3_fake_node)
[0.493s] Level 1:colcon.colcon_core.environment:checking '/home/kdg/kdg/install/turtlebot3_fake_node' for CMake module files
[0.493s] Level 1:colcon.colcon_core.environment:checking '/home/kdg/kdg/install/turtlebot3_fake_node' for CMake config files
[0.494s] Level 1:colcon.colcon_core.shell:create_environment_hook('turtlebot3_fake_node', 'cmake_prefix_path')
[0.494s] INFO:colcon.colcon_core.shell:Creating environment hook '/home/kdg/kdg/install/turtlebot3_fake_node/share/turtlebot3_fake_node/hook/cmake_prefix_path.ps1'
[0.494s] INFO:colcon.colcon_core.shell:Creating environment descriptor '/home/kdg/kdg/install/turtlebot3_fake_node/share/turtlebot3_fake_node/hook/cmake_prefix_path.dsv'
[0.495s] INFO:colcon.colcon_core.shell:Creating environment hook '/home/kdg/kdg/install/turtlebot3_fake_node/share/turtlebot3_fake_node/hook/cmake_prefix_path.sh'
[0.495s] Level 1:colcon.colcon_core.environment:checking '/home/kdg/kdg/install/turtlebot3_fake_node/lib'
[0.495s] Level 1:colcon.colcon_core.environment:checking '/home/kdg/kdg/install/turtlebot3_fake_node/bin'
[0.496s] Level 1:colcon.colcon_core.environment:checking '/home/kdg/kdg/install/turtlebot3_fake_node/lib/pkgconfig/turtlebot3_fake_node.pc'
[0.496s] Level 1:colcon.colcon_core.environment:checking '/home/kdg/kdg/install/turtlebot3_fake_node/lib/python3.10/site-packages'
[0.496s] Level 1:colcon.colcon_core.environment:checking '/home/kdg/kdg/install/turtlebot3_fake_node/bin'
[0.496s] INFO:colcon.colcon_core.shell:Creating package script '/home/kdg/kdg/install/turtlebot3_fake_node/share/turtlebot3_fake_node/package.ps1'
[0.497s] INFO:colcon.colcon_core.shell:Creating package descriptor '/home/kdg/kdg/install/turtlebot3_fake_node/share/turtlebot3_fake_node/package.dsv'
[0.497s] INFO:colcon.colcon_core.shell:Creating package script '/home/kdg/kdg/install/turtlebot3_fake_node/share/turtlebot3_fake_node/package.sh'
[0.498s] INFO:colcon.colcon_core.shell:Creating package script '/home/kdg/kdg/install/turtlebot3_fake_node/share/turtlebot3_fake_node/package.bash'
[0.498s] INFO:colcon.colcon_core.shell:Creating package script '/home/kdg/kdg/install/turtlebot3_fake_node/share/turtlebot3_fake_node/package.zsh'
[0.499s] Level 1:colcon.colcon_core.environment:create_file_with_runtime_dependencies(/home/kdg/kdg/install/turtlebot3_fake_node/share/colcon-core/packages/turtlebot3_fake_node)
[0.500s] Level 1:colcon.colcon_core.environment:create_environment_scripts_only(topic_ex_c)
[0.500s] Level 1:colcon.colcon_core.environment:checking '/home/kdg/kdg/install/topic_ex_c' for CMake module files
[0.501s] DEBUG:colcon.colcon_core.event_handler.log_command:Invoked command in '/home/kdg/kdg/build/topic_ex_c' returned '0': CMAKE_PREFIX_PATH=${CMAKE_PREFIX_PATH}:/opt/ros/humble /usr/bin/cmake --install /home/kdg/kdg/build/topic_ex_c
[0.501s] Level 1:colcon.colcon_core.environment:checking '/home/kdg/kdg/install/topic_ex_c' for CMake config files
[0.502s] Level 1:colcon.colcon_core.shell:create_environment_hook('topic_ex_c', 'cmake_prefix_path')
[0.502s] INFO:colcon.colcon_core.shell:Creating environment hook '/home/kdg/kdg/install/topic_ex_c/share/topic_ex_c/hook/cmake_prefix_path.ps1'
[0.503s] INFO:colcon.colcon_core.shell:Creating environment descriptor '/home/kdg/kdg/install/topic_ex_c/share/topic_ex_c/hook/cmake_prefix_path.dsv'
[0.503s] INFO:colcon.colcon_core.shell:Creating environment hook '/home/kdg/kdg/install/topic_ex_c/share/topic_ex_c/hook/cmake_prefix_path.sh'
[0.504s] Level 1:colcon.colcon_core.environment:checking '/home/kdg/kdg/install/topic_ex_c/lib'
[0.504s] Level 1:colcon.colcon_core.environment:checking '/home/kdg/kdg/install/topic_ex_c/bin'
[0.504s] Level 1:colcon.colcon_core.environment:checking '/home/kdg/kdg/install/topic_ex_c/lib/pkgconfig/topic_ex_c.pc'
[0.504s] Level 1:colcon.colcon_core.environment:checking '/home/kdg/kdg/install/topic_ex_c/lib/python3.10/site-packages'
[0.504s] Level 1:colcon.colcon_core.environment:checking '/home/kdg/kdg/install/topic_ex_c/bin'
[0.505s] INFO:colcon.colcon_core.shell:Creating package script '/home/kdg/kdg/install/topic_ex_c/share/topic_ex_c/package.ps1'
[0.505s] INFO:colcon.colcon_core.shell:Creating package descriptor '/home/kdg/kdg/install/topic_ex_c/share/topic_ex_c/package.dsv'
[0.506s] INFO:colcon.colcon_core.shell:Creating package script '/home/kdg/kdg/install/topic_ex_c/share/topic_ex_c/package.sh'
[0.506s] INFO:colcon.colcon_core.shell:Creating package script '/home/kdg/kdg/install/topic_ex_c/share/topic_ex_c/package.bash'
[0.506s] INFO:colcon.colcon_core.shell:Creating package script '/home/kdg/kdg/install/topic_ex_c/share/topic_ex_c/package.zsh'
[0.507s] Level 1:colcon.colcon_core.environment:create_file_with_runtime_dependencies(/home/kdg/kdg/install/topic_ex_c/share/colcon-core/packages/topic_ex_c)
[0.507s] Level 1:colcon.colcon_core.environment:create_environment_scripts_only(topic_ex_c)
[0.507s] Level 1:colcon.colcon_core.environment:checking '/home/kdg/kdg/install/topic_ex_c' for CMake module files
[0.508s] Level 1:colcon.colcon_core.environment:checking '/home/kdg/kdg/install/topic_ex_c' for CMake config files
[0.508s] Level 1:colcon.colcon_core.shell:create_environment_hook('topic_ex_c', 'cmake_prefix_path')
[0.508s] INFO:colcon.colcon_core.shell:Creating environment hook '/home/kdg/kdg/install/topic_ex_c/share/topic_ex_c/hook/cmake_prefix_path.ps1'
[0.508s] INFO:colcon.colcon_core.shell:Creating environment descriptor '/home/kdg/kdg/install/topic_ex_c/share/topic_ex_c/hook/cmake_prefix_path.dsv'
[0.509s] INFO:colcon.colcon_core.shell:Creating environment hook '/home/kdg/kdg/install/topic_ex_c/share/topic_ex_c/hook/cmake_prefix_path.sh'
[0.509s] Level 1:colcon.colcon_core.environment:checking '/home/kdg/kdg/install/topic_ex_c/lib'
[0.509s] Level 1:colcon.colcon_core.environment:checking '/home/kdg/kdg/install/topic_ex_c/bin'
[0.509s] Level 1:colcon.colcon_core.environment:checking '/home/kdg/kdg/install/topic_ex_c/lib/pkgconfig/topic_ex_c.pc'
[0.510s] Level 1:colcon.colcon_core.environment:checking '/home/kdg/kdg/install/topic_ex_c/lib/python3.10/site-packages'
[0.510s] Level 1:colcon.colcon_core.environment:checking '/home/kdg/kdg/install/topic_ex_c/bin'
[0.510s] INFO:colcon.colcon_core.shell:Creating package script '/home/kdg/kdg/install/topic_ex_c/share/topic_ex_c/package.ps1'
[0.510s] INFO:colcon.colcon_core.shell:Creating package descriptor '/home/kdg/kdg/install/topic_ex_c/share/topic_ex_c/package.dsv'
[0.511s] INFO:colcon.colcon_core.shell:Creating package script '/home/kdg/kdg/install/topic_ex_c/share/topic_ex_c/package.sh'
[0.511s] INFO:colcon.colcon_core.shell:Creating package script '/home/kdg/kdg/install/topic_ex_c/share/topic_ex_c/package.bash'
[0.512s] INFO:colcon.colcon_core.shell:Creating package script '/home/kdg/kdg/install/topic_ex_c/share/topic_ex_c/package.zsh'
[0.512s] Level 1:colcon.colcon_core.environment:create_file_with_runtime_dependencies(/home/kdg/kdg/install/topic_ex_c/share/colcon-core/packages/topic_ex_c)
[0.512s] Level 1:colcon.colcon_core.environment:create_environment_scripts_only(turtlebot3_gazebo)
[0.512s] Level 1:colcon.colcon_core.environment:checking '/home/kdg/kdg/install/turtlebot3_gazebo' for CMake module files
[0.513s] DEBUG:colcon.colcon_core.event_handler.log_command:Invoked command in '/home/kdg/kdg/build/turtlebot3_gazebo' returned '0': CMAKE_PREFIX_PATH=${CMAKE_PREFIX_PATH}:/opt/ros/humble /usr/bin/cmake --install /home/kdg/kdg/build/turtlebot3_gazebo
[0.514s] Level 1:colcon.colcon_core.environment:checking '/home/kdg/kdg/install/turtlebot3_gazebo' for CMake config files
[0.516s] Level 1:colcon.colcon_core.shell:create_environment_hook('turtlebot3_gazebo', 'cmake_prefix_path')
[0.516s] INFO:colcon.colcon_core.shell:Creating environment hook '/home/kdg/kdg/install/turtlebot3_gazebo/share/turtlebot3_gazebo/hook/cmake_prefix_path.ps1'
[0.516s] INFO:colcon.colcon_core.shell:Creating environment descriptor '/home/kdg/kdg/install/turtlebot3_gazebo/share/turtlebot3_gazebo/hook/cmake_prefix_path.dsv'
[0.517s] INFO:colcon.colcon_core.shell:Creating environment hook '/home/kdg/kdg/install/turtlebot3_gazebo/share/turtlebot3_gazebo/hook/cmake_prefix_path.sh'
[0.517s] Level 1:colcon.colcon_core.environment:checking '/home/kdg/kdg/install/turtlebot3_gazebo/lib'
[0.517s] Level 1:colcon.colcon_core.environment:checking '/home/kdg/kdg/install/turtlebot3_gazebo/bin'
[0.517s] Level 1:colcon.colcon_core.environment:checking '/home/kdg/kdg/install/turtlebot3_gazebo/lib/pkgconfig/turtlebot3_gazebo.pc'
[0.518s] Level 1:colcon.colcon_core.environment:checking '/home/kdg/kdg/install/turtlebot3_gazebo/lib/python3.10/site-packages'
[0.518s] Level 1:colcon.colcon_core.environment:checking '/home/kdg/kdg/install/turtlebot3_gazebo/bin'
[0.518s] INFO:colcon.colcon_core.shell:Creating package script '/home/kdg/kdg/install/turtlebot3_gazebo/share/turtlebot3_gazebo/package.ps1'
[0.518s] INFO:colcon.colcon_core.shell:Creating package descriptor '/home/kdg/kdg/install/turtlebot3_gazebo/share/turtlebot3_gazebo/package.dsv'
[0.519s] INFO:colcon.colcon_core.shell:Creating package script '/home/kdg/kdg/install/turtlebot3_gazebo/share/turtlebot3_gazebo/package.sh'
[0.519s] INFO:colcon.colcon_core.shell:Creating package script '/home/kdg/kdg/install/turtlebot3_gazebo/share/turtlebot3_gazebo/package.bash'
[0.520s] INFO:colcon.colcon_core.shell:Creating package script '/home/kdg/kdg/install/turtlebot3_gazebo/share/turtlebot3_gazebo/package.zsh'
[0.520s] Level 1:colcon.colcon_core.environment:create_file_with_runtime_dependencies(/home/kdg/kdg/install/turtlebot3_gazebo/share/colcon-core/packages/turtlebot3_gazebo)
[0.521s] Level 1:colcon.colcon_core.environment:create_environment_scripts_only(turtlebot3_gazebo)
[0.521s] Level 1:colcon.colcon_core.environment:checking '/home/kdg/kdg/install/turtlebot3_gazebo' for CMake module files
[0.521s] Level 1:colcon.colcon_core.environment:checking '/home/kdg/kdg/install/turtlebot3_gazebo' for CMake config files
[0.523s] Level 1:colcon.colcon_core.shell:create_environment_hook('turtlebot3_gazebo', 'cmake_prefix_path')
[0.524s] INFO:colcon.colcon_core.shell:Creating environment hook '/home/kdg/kdg/install/turtlebot3_gazebo/share/turtlebot3_gazebo/hook/cmake_prefix_path.ps1'
[0.524s] INFO:colcon.colcon_core.shell:Creating environment descriptor '/home/kdg/kdg/install/turtlebot3_gazebo/share/turtlebot3_gazebo/hook/cmake_prefix_path.dsv'
[0.525s] INFO:colcon.colcon_core.shell:Creating environment hook '/home/kdg/kdg/install/turtlebot3_gazebo/share/turtlebot3_gazebo/hook/cmake_prefix_path.sh'
[0.525s] Level 1:colcon.colcon_core.environment:checking '/home/kdg/kdg/install/turtlebot3_gazebo/lib'
[0.525s] Level 1:colcon.colcon_core.environment:checking '/home/kdg/kdg/install/turtlebot3_gazebo/bin'
[0.525s] Level 1:colcon.colcon_core.environment:checking '/home/kdg/kdg/install/turtlebot3_gazebo/lib/pkgconfig/turtlebot3_gazebo.pc'
[0.526s] Level 1:colcon.colcon_core.environment:checking '/home/kdg/kdg/install/turtlebot3_gazebo/lib/python3.10/site-packages'
[0.526s] Level 1:colcon.colcon_core.environment:checking '/home/kdg/kdg/install/turtlebot3_gazebo/bin'
[0.526s] INFO:colcon.colcon_core.shell:Creating package script '/home/kdg/kdg/install/turtlebot3_gazebo/share/turtlebot3_gazebo/package.ps1'
[0.526s] INFO:colcon.colcon_core.shell:Creating package descriptor '/home/kdg/kdg/install/turtlebot3_gazebo/share/turtlebot3_gazebo/package.dsv'
[0.527s] INFO:colcon.colcon_core.shell:Creating package script '/home/kdg/kdg/install/turtlebot3_gazebo/share/turtlebot3_gazebo/package.sh'
[0.527s] INFO:colcon.colcon_core.shell:Creating package script '/home/kdg/kdg/install/turtlebot3_gazebo/share/turtlebot3_gazebo/package.bash'
[0.528s] INFO:colcon.colcon_core.shell:Creating package script '/home/kdg/kdg/install/turtlebot3_gazebo/share/turtlebot3_gazebo/package.zsh'
[0.528s] Level 1:colcon.colcon_core.environment:create_file_with_runtime_dependencies(/home/kdg/kdg/install/turtlebot3_gazebo/share/colcon-core/packages/turtlebot3_gazebo)
[0.529s] INFO:colcon.colcon_ros.task.ament_cmake.build:Building ROS package in '/home/kdg/kdg/src/turtlebot3_simulations/turtlebot3_simulations' with build type 'ament_cmake'
[0.529s] INFO:colcon.colcon_cmake.task.cmake.build:Building CMake package in '/home/kdg/kdg/src/turtlebot3_simulations/turtlebot3_simulations'
[0.529s] INFO:colcon.colcon_core.shell:Skip shell extension 'powershell' for command environment: Not usable outside of PowerShell
[0.529s] DEBUG:colcon.colcon_core.shell:Skip shell extension 'dsv' for command environment
[0.539s] DEBUG:colcon.colcon_core.event_handler.log_command:Invoking command in '/home/kdg/kdg/build/turtlebot3_simulations': CMAKE_PREFIX_PATH=/home/kdg/kdg/install/turtlebot3_gazebo:/home/kdg/kdg/install/turtlebot3_fake_node:/home/kdg/kdg/install/wanderbot:/home/kdg/kdg/install/turtlebot3_simulations:/home/kdg/kdg/install/topic_ex_c:/usr/lib/x86_64-linux-gnu/cmake/gazebo:/opt/ros/humble /usr/bin/cmake --build /home/kdg/kdg/build/turtlebot3_simulations -- -j16 -l16
[0.579s] DEBUG:colcon.colcon_core.event_handler.log_command:Invoked command in '/home/kdg/kdg/build/turtlebot3_simulations' returned '0': CMAKE_PREFIX_PATH=/home/kdg/kdg/install/turtlebot3_gazebo:/home/kdg/kdg/install/turtlebot3_fake_node:/home/kdg/kdg/install/wanderbot:/home/kdg/kdg/install/turtlebot3_simulations:/home/kdg/kdg/install/topic_ex_c:/usr/lib/x86_64-linux-gnu/cmake/gazebo:/opt/ros/humble /usr/bin/cmake --build /home/kdg/kdg/build/turtlebot3_simulations -- -j16 -l16
[0.581s] DEBUG:colcon.colcon_core.event_handler.log_command:Invoking command in '/home/kdg/kdg/build/turtlebot3_simulations': CMAKE_PREFIX_PATH=/home/kdg/kdg/install/turtlebot3_gazebo:/home/kdg/kdg/install/turtlebot3_fake_node:/home/kdg/kdg/install/wanderbot:/home/kdg/kdg/install/turtlebot3_simulations:/home/kdg/kdg/install/topic_ex_c:/usr/lib/x86_64-linux-gnu/cmake/gazebo:/opt/ros/humble /usr/bin/cmake --install /home/kdg/kdg/build/turtlebot3_simulations
[0.592s] Level 1:colcon.colcon_core.environment:create_environment_scripts_only(turtlebot3_simulations)
[0.592s] Level 1:colcon.colcon_core.environment:checking '/home/kdg/kdg/install/turtlebot3_simulations' for CMake module files
[0.593s] DEBUG:colcon.colcon_core.event_handler.log_command:Invoked command in '/home/kdg/kdg/build/turtlebot3_simulations' returned '0': CMAKE_PREFIX_PATH=/home/kdg/kdg/install/turtlebot3_gazebo:/home/kdg/kdg/install/turtlebot3_fake_node:/home/kdg/kdg/install/wanderbot:/home/kdg/kdg/install/turtlebot3_simulations:/home/kdg/kdg/install/topic_ex_c:/usr/lib/x86_64-linux-gnu/cmake/gazebo:/opt/ros/humble /usr/bin/cmake --install /home/kdg/kdg/build/turtlebot3_simulations
[0.593s] Level 1:colcon.colcon_core.environment:checking '/home/kdg/kdg/install/turtlebot3_simulations' for CMake config files
[0.593s] Level 1:colcon.colcon_core.shell:create_environment_hook('turtlebot3_simulations', 'cmake_prefix_path')
[0.593s] INFO:colcon.colcon_core.shell:Creating environment hook '/home/kdg/kdg/install/turtlebot3_simulations/share/turtlebot3_simulations/hook/cmake_prefix_path.ps1'
[0.594s] INFO:colcon.colcon_core.shell:Creating environment descriptor '/home/kdg/kdg/install/turtlebot3_simulations/share/turtlebot3_simulations/hook/cmake_prefix_path.dsv'
[0.594s] INFO:colcon.colcon_core.shell:Creating environment hook '/home/kdg/kdg/install/turtlebot3_simulations/share/turtlebot3_simulations/hook/cmake_prefix_path.sh'
[0.595s] Level 1:colcon.colcon_core.environment:checking '/home/kdg/kdg/install/turtlebot3_simulations/bin'
[0.595s] Level 1:colcon.colcon_core.environment:checking '/home/kdg/kdg/install/turtlebot3_simulations/lib/pkgconfig/turtlebot3_simulations.pc'
[0.595s] Level 1:colcon.colcon_core.environment:checking '/home/kdg/kdg/install/turtlebot3_simulations/lib/python3.10/site-packages'
[0.595s] Level 1:colcon.colcon_core.environment:checking '/home/kdg/kdg/install/turtlebot3_simulations/bin'
[0.596s] INFO:colcon.colcon_core.shell:Creating package script '/home/kdg/kdg/install/turtlebot3_simulations/share/turtlebot3_simulations/package.ps1'
[0.596s] INFO:colcon.colcon_core.shell:Creating package descriptor '/home/kdg/kdg/install/turtlebot3_simulations/share/turtlebot3_simulations/package.dsv'
[0.596s] INFO:colcon.colcon_core.shell:Creating package script '/home/kdg/kdg/install/turtlebot3_simulations/share/turtlebot3_simulations/package.sh'
[0.597s] INFO:colcon.colcon_core.shell:Creating package script '/home/kdg/kdg/install/turtlebot3_simulations/share/turtlebot3_simulations/package.bash'
[0.597s] INFO:colcon.colcon_core.shell:Creating package script '/home/kdg/kdg/install/turtlebot3_simulations/share/turtlebot3_simulations/package.zsh'
[0.597s] Level 1:colcon.colcon_core.environment:create_file_with_runtime_dependencies(/home/kdg/kdg/install/turtlebot3_simulations/share/colcon-core/packages/turtlebot3_simulations)
[0.598s] Level 1:colcon.colcon_core.environment:create_environment_scripts_only(turtlebot3_simulations)
[0.598s] Level 1:colcon.colcon_core.environment:checking '/home/kdg/kdg/install/turtlebot3_simulations' for CMake module files
[0.599s] Level 1:colcon.colcon_core.environment:checking '/home/kdg/kdg/install/turtlebot3_simulations' for CMake config files
[0.599s] Level 1:colcon.colcon_core.shell:create_environment_hook('turtlebot3_simulations', 'cmake_prefix_path')
[0.599s] INFO:colcon.colcon_core.shell:Creating environment hook '/home/kdg/kdg/install/turtlebot3_simulations/share/turtlebot3_simulations/hook/cmake_prefix_path.ps1'
[0.599s] INFO:colcon.colcon_core.shell:Creating environment descriptor '/home/kdg/kdg/install/turtlebot3_simulations/share/turtlebot3_simulations/hook/cmake_prefix_path.dsv'
[0.600s] INFO:colcon.colcon_core.shell:Creating environment hook '/home/kdg/kdg/install/turtlebot3_simulations/share/turtlebot3_simulations/hook/cmake_prefix_path.sh'
[0.600s] Level 1:colcon.colcon_core.environment:checking '/home/kdg/kdg/install/turtlebot3_simulations/bin'
[0.600s] Level 1:colcon.colcon_core.environment:checking '/home/kdg/kdg/install/turtlebot3_simulations/lib/pkgconfig/turtlebot3_simulations.pc'
[0.600s] Level 1:colcon.colcon_core.environment:checking '/home/kdg/kdg/install/turtlebot3_simulations/lib/python3.10/site-packages'
[0.601s] Level 1:colcon.colcon_core.environment:checking '/home/kdg/kdg/install/turtlebot3_simulations/bin'
[0.601s] INFO:colcon.colcon_core.shell:Creating package script '/home/kdg/kdg/install/turtlebot3_simulations/share/turtlebot3_simulations/package.ps1'
[0.601s] INFO:colcon.colcon_core.shell:Creating package descriptor '/home/kdg/kdg/install/turtlebot3_simulations/share/turtlebot3_simulations/package.dsv'
[0.602s] INFO:colcon.colcon_core.shell:Creating package script '/home/kdg/kdg/install/turtlebot3_simulations/share/turtlebot3_simulations/package.sh'
[0.602s] INFO:colcon.colcon_core.shell:Creating package script '/home/kdg/kdg/install/turtlebot3_simulations/share/turtlebot3_simulations/package.bash'
[0.602s] INFO:colcon.colcon_core.shell:Creating package script '/home/kdg/kdg/install/turtlebot3_simulations/share/turtlebot3_simulations/package.zsh'
[0.603s] Level 1:colcon.colcon_core.environment:create_file_with_runtime_dependencies(/home/kdg/kdg/install/turtlebot3_simulations/share/colcon-core/packages/turtlebot3_simulations)
[8.764s] DEBUG:colcon.colcon_core.event_handler.log_command:Invoked command in '/home/kdg/kdg/build/wanderbot' returned '0': CMAKE_PREFIX_PATH=${CMAKE_PREFIX_PATH}:/opt/ros/humble /usr/bin/cmake --build /home/kdg/kdg/build/wanderbot -- -j16 -l16
[8.766s] DEBUG:colcon.colcon_core.event_handler.log_command:Invoking command in '/home/kdg/kdg/build/wanderbot': CMAKE_PREFIX_PATH=${CMAKE_PREFIX_PATH}:/opt/ros/humble /usr/bin/cmake --install /home/kdg/kdg/build/wanderbot
[8.782s] Level 1:colcon.colcon_core.environment:create_environment_scripts_only(wanderbot)
[8.782s] Level 1:colcon.colcon_core.environment:checking '/home/kdg/kdg/install/wanderbot' for CMake module files
[8.783s] DEBUG:colcon.colcon_core.event_handler.log_command:Invoked command in '/home/kdg/kdg/build/wanderbot' returned '0': CMAKE_PREFIX_PATH=${CMAKE_PREFIX_PATH}:/opt/ros/humble /usr/bin/cmake --install /home/kdg/kdg/build/wanderbot
[8.783s] Level 1:colcon.colcon_core.environment:checking '/home/kdg/kdg/install/wanderbot' for CMake config files
[8.783s] Level 1:colcon.colcon_core.shell:create_environment_hook('wanderbot', 'cmake_prefix_path')
[8.784s] INFO:colcon.colcon_core.shell:Creating environment hook '/home/kdg/kdg/install/wanderbot/share/wanderbot/hook/cmake_prefix_path.ps1'
[8.784s] INFO:colcon.colcon_core.shell:Creating environment descriptor '/home/kdg/kdg/install/wanderbot/share/wanderbot/hook/cmake_prefix_path.dsv'
[8.784s] INFO:colcon.colcon_core.shell:Creating environment hook '/home/kdg/kdg/install/wanderbot/share/wanderbot/hook/cmake_prefix_path.sh'
[8.785s] Level 1:colcon.colcon_core.environment:checking '/home/kdg/kdg/install/wanderbot/lib'
[8.785s] Level 1:colcon.colcon_core.environment:checking '/home/kdg/kdg/install/wanderbot/bin'
[8.785s] Level 1:colcon.colcon_core.environment:checking '/home/kdg/kdg/install/wanderbot/lib/pkgconfig/wanderbot.pc'
[8.785s] Level 1:colcon.colcon_core.environment:checking '/home/kdg/kdg/install/wanderbot/lib/python3.10/site-packages'
[8.785s] Level 1:colcon.colcon_core.environment:checking '/home/kdg/kdg/install/wanderbot/bin'
[8.786s] INFO:colcon.colcon_core.shell:Creating package script '/home/kdg/kdg/install/wanderbot/share/wanderbot/package.ps1'
[8.786s] INFO:colcon.colcon_core.shell:Creating package descriptor '/home/kdg/kdg/install/wanderbot/share/wanderbot/package.dsv'
[8.786s] INFO:colcon.colcon_core.shell:Creating package script '/home/kdg/kdg/install/wanderbot/share/wanderbot/package.sh'
[8.787s] INFO:colcon.colcon_core.shell:Creating package script '/home/kdg/kdg/install/wanderbot/share/wanderbot/package.bash'
[8.787s] INFO:colcon.colcon_core.shell:Creating package script '/home/kdg/kdg/install/wanderbot/share/wanderbot/package.zsh'
[8.787s] Level 1:colcon.colcon_core.environment:create_file_with_runtime_dependencies(/home/kdg/kdg/install/wanderbot/share/colcon-core/packages/wanderbot)
[8.788s] Level 1:colcon.colcon_core.environment:create_environment_scripts_only(wanderbot)
[8.788s] Level 1:colcon.colcon_core.environment:checking '/home/kdg/kdg/install/wanderbot' for CMake module files
[8.788s] Level 1:colcon.colcon_core.environment:checking '/home/kdg/kdg/install/wanderbot' for CMake config files
[8.789s] Level 1:colcon.colcon_core.shell:create_environment_hook('wanderbot', 'cmake_prefix_path')
[8.789s] INFO:colcon.colcon_core.shell:Creating environment hook '/home/kdg/kdg/install/wanderbot/share/wanderbot/hook/cmake_prefix_path.ps1'
[8.789s] INFO:colcon.colcon_core.shell:Creating environment descriptor '/home/kdg/kdg/install/wanderbot/share/wanderbot/hook/cmake_prefix_path.dsv'
[8.790s] INFO:colcon.colcon_core.shell:Creating environment hook '/home/kdg/kdg/install/wanderbot/share/wanderbot/hook/cmake_prefix_path.sh'
[8.790s] Level 1:colcon.colcon_core.environment:checking '/home/kdg/kdg/install/wanderbot/lib'
[8.790s] Level 1:colcon.colcon_core.environment:checking '/home/kdg/kdg/install/wanderbot/bin'
[8.790s] Level 1:colcon.colcon_core.environment:checking '/home/kdg/kdg/install/wanderbot/lib/pkgconfig/wanderbot.pc'
[8.791s] Level 1:colcon.colcon_core.environment:checking '/home/kdg/kdg/install/wanderbot/lib/python3.10/site-packages'
[8.791s] Level 1:colcon.colcon_core.environment:checking '/home/kdg/kdg/install/wanderbot/bin'
[8.791s] INFO:colcon.colcon_core.shell:Creating package script '/home/kdg/kdg/install/wanderbot/share/wanderbot/package.ps1'
[8.791s] INFO:colcon.colcon_core.shell:Creating package descriptor '/home/kdg/kdg/install/wanderbot/share/wanderbot/package.dsv'
[8.792s] INFO:colcon.colcon_core.shell:Creating package script '/home/kdg/kdg/install/wanderbot/share/wanderbot/package.sh'
[8.792s] INFO:colcon.colcon_core.shell:Creating package script '/home/kdg/kdg/install/wanderbot/share/wanderbot/package.bash'
[8.792s] INFO:colcon.colcon_core.shell:Creating package script '/home/kdg/kdg/install/wanderbot/share/wanderbot/package.zsh'
[8.793s] Level 1:colcon.colcon_core.environment:create_file_with_runtime_dependencies(/home/kdg/kdg/install/wanderbot/share/colcon-core/packages/wanderbot)
[8.793s] DEBUG:colcon.colcon_parallel_executor.executor.parallel:closing loop
[8.793s] DEBUG:colcon.colcon_parallel_executor.executor.parallel:loop closed
[8.794s] DEBUG:colcon.colcon_parallel_executor.executor.parallel:run_until_complete finished with '0'
[8.794s] DEBUG:colcon.colcon_core.event_reactor:joining thread
[8.799s] INFO:colcon.colcon_core.plugin_system:Skipping extension 'colcon_notification.desktop_notification.terminal_notifier': Not used on non-Darwin systems
[8.799s] INFO:colcon.colcon_core.plugin_system:Skipping extension 'colcon_notification.desktop_notification.win32': Not used on non-Windows systems
[8.799s] INFO:colcon.colcon_notification.desktop_notification:Sending desktop notification using 'notify2'
[8.812s] DEBUG:colcon.colcon_core.event_reactor:joined thread
[8.813s] INFO:colcon.colcon_core.shell:Creating prefix script '/home/kdg/kdg/install/local_setup.ps1'
[8.814s] INFO:colcon.colcon_core.shell:Creating prefix util module '/home/kdg/kdg/install/_local_setup_util_ps1.py'
[8.815s] INFO:colcon.colcon_core.shell:Creating prefix chain script '/home/kdg/kdg/install/setup.ps1'
[8.816s] INFO:colcon.colcon_core.shell:Creating prefix script '/home/kdg/kdg/install/local_setup.sh'
[8.817s] INFO:colcon.colcon_core.shell:Creating prefix util module '/home/kdg/kdg/install/_local_setup_util_sh.py'
[8.817s] INFO:colcon.colcon_core.shell:Creating prefix chain script '/home/kdg/kdg/install/setup.sh'
[8.819s] INFO:colcon.colcon_core.shell:Creating prefix script '/home/kdg/kdg/install/local_setup.bash'
[8.820s] INFO:colcon.colcon_core.shell:Creating prefix chain script '/home/kdg/kdg/install/setup.bash'
[8.821s] INFO:colcon.colcon_core.shell:Creating prefix script '/home/kdg/kdg/install/local_setup.zsh'
[8.821s] INFO:colcon.colcon_core.shell:Creating prefix chain script '/home/kdg/kdg/install/setup.zsh'
