[0.017s] Invoking command in '/home/kdg/kdg/build/turtlebot3_gazebo': CMAKE_PREFIX_PATH=${CMAKE_PREFIX_PATH}:/opt/ros/humble /usr/bin/cmake --build /home/kdg/kdg/build/turtlebot3_gazebo -- -j16 -l16
[0.040s] -- Found ament_cmake: 1.3.11 (/opt/ros/humble/share/ament_cmake/cmake)
[0.155s] -- Override CMake install command with custom implementation using symlinks instead of copying resources
[0.164s] [33mCMake Warning (dev) at /usr/share/cmake-3.22/Modules/FindPackageHandleStandardArgs.cmake:438 (message):
[0.164s]   The package name passed to `find_package_handle_standard_args` (PkgConfig)
[0.165s]   does not match the name of the calling package (gazebo).  This can lead to
[0.165s]   problems in calling code that expects `find_package` result variables
[0.165s]   (e.g., `_FOUND`) to follow a certain pattern.
[0.165s] Call Stack (most recent call first):
[0.165s]   /usr/share/cmake-3.22/Modules/FindPkgConfig.cmake:99 (find_package_handle_standard_args)
[0.165s]   /usr/lib/x86_64-linux-gnu/cmake/gazebo/gazebo-config.cmake:72 (include)
[0.165s]   CMakeLists.txt:23 (find_package)
[0.165s] This warning is for project developers.  Use -Wno-dev to suppress it.
[0.165s] [0m
[0.181s] -- Found DART: /usr/include (Required is at least version "6.6") found components: dart 
[0.207s] -- Found Protobuf: /usr/lib/x86_64-linux-gnu/libprotobuf.so (found version "3.12.4") 
[0.207s] -- Looking for ignition-math6 -- found version 6.15.1
[0.211s] -- Searching for dependencies of ignition-math6
[0.212s] -- Looking for OGRE...
[0.217s] -- Found Ogre Ghadamon (1.9.0)
[0.218s] -- Found OGRE: optimized;/usr/lib/x86_64-linux-gnu/libOgreMain.so;debug;/usr/lib/x86_64-linux-gnu/libOgreMain.so
[0.225s] -- Looking for OGRE_Paging...
[0.225s] -- Found OGRE_Paging: optimized;/usr/lib/x86_64-linux-gnu/libOgrePaging.so;debug;/usr/lib/x86_64-linux-gnu/libOgrePaging.so
[0.225s] -- Looking for OGRE_Terrain...
[0.225s] -- Found OGRE_Terrain: optimized;/usr/lib/x86_64-linux-gnu/libOgreTerrain.so;debug;/usr/lib/x86_64-linux-gnu/libOgreTerrain.so
[0.225s] -- Looking for OGRE_Property...
[0.225s] -- Found OGRE_Property: optimized;/usr/lib/x86_64-linux-gnu/libOgreProperty.so;debug;/usr/lib/x86_64-linux-gnu/libOgreProperty.so
[0.225s] -- Looking for OGRE_RTShaderSystem...
[0.225s] -- Found OGRE_RTShaderSystem: optimized;/usr/lib/x86_64-linux-gnu/libOgreRTShaderSystem.so;debug;/usr/lib/x86_64-linux-gnu/libOgreRTShaderSystem.so
[0.226s] -- Looking for OGRE_Volume...
[0.226s] -- Found OGRE_Volume: optimized;/usr/lib/x86_64-linux-gnu/libOgreVolume.so;debug;/usr/lib/x86_64-linux-gnu/libOgreVolume.so
[0.226s] -- Looking for OGRE_Overlay...
[0.226s] -- Found OGRE_Overlay: optimized;/usr/lib/x86_64-linux-gnu/libOgreOverlay.so;debug;/usr/lib/x86_64-linux-gnu/libOgreOverlay.so
[0.323s] -- Looking for ignition-math6 -- found version 6.15.1
[0.323s] -- Looking for ignition-transport8 -- found version 8.2.1
[0.323s] -- Searching for dependencies of ignition-transport8
[0.341s] -- Found Protobuf: /usr/lib/x86_64-linux-gnu/libprotobuf.so (found suitable version "3.12.4", minimum required is "3") 
[0.352s] -- Config-file not installed for ZeroMQ -- checking for pkg-config
[0.357s] -- Checking for module 'libzmq >= 4'
[0.370s] --   Found libzmq , version 4.3.4
[0.409s] -- Checking for module 'uuid'
[0.421s] --   Found uuid, version 2.37.2
[0.456s] -- Looking for ignition-msgs5 -- found version 5.8.1
[0.457s] -- Searching for dependencies of ignition-msgs5
[0.476s] -- Looking for ignition-math6 -- found version 6.15.1
[0.481s] -- Checking for module 'tinyxml2'
[0.493s] --   Found tinyxml2, version 9.0.0
[0.525s] -- Looking for ignition-msgs5 -- found version 5.8.1
[0.525s] -- Looking for ignition-common3 -- found version 3.14.0
[0.525s] -- Searching for dependencies of ignition-common3
[0.525s] -- Looking for dlfcn.h - found
[0.525s] -- Looking for libdl - found
[0.537s] -- Searching for <ignition-common3> component [graphics]
[0.537s] -- Looking for ignition-common3-graphics -- found version 3.14.0
[0.537s] -- Searching for dependencies of ignition-common3-graphics
[0.538s] -- Looking for ignition-math6 -- found version 6.15.1
[0.538s] -- Looking for ignition-fuel_tools4 -- found version 4.4.0
[0.539s] -- Searching for dependencies of ignition-fuel_tools4
[0.578s] -- Checking for module 'jsoncpp'
[0.591s] --   Found jsoncpp, version 1.9.5
[0.629s] -- Checking for module 'libzip'
[0.642s] --   Found libzip, version 1.7.3
[0.676s] -- Looking for ignition-common3 -- found version 3.14.0
[0.676s] -- Looking for ignition-math6 -- found version 6.15.1
[0.676s] -- Looking for ignition-msgs5 -- found version 5.8.1
[0.677s] -- Found gazebo_ros_pkgs: 3.9.0 (/opt/ros/humble/share/gazebo_ros_pkgs/cmake)
[0.677s] -- Found geometry_msgs: 4.2.4 (/opt/ros/humble/share/geometry_msgs/cmake)
[0.691s] -- Found rosidl_generator_c: 3.1.6 (/opt/ros/humble/share/rosidl_generator_c/cmake)
[0.693s] -- Found rosidl_adapter: 3.1.6 (/opt/ros/humble/share/rosidl_adapter/cmake)
[0.698s] -- Found rosidl_generator_cpp: 3.1.6 (/opt/ros/humble/share/rosidl_generator_cpp/cmake)
[0.704s] -- Using all available rosidl_typesupport_c: rosidl_typesupport_fastrtps_c;rosidl_typesupport_introspection_c
[0.713s] -- Using all available rosidl_typesupport_cpp: rosidl_typesupport_fastrtps_cpp;rosidl_typesupport_introspection_cpp
[0.739s] -- Found nav_msgs: 4.2.4 (/opt/ros/humble/share/nav_msgs/cmake)
[0.750s] -- Found rclcpp: 16.0.11 (/opt/ros/humble/share/rclcpp/cmake)
[0.767s] -- Found rmw_implementation_cmake: 6.1.2 (/opt/ros/humble/share/rmw_implementation_cmake/cmake)
[0.768s] -- Found rmw_fastrtps_cpp: 6.2.7 (/opt/ros/humble/share/rmw_fastrtps_cpp/cmake)
[0.868s] -- Using RMW implementation 'rmw_fastrtps_cpp' as default
[0.895s] -- Found sensor_msgs: 4.2.4 (/opt/ros/humble/share/sensor_msgs/cmake)
[0.906s] -- Found tf2: 0.25.12 (/opt/ros/humble/share/tf2/cmake)
[0.967s] -- Configuring done
[1.005s] -- Generating done
[1.012s] -- Build files have been written to: /home/kdg/kdg/build/turtlebot3_gazebo
[1.053s] [35m[1mConsolidate compiler generated dependencies of target turtlebot3_drive[0m
[1.063s] [ 37%] [32mBuilding CXX object CMakeFiles/obstacle2.dir/models/turtlebot3_dqn_world/obstacle_plugin/obstacle2.cc.o[0m
[1.064s] [ 37%] [32mBuilding CXX object CMakeFiles/obstacles.dir/models/turtlebot3_dqn_world/obstacle_plugin/obstacles.cc.o[0m
[1.064s] [ 37%] [32mBuilding CXX object CMakeFiles/obstacle1.dir/models/turtlebot3_dqn_world/obstacle_plugin/obstacle1.cc.o[0m
[1.076s] [ 50%] [32mBuilding CXX object CMakeFiles/turtlebot3_drive.dir/src/turtlebot3_drive.cpp.o[0m
[11.853s] [ 62%] [32m[1mLinking CXX executable turtlebot3_drive[0m
[12.226s] [ 75%] [32m[1mLinking CXX shared library libobstacles.so[0m
[12.305s] [ 87%] [32m[1mLinking CXX shared library libobstacle1.so[0m
[12.415s] [ 87%] Built target turtlebot3_drive
[12.519s] [ 87%] Built target obstacles
[12.574s] [ 87%] Built target obstacle1
[12.584s] [100%] [32m[1mLinking CXX shared library libobstacle2.so[0m
[12.749s] [100%] Built target obstacle2
[12.759s] Invoked command in '/home/kdg/kdg/build/turtlebot3_gazebo' returned '0': CMAKE_PREFIX_PATH=${CMAKE_PREFIX_PATH}:/opt/ros/humble /usr/bin/cmake --build /home/kdg/kdg/build/turtlebot3_gazebo -- -j16 -l16
[12.761s] Invoking command in '/home/kdg/kdg/build/turtlebot3_gazebo': CMAKE_PREFIX_PATH=${CMAKE_PREFIX_PATH}:/opt/ros/humble /usr/bin/cmake --install /home/kdg/kdg/build/turtlebot3_gazebo
[12.766s] -- Install configuration: ""
[12.766s] -- Execute custom install script
[12.767s] -- Up-to-date symlink: /home/kdg/kdg/install/turtlebot3_gazebo/lib/turtlebot3_gazebo/turtlebot3_drive
[12.767s] -- Up-to-date symlink: /home/kdg/kdg/install/turtlebot3_gazebo/share/turtlebot3_gazebo//launch/empty_world.launch.py
[12.767s] -- Up-to-date symlink: /home/kdg/kdg/install/turtlebot3_gazebo/share/turtlebot3_gazebo//launch/robot_state_publisher.launch.py
[12.768s] -- Up-to-date symlink: /home/kdg/kdg/install/turtlebot3_gazebo/share/turtlebot3_gazebo//launch/spawn_turtlebot3.launch.py
[12.768s] -- Up-to-date symlink: /home/kdg/kdg/install/turtlebot3_gazebo/share/turtlebot3_gazebo//launch/turtlebot3_dqn_stage1.launch.py
[12.768s] -- Up-to-date symlink: /home/kdg/kdg/install/turtlebot3_gazebo/share/turtlebot3_gazebo//launch/turtlebot3_dqn_stage2.launch.py
[12.768s] -- Up-to-date symlink: /home/kdg/kdg/install/turtlebot3_gazebo/share/turtlebot3_gazebo//launch/turtlebot3_dqn_stage3.launch.py
[12.768s] -- Up-to-date symlink: /home/kdg/kdg/install/turtlebot3_gazebo/share/turtlebot3_gazebo//launch/turtlebot3_dqn_stage4.launch.py
[12.768s] -- Up-to-date symlink: /home/kdg/kdg/install/turtlebot3_gazebo/share/turtlebot3_gazebo//launch/turtlebot3_house.launch.py
[12.768s] -- Up-to-date symlink: /home/kdg/kdg/install/turtlebot3_gazebo/share/turtlebot3_gazebo//launch/turtlebot3_world.launch.py
[12.768s] -- Up-to-date symlink: /home/kdg/kdg/install/turtlebot3_gazebo/share/turtlebot3_gazebo//models/turtlebot3_burger/model-1_4.sdf
[12.769s] -- Up-to-date symlink: /home/kdg/kdg/install/turtlebot3_gazebo/share/turtlebot3_gazebo//models/turtlebot3_burger/model.config
[12.769s] -- Up-to-date symlink: /home/kdg/kdg/install/turtlebot3_gazebo/share/turtlebot3_gazebo//models/turtlebot3_burger/model.sdf
[12.769s] -- Up-to-date symlink: /home/kdg/kdg/install/turtlebot3_gazebo/share/turtlebot3_gazebo//models/turtlebot3_common/meshes/burger_base.dae
[12.769s] -- Up-to-date symlink: /home/kdg/kdg/install/turtlebot3_gazebo/share/turtlebot3_gazebo//models/turtlebot3_common/meshes/lds.dae
[12.769s] -- Up-to-date symlink: /home/kdg/kdg/install/turtlebot3_gazebo/share/turtlebot3_gazebo//models/turtlebot3_common/meshes/r200.dae
[12.769s] -- Up-to-date symlink: /home/kdg/kdg/install/turtlebot3_gazebo/share/turtlebot3_gazebo//models/turtlebot3_common/meshes/tire.dae
[12.770s] -- Up-to-date symlink: /home/kdg/kdg/install/turtlebot3_gazebo/share/turtlebot3_gazebo//models/turtlebot3_common/meshes/waffle_base.dae
[12.770s] -- Up-to-date symlink: /home/kdg/kdg/install/turtlebot3_gazebo/share/turtlebot3_gazebo//models/turtlebot3_common/meshes/waffle_pi_base.dae
[12.770s] -- Up-to-date symlink: /home/kdg/kdg/install/turtlebot3_gazebo/share/turtlebot3_gazebo//models/turtlebot3_common/model.config
[12.770s] -- Up-to-date symlink: /home/kdg/kdg/install/turtlebot3_gazebo/share/turtlebot3_gazebo//models/turtlebot3_dqn_world/goal_box/model.config
[12.770s] -- Up-to-date symlink: /home/kdg/kdg/install/turtlebot3_gazebo/share/turtlebot3_gazebo//models/turtlebot3_dqn_world/goal_box/model.sdf
[12.770s] -- Up-to-date symlink: /home/kdg/kdg/install/turtlebot3_gazebo/share/turtlebot3_gazebo//models/turtlebot3_dqn_world/inner_walls/model.config
[12.770s] -- Up-to-date symlink: /home/kdg/kdg/install/turtlebot3_gazebo/share/turtlebot3_gazebo//models/turtlebot3_dqn_world/inner_walls/model.sdf
[12.770s] -- Up-to-date symlink: /home/kdg/kdg/install/turtlebot3_gazebo/share/turtlebot3_gazebo//models/turtlebot3_dqn_world/model.config
[12.771s] -- Up-to-date symlink: /home/kdg/kdg/install/turtlebot3_gazebo/share/turtlebot3_gazebo//models/turtlebot3_dqn_world/model.sdf
[12.771s] -- Up-to-date symlink: /home/kdg/kdg/install/turtlebot3_gazebo/share/turtlebot3_gazebo//models/turtlebot3_dqn_world/obstacle1/model.config
[12.771s] -- Up-to-date symlink: /home/kdg/kdg/install/turtlebot3_gazebo/share/turtlebot3_gazebo//models/turtlebot3_dqn_world/obstacle1/model.sdf
[12.771s] -- Up-to-date symlink: /home/kdg/kdg/install/turtlebot3_gazebo/share/turtlebot3_gazebo//models/turtlebot3_dqn_world/obstacle2/model.config
[12.771s] -- Up-to-date symlink: /home/kdg/kdg/install/turtlebot3_gazebo/share/turtlebot3_gazebo//models/turtlebot3_dqn_world/obstacle2/model.sdf
[12.771s] -- Symlinking: /home/kdg/kdg/install/turtlebot3_gazebo/share/turtlebot3_gazebo//models/turtlebot3_dqn_world/obstacle_plugin/CMakeLists.txt
[12.777s] -- Symlinking: /home/kdg/kdg/install/turtlebot3_gazebo/share/turtlebot3_gazebo//models/turtlebot3_dqn_world/obstacle_plugin/obstacle1.cc
[12.786s] -- Symlinking: /home/kdg/kdg/install/turtlebot3_gazebo/share/turtlebot3_gazebo//models/turtlebot3_dqn_world/obstacle_plugin/obstacle2.cc
[12.792s] -- Symlinking: /home/kdg/kdg/install/turtlebot3_gazebo/share/turtlebot3_gazebo//models/turtlebot3_dqn_world/obstacle_plugin/obstacles.cc
[12.800s] -- Up-to-date symlink: /home/kdg/kdg/install/turtlebot3_gazebo/share/turtlebot3_gazebo//models/turtlebot3_dqn_world/obstacles/model.config
[12.800s] -- Up-to-date symlink: /home/kdg/kdg/install/turtlebot3_gazebo/share/turtlebot3_gazebo//models/turtlebot3_dqn_world/obstacles/model.sdf
[12.800s] -- Up-to-date symlink: /home/kdg/kdg/install/turtlebot3_gazebo/share/turtlebot3_gazebo//models/turtlebot3_house/model.config
[12.800s] -- Up-to-date symlink: /home/kdg/kdg/install/turtlebot3_gazebo/share/turtlebot3_gazebo//models/turtlebot3_house/model.sdf
[12.801s] -- Up-to-date symlink: /home/kdg/kdg/install/turtlebot3_gazebo/share/turtlebot3_gazebo//models/turtlebot3_waffle/model-1_4.sdf
[12.801s] -- Up-to-date symlink: /home/kdg/kdg/install/turtlebot3_gazebo/share/turtlebot3_gazebo//models/turtlebot3_waffle/model.config
[12.801s] -- Up-to-date symlink: /home/kdg/kdg/install/turtlebot3_gazebo/share/turtlebot3_gazebo//models/turtlebot3_waffle/model.sdf
[12.801s] -- Up-to-date symlink: /home/kdg/kdg/install/turtlebot3_gazebo/share/turtlebot3_gazebo//models/turtlebot3_waffle_pi/model-1_4_.sdf
[12.801s] -- Up-to-date symlink: /home/kdg/kdg/install/turtlebot3_gazebo/share/turtlebot3_gazebo//models/turtlebot3_waffle_pi/model.config
[12.802s] -- Up-to-date symlink: /home/kdg/kdg/install/turtlebot3_gazebo/share/turtlebot3_gazebo//models/turtlebot3_waffle_pi/model.sdf
[12.802s] -- Up-to-date symlink: /home/kdg/kdg/install/turtlebot3_gazebo/share/turtlebot3_gazebo//models/turtlebot3_world/meshes/hexagon.dae
[12.802s] -- Up-to-date symlink: /home/kdg/kdg/install/turtlebot3_gazebo/share/turtlebot3_gazebo//models/turtlebot3_world/meshes/wall.dae
[12.802s] -- Up-to-date symlink: /home/kdg/kdg/install/turtlebot3_gazebo/share/turtlebot3_gazebo//models/turtlebot3_world/model-1_4.sdf
[12.802s] -- Up-to-date symlink: /home/kdg/kdg/install/turtlebot3_gazebo/share/turtlebot3_gazebo//models/turtlebot3_world/model.config
[12.803s] -- Up-to-date symlink: /home/kdg/kdg/install/turtlebot3_gazebo/share/turtlebot3_gazebo//models/turtlebot3_world/model.sdf
[12.803s] -- Up-to-date symlink: /home/kdg/kdg/install/turtlebot3_gazebo/share/turtlebot3_gazebo//rviz/tb3_gazebo.rviz
[12.803s] -- Up-to-date symlink: /home/kdg/kdg/install/turtlebot3_gazebo/share/turtlebot3_gazebo//urdf/common_properties.urdf
[12.803s] -- Up-to-date symlink: /home/kdg/kdg/install/turtlebot3_gazebo/share/turtlebot3_gazebo//urdf/turtlebot3_burger.urdf
[12.803s] -- Up-to-date symlink: /home/kdg/kdg/install/turtlebot3_gazebo/share/turtlebot3_gazebo//urdf/turtlebot3_waffle.urdf
[12.804s] -- Up-to-date symlink: /home/kdg/kdg/install/turtlebot3_gazebo/share/turtlebot3_gazebo//urdf/turtlebot3_waffle_pi.urdf
[12.804s] -- Up-to-date symlink: /home/kdg/kdg/install/turtlebot3_gazebo/share/turtlebot3_gazebo//worlds/empty_world.world
[12.804s] -- Up-to-date symlink: /home/kdg/kdg/install/turtlebot3_gazebo/share/turtlebot3_gazebo//worlds/turtlebot3_dqn_stage1.world
[12.804s] -- Up-to-date symlink: /home/kdg/kdg/install/turtlebot3_gazebo/share/turtlebot3_gazebo//worlds/turtlebot3_dqn_stage2.world
[12.804s] -- Up-to-date symlink: /home/kdg/kdg/install/turtlebot3_gazebo/share/turtlebot3_gazebo//worlds/turtlebot3_dqn_stage3.world
[12.805s] -- Up-to-date symlink: /home/kdg/kdg/install/turtlebot3_gazebo/share/turtlebot3_gazebo//worlds/turtlebot3_dqn_stage4.world
[12.805s] -- Up-to-date symlink: /home/kdg/kdg/install/turtlebot3_gazebo/share/turtlebot3_gazebo//worlds/turtlebot3_house.world
[12.805s] -- Up-to-date symlink: /home/kdg/kdg/install/turtlebot3_gazebo/share/turtlebot3_gazebo//worlds/turtlebot3_world.world
[12.805s] -- Up-to-date symlink: /home/kdg/kdg/install/turtlebot3_gazebo/include//turtlebot3_gazebo/turtlebot3_drive.hpp
[12.805s] -- Up-to-date symlink: /home/kdg/kdg/install/turtlebot3_gazebo/share/ament_index/resource_index/package_run_dependencies/turtlebot3_gazebo
[12.805s] -- Up-to-date symlink: /home/kdg/kdg/install/turtlebot3_gazebo/share/ament_index/resource_index/parent_prefix_path/turtlebot3_gazebo
[12.805s] -- Up-to-date symlink: /home/kdg/kdg/install/turtlebot3_gazebo/share/turtlebot3_gazebo/environment/ament_prefix_path.sh
[12.806s] -- Up-to-date symlink: /home/kdg/kdg/install/turtlebot3_gazebo/share/turtlebot3_gazebo/environment/ament_prefix_path.dsv
[12.806s] -- Up-to-date symlink: /home/kdg/kdg/install/turtlebot3_gazebo/share/turtlebot3_gazebo/environment/path.sh
[12.806s] -- Up-to-date symlink: /home/kdg/kdg/install/turtlebot3_gazebo/share/turtlebot3_gazebo/environment/path.dsv
[12.806s] -- Up-to-date symlink: /home/kdg/kdg/install/turtlebot3_gazebo/share/turtlebot3_gazebo/local_setup.bash
[12.806s] -- Up-to-date symlink: /home/kdg/kdg/install/turtlebot3_gazebo/share/turtlebot3_gazebo/local_setup.sh
[12.806s] -- Up-to-date symlink: /home/kdg/kdg/install/turtlebot3_gazebo/share/turtlebot3_gazebo/local_setup.zsh
[12.806s] -- Up-to-date symlink: /home/kdg/kdg/install/turtlebot3_gazebo/share/turtlebot3_gazebo/local_setup.dsv
[12.806s] -- Symlinking: /home/kdg/kdg/install/turtlebot3_gazebo/share/turtlebot3_gazebo/package.dsv
[12.812s] -- Up-to-date symlink: /home/kdg/kdg/install/turtlebot3_gazebo/share/ament_index/resource_index/packages/turtlebot3_gazebo
[12.812s] -- Up-to-date symlink: /home/kdg/kdg/install/turtlebot3_gazebo/share/turtlebot3_gazebo/cmake/ament_cmake_export_include_directories-extras.cmake
[12.812s] -- Up-to-date symlink: /home/kdg/kdg/install/turtlebot3_gazebo/share/turtlebot3_gazebo/cmake/ament_cmake_export_dependencies-extras.cmake
[12.812s] -- Up-to-date symlink: /home/kdg/kdg/install/turtlebot3_gazebo/share/turtlebot3_gazebo/cmake/turtlebot3_gazeboConfig.cmake
[12.813s] -- Up-to-date symlink: /home/kdg/kdg/install/turtlebot3_gazebo/share/turtlebot3_gazebo/cmake/turtlebot3_gazeboConfig-version.cmake
[12.813s] -- Up-to-date symlink: /home/kdg/kdg/install/turtlebot3_gazebo/share/turtlebot3_gazebo/package.xml
[12.815s] Invoked command in '/home/kdg/kdg/build/turtlebot3_gazebo' returned '0': CMAKE_PREFIX_PATH=${CMAKE_PREFIX_PATH}:/opt/ros/humble /usr/bin/cmake --install /home/kdg/kdg/build/turtlebot3_gazebo
