[0.028s] Invoking command in '/home/kdg/kdg/build/wanderbot': CMAKE_PREFIX_PATH=${CMAKE_PREFIX_PATH}:/opt/ros/humble /usr/bin/cmake --build /home/kdg/kdg/build/wanderbot -- -j16 -l16
[0.210s] [ 75%] [32mBuilding CXX object CMakeFiles/go_scan.dir/src/go_scan.cpp.o[0m
[0.210s] [ 75%] Built target go_rot
[6.704s] [100%] [32m[1mLinking CXX executable go_scan[0m
[7.040s] [100%] Built target go_scan
[7.051s] Invoked command in '/home/kdg/kdg/build/wanderbot' returned '0': CMAKE_PREFIX_PATH=${CMAKE_PREFIX_PATH}:/opt/ros/humble /usr/bin/cmake --build /home/kdg/kdg/build/wanderbot -- -j16 -l16
[7.053s] Invoking command in '/home/kdg/kdg/build/wanderbot': CMAKE_PREFIX_PATH=${CMAKE_PREFIX_PATH}:/opt/ros/humble /usr/bin/cmake --install /home/kdg/kdg/build/wanderbot
[7.059s] -- Install configuration: ""
[7.060s] -- Up-to-date: /home/kdg/kdg/install/wanderbot/lib/wanderbot/go_rot
[7.062s] -- Installing: /home/kdg/kdg/install/wanderbot/lib/wanderbot/go_scan
[7.067s] -- Set runtime path of "/home/kdg/kdg/install/wanderbot/lib/wanderbot/go_scan" to ""
[7.068s] -- Up-to-date: /home/kdg/kdg/install/wanderbot/share/ament_index/resource_index/package_run_dependencies/wanderbot
[7.068s] -- Up-to-date: /home/kdg/kdg/install/wanderbot/share/ament_index/resource_index/parent_prefix_path/wanderbot
[7.068s] -- Up-to-date: /home/kdg/kdg/install/wanderbot/share/wanderbot/environment/ament_prefix_path.sh
[7.068s] -- Up-to-date: /home/kdg/kdg/install/wanderbot/share/wanderbot/environment/ament_prefix_path.dsv
[7.068s] -- Up-to-date: /home/kdg/kdg/install/wanderbot/share/wanderbot/environment/path.sh
[7.068s] -- Up-to-date: /home/kdg/kdg/install/wanderbot/share/wanderbot/environment/path.dsv
[7.068s] -- Up-to-date: /home/kdg/kdg/install/wanderbot/share/wanderbot/local_setup.bash
[7.068s] -- Up-to-date: /home/kdg/kdg/install/wanderbot/share/wanderbot/local_setup.sh
[7.068s] -- Up-to-date: /home/kdg/kdg/install/wanderbot/share/wanderbot/local_setup.zsh
[7.068s] -- Up-to-date: /home/kdg/kdg/install/wanderbot/share/wanderbot/local_setup.dsv
[7.068s] -- Installing: /home/kdg/kdg/install/wanderbot/share/wanderbot/package.dsv
[7.069s] -- Up-to-date: /home/kdg/kdg/install/wanderbot/share/ament_index/resource_index/packages/wanderbot
[7.069s] -- Up-to-date: /home/kdg/kdg/install/wanderbot/share/wanderbot/cmake/wanderbotConfig.cmake
[7.069s] -- Up-to-date: /home/kdg/kdg/install/wanderbot/share/wanderbot/cmake/wanderbotConfig-version.cmake
[7.069s] -- Up-to-date: /home/kdg/kdg/install/wanderbot/share/wanderbot/package.xml
[7.071s] Invoked command in '/home/kdg/kdg/build/wanderbot' returned '0': CMAKE_PREFIX_PATH=${CMAKE_PREFIX_PATH}:/opt/ros/humble /usr/bin/cmake --install /home/kdg/kdg/build/wanderbot
