[0.032s] Invoking command in '/home/kdg/kdg/build/wanderbot': CMAKE_PREFIX_PATH=${CMAKE_PREFIX_PATH}:/opt/ros/humble /usr/bin/cmake --build /home/kdg/kdg/build/wanderbot -- -j16 -l16
[0.125s] [35m[1mConsolidate compiler generated dependencies of target go_scan[0m
[0.164s] [ 75%] [32mBuilding CXX object CMakeFiles/go_scan.dir/src/go_scan.cpp.o[0m
[0.164s] [ 75%] Built target go_rot
[6.818s] [100%] [32m[1mLinking CXX executable go_scan[0m
[7.119s] [100%] Built target go_scan
[7.129s] Invoked command in '/home/kdg/kdg/build/wanderbot' returned '0': CMAKE_PREFIX_PATH=${CMAKE_PREFIX_PATH}:/opt/ros/humble /usr/bin/cmake --build /home/kdg/kdg/build/wanderbot -- -j16 -l16
[7.132s] Invoking command in '/home/kdg/kdg/build/wanderbot': CMAKE_PREFIX_PATH=${CMAKE_PREFIX_PATH}:/opt/ros/humble /usr/bin/cmake --install /home/kdg/kdg/build/wanderbot
[7.138s] -- Install configuration: ""
[7.139s] -- Up-to-date: /home/kdg/kdg/install/wanderbot/lib/wanderbot/go_rot
[7.140s] -- Installing: /home/kdg/kdg/install/wanderbot/lib/wanderbot/go_scan
[7.143s] -- Set runtime path of "/home/kdg/kdg/install/wanderbot/lib/wanderbot/go_scan" to ""
[7.143s] -- Up-to-date: /home/kdg/kdg/install/wanderbot/share/ament_index/resource_index/package_run_dependencies/wanderbot
[7.143s] -- Up-to-date: /home/kdg/kdg/install/wanderbot/share/ament_index/resource_index/parent_prefix_path/wanderbot
[7.144s] -- Up-to-date: /home/kdg/kdg/install/wanderbot/share/wanderbot/environment/ament_prefix_path.sh
[7.144s] -- Up-to-date: /home/kdg/kdg/install/wanderbot/share/wanderbot/environment/ament_prefix_path.dsv
[7.144s] -- Up-to-date: /home/kdg/kdg/install/wanderbot/share/wanderbot/environment/path.sh
[7.144s] -- Up-to-date: /home/kdg/kdg/install/wanderbot/share/wanderbot/environment/path.dsv
[7.144s] -- Up-to-date: /home/kdg/kdg/install/wanderbot/share/wanderbot/local_setup.bash
[7.144s] -- Up-to-date: /home/kdg/kdg/install/wanderbot/share/wanderbot/local_setup.sh
[7.144s] -- Up-to-date: /home/kdg/kdg/install/wanderbot/share/wanderbot/local_setup.zsh
[7.144s] -- Up-to-date: /home/kdg/kdg/install/wanderbot/share/wanderbot/local_setup.dsv
[7.144s] -- Installing: /home/kdg/kdg/install/wanderbot/share/wanderbot/package.dsv
[7.144s] -- Up-to-date: /home/kdg/kdg/install/wanderbot/share/ament_index/resource_index/packages/wanderbot
[7.144s] -- Up-to-date: /home/kdg/kdg/install/wanderbot/share/wanderbot/cmake/wanderbotConfig.cmake
[7.145s] -- Up-to-date: /home/kdg/kdg/install/wanderbot/share/wanderbot/cmake/wanderbotConfig-version.cmake
[7.145s] -- Up-to-date: /home/kdg/kdg/install/wanderbot/share/wanderbot/package.xml
[7.147s] Invoked command in '/home/kdg/kdg/build/wanderbot' returned '0': CMAKE_PREFIX_PATH=${CMAKE_PREFIX_PATH}:/opt/ros/humble /usr/bin/cmake --install /home/kdg/kdg/build/wanderbot
