[0.019s] Invoking command in '/home/kdg/kdg/build/wanderbot': CMAKE_PREFIX_PATH=${CMAKE_PREFIX_PATH}:/opt/ros/humble /usr/bin/cmake /home/kdg/kdg/src/wanderbot -DCMAKE_INSTALL_PREFIX=/home/kdg/kdg/install/wanderbot
[0.141s] -- The C compiler identification is GNU 11.4.0
[0.263s] -- The CXX compiler identification is GNU 11.4.0
[0.271s] -- Detecting C compiler ABI info
[0.348s] -- Detecting C compiler ABI info - done
[0.353s] -- Check for working C compiler: /usr/bin/cc - skipped
[0.354s] -- Detecting C compile features
[0.354s] -- Detecting C compile features - done
[0.357s] -- Detecting CXX compiler ABI info
[0.450s] -- Detecting CXX compiler ABI info - done
[0.455s] -- Check for working CXX compiler: /usr/bin/c++ - skipped
[0.455s] -- Detecting CXX compile features
[0.456s] -- Detecting CXX compile features - done
[0.462s] -- Found ament_cmake: 1.3.11 (/opt/ros/humble/share/ament_cmake/cmake)
[0.613s] -- Found Python3: /usr/bin/python3 (found version "3.10.12") found components: Interpreter 
[0.741s] -- Found geometry_msgs: 4.2.4 (/opt/ros/humble/share/geometry_msgs/cmake)
[0.790s] -- Found rosidl_generator_c: 3.1.6 (/opt/ros/humble/share/rosidl_generator_c/cmake)
[0.797s] -- Found rosidl_adapter: 3.1.6 (/opt/ros/humble/share/rosidl_adapter/cmake)
[0.808s] -- Found rosidl_generator_cpp: 3.1.6 (/opt/ros/humble/share/rosidl_generator_cpp/cmake)
[0.823s] -- Using all available rosidl_typesupport_c: rosidl_typesupport_fastrtps_c;rosidl_typesupport_introspection_c
[0.842s] -- Using all available rosidl_typesupport_cpp: rosidl_typesupport_fastrtps_cpp;rosidl_typesupport_introspection_cpp
[0.883s] -- Found rclcpp: 16.0.11 (/opt/ros/humble/share/rclcpp/cmake)
[0.916s] -- Found rmw_implementation_cmake: 6.1.2 (/opt/ros/humble/share/rmw_implementation_cmake/cmake)
[0.919s] -- Found rmw_fastrtps_cpp: 6.2.7 (/opt/ros/humble/share/rmw_fastrtps_cpp/cmake)
[0.994s] -- Found OpenSSL: /usr/lib/x86_64-linux-gnu/libcrypto.so (found version "3.0.2")  
[1.021s] -- Found FastRTPS: /opt/ros/humble/include  
[1.061s] -- Using RMW implementation 'rmw_fastrtps_cpp' as default
[1.069s] -- Looking for pthread.h
[1.146s] -- Looking for pthread.h - found
[1.146s] -- Performing Test CMAKE_HAVE_LIBC_PTHREAD
[1.218s] -- Performing Test CMAKE_HAVE_LIBC_PTHREAD - Success
[1.219s] -- Found Threads: TRUE  
[1.250s] -- Found ament_lint_auto: 0.12.11 (/opt/ros/humble/share/ament_lint_auto/cmake)
[1.323s] -- Added test 'cppcheck' to perform static code analysis on C / C++ code
[1.323s] -- Configured cppcheck include dirs: 
[1.323s] -- Configured cppcheck exclude dirs and/or files: 
[1.324s] -- Added test 'lint_cmake' to check CMake code style
[1.325s] -- Added test 'uncrustify' to check C / C++ code style
[1.325s] -- Configured uncrustify additional arguments: 
[1.325s] -- Added test 'xmllint' to check XML markup files
[1.326s] -- Configuring done
[1.334s] -- Generating done
[1.337s] -- Build files have been written to: /home/kdg/kdg/build/wanderbot
[1.346s] Invoked command in '/home/kdg/kdg/build/wanderbot' returned '0': CMAKE_PREFIX_PATH=${CMAKE_PREFIX_PATH}:/opt/ros/humble /usr/bin/cmake /home/kdg/kdg/src/wanderbot -DCMAKE_INSTALL_PREFIX=/home/kdg/kdg/install/wanderbot
[1.348s] Invoking command in '/home/kdg/kdg/build/wanderbot': CMAKE_PREFIX_PATH=${CMAKE_PREFIX_PATH}:/opt/ros/humble /usr/bin/cmake --build /home/kdg/kdg/build/wanderbot -- -j16 -l16
[1.387s] [ 50%] [32mBuilding CXX object CMakeFiles/go_rot.dir/src/go_rot.cpp.o[0m
[5.130s] [100%] [32m[1mLinking CXX executable go_rot[0m
[5.318s] [100%] Built target go_rot
[5.328s] Invoked command in '/home/kdg/kdg/build/wanderbot' returned '0': CMAKE_PREFIX_PATH=${CMAKE_PREFIX_PATH}:/opt/ros/humble /usr/bin/cmake --build /home/kdg/kdg/build/wanderbot -- -j16 -l16
[5.329s] Invoking command in '/home/kdg/kdg/build/wanderbot': CMAKE_PREFIX_PATH=${CMAKE_PREFIX_PATH}:/opt/ros/humble /usr/bin/cmake --install /home/kdg/kdg/build/wanderbot
[5.335s] -- Install configuration: ""
[5.335s] -- Installing: /home/kdg/kdg/install/wanderbot/lib/wanderbot/go_rot
[5.336s] -- Set runtime path of "/home/kdg/kdg/install/wanderbot/lib/wanderbot/go_rot" to ""
[5.337s] -- Installing: /home/kdg/kdg/install/wanderbot/share/ament_index/resource_index/package_run_dependencies/wanderbot
[5.337s] -- Installing: /home/kdg/kdg/install/wanderbot/share/ament_index/resource_index/parent_prefix_path/wanderbot
[5.337s] -- Installing: /home/kdg/kdg/install/wanderbot/share/wanderbot/environment/ament_prefix_path.sh
[5.337s] -- Installing: /home/kdg/kdg/install/wanderbot/share/wanderbot/environment/ament_prefix_path.dsv
[5.337s] -- Installing: /home/kdg/kdg/install/wanderbot/share/wanderbot/environment/path.sh
[5.337s] -- Installing: /home/kdg/kdg/install/wanderbot/share/wanderbot/environment/path.dsv
[5.337s] -- Installing: /home/kdg/kdg/install/wanderbot/share/wanderbot/local_setup.bash
[5.338s] -- Installing: /home/kdg/kdg/install/wanderbot/share/wanderbot/local_setup.sh
[5.338s] -- Installing: /home/kdg/kdg/install/wanderbot/share/wanderbot/local_setup.zsh
[5.338s] -- Installing: /home/kdg/kdg/install/wanderbot/share/wanderbot/local_setup.dsv
[5.338s] -- Installing: /home/kdg/kdg/install/wanderbot/share/wanderbot/package.dsv
[5.338s] -- Installing: /home/kdg/kdg/install/wanderbot/share/ament_index/resource_index/packages/wanderbot
[5.338s] -- Installing: /home/kdg/kdg/install/wanderbot/share/wanderbot/cmake/wanderbotConfig.cmake
[5.338s] -- Installing: /home/kdg/kdg/install/wanderbot/share/wanderbot/cmake/wanderbotConfig-version.cmake
[5.339s] -- Installing: /home/kdg/kdg/install/wanderbot/share/wanderbot/package.xml
[5.341s] Invoked command in '/home/kdg/kdg/build/wanderbot' returned '0': CMAKE_PREFIX_PATH=${CMAKE_PREFIX_PATH}:/opt/ros/humble /usr/bin/cmake --install /home/kdg/kdg/build/wanderbot
