[0.020s] Invoking command in '/home/kdg/kdg/build/turtlebot3_fake_node': CMAKE_PREFIX_PATH=${CMAKE_PREFIX_PATH}:/opt/ros/humble /usr/bin/cmake --build /home/kdg/kdg/build/turtlebot3_fake_node -- -j16 -l16
[0.042s] -- Found ament_cmake: 1.3.11 (/opt/ros/humble/share/ament_cmake/cmake)
[0.160s] -- Found geometry_msgs: 4.2.4 (/opt/ros/humble/share/geometry_msgs/cmake)
[0.179s] -- Found rosidl_generator_c: 3.1.6 (/opt/ros/humble/share/rosidl_generator_c/cmake)
[0.181s] -- Found rosidl_adapter: 3.1.6 (/opt/ros/humble/share/rosidl_adapter/cmake)
[0.185s] -- Found rosidl_generator_cpp: 3.1.6 (/opt/ros/humble/share/rosidl_generator_cpp/cmake)
[0.192s] -- Using all available rosidl_typesupport_c: rosidl_typesupport_fastrtps_c;rosidl_typesupport_introspection_c
[0.200s] -- Using all available rosidl_typesupport_cpp: rosidl_typesupport_fastrtps_cpp;rosidl_typesupport_introspection_cpp
[0.228s] -- Found nav_msgs: 4.2.4 (/opt/ros/humble/share/nav_msgs/cmake)
[0.241s] -- Found rclcpp: 16.0.11 (/opt/ros/humble/share/rclcpp/cmake)
[0.259s] -- Found rmw_implementation_cmake: 6.1.2 (/opt/ros/humble/share/rmw_implementation_cmake/cmake)
[0.260s] -- Found rmw_fastrtps_cpp: 6.2.7 (/opt/ros/humble/share/rmw_fastrtps_cpp/cmake)
[0.354s] -- Using RMW implementation 'rmw_fastrtps_cpp' as default
[0.381s] -- Found sensor_msgs: 4.2.4 (/opt/ros/humble/share/sensor_msgs/cmake)
[0.392s] -- Found tf2: 0.25.12 (/opt/ros/humble/share/tf2/cmake)
[0.395s] -- Found tf2_msgs: 0.25.12 (/opt/ros/humble/share/tf2_msgs/cmake)
[0.422s] -- Found turtlebot3_msgs: 2.2.3 (/opt/ros/humble/share/turtlebot3_msgs/cmake)
[0.487s] -- Configuring done
[0.499s] -- Generating done
[0.503s] -- Build files have been written to: /home/kdg/kdg/build/turtlebot3_fake_node
[0.529s] [35m[1mConsolidate compiler generated dependencies of target turtlebot3_fake_node[0m
[0.547s] [ 50%] [32mBuilding CXX object CMakeFiles/turtlebot3_fake_node.dir/src/turtlebot3_fake_node.cpp.o[0m
[9.451s] [100%] [32m[1mLinking CXX executable turtlebot3_fake_node[0m
[9.939s] [100%] Built target turtlebot3_fake_node
[9.951s] Invoked command in '/home/kdg/kdg/build/turtlebot3_fake_node' returned '0': CMAKE_PREFIX_PATH=${CMAKE_PREFIX_PATH}:/opt/ros/humble /usr/bin/cmake --build /home/kdg/kdg/build/turtlebot3_fake_node -- -j16 -l16
[9.953s] Invoking command in '/home/kdg/kdg/build/turtlebot3_fake_node': CMAKE_PREFIX_PATH=${CMAKE_PREFIX_PATH}:/opt/ros/humble /usr/bin/cmake --install /home/kdg/kdg/build/turtlebot3_fake_node
[9.959s] -- Install configuration: ""
[9.959s] -- Installing: /home/kdg/kdg/install/turtlebot3_fake_node/lib/turtlebot3_fake_node/turtlebot3_fake_node
[9.965s] -- Set runtime path of "/home/kdg/kdg/install/turtlebot3_fake_node/lib/turtlebot3_fake_node/turtlebot3_fake_node" to ""
[9.965s] -- Up-to-date: /home/kdg/kdg/install/turtlebot3_fake_node/share/turtlebot3_fake_node/launch
[9.965s] -- Installing: /home/kdg/kdg/install/turtlebot3_fake_node/share/turtlebot3_fake_node/launch/rviz2.launch.py
[9.965s] -- Installing: /home/kdg/kdg/install/turtlebot3_fake_node/share/turtlebot3_fake_node/launch/turtlebot3_fake_node.launch.py
[9.965s] -- Up-to-date: /home/kdg/kdg/install/turtlebot3_fake_node/share/turtlebot3_fake_node/param
[9.966s] -- Installing: /home/kdg/kdg/install/turtlebot3_fake_node/share/turtlebot3_fake_node/param/waffle_pi.yaml
[9.966s] -- Installing: /home/kdg/kdg/install/turtlebot3_fake_node/share/turtlebot3_fake_node/param/burger.yaml
[9.966s] -- Installing: /home/kdg/kdg/install/turtlebot3_fake_node/share/turtlebot3_fake_node/param/waffle.yaml
[9.966s] -- Up-to-date: /home/kdg/kdg/install/turtlebot3_fake_node/include/
[9.966s] -- Up-to-date: /home/kdg/kdg/install/turtlebot3_fake_node/include//turtlebot3_fake_node
[9.966s] -- Installing: /home/kdg/kdg/install/turtlebot3_fake_node/include//turtlebot3_fake_node/turtlebot3_fake_node.hpp
[9.966s] -- Up-to-date: /home/kdg/kdg/install/turtlebot3_fake_node/share/ament_index/resource_index/package_run_dependencies/turtlebot3_fake_node
[9.966s] -- Installing: /home/kdg/kdg/install/turtlebot3_fake_node/share/ament_index/resource_index/parent_prefix_path/turtlebot3_fake_node
[9.966s] -- Up-to-date: /home/kdg/kdg/install/turtlebot3_fake_node/share/turtlebot3_fake_node/environment/ament_prefix_path.sh
[9.966s] -- Installing: /home/kdg/kdg/install/turtlebot3_fake_node/share/turtlebot3_fake_node/environment/ament_prefix_path.dsv
[9.966s] -- Up-to-date: /home/kdg/kdg/install/turtlebot3_fake_node/share/turtlebot3_fake_node/environment/path.sh
[9.966s] -- Installing: /home/kdg/kdg/install/turtlebot3_fake_node/share/turtlebot3_fake_node/environment/path.dsv
[9.966s] -- Up-to-date: /home/kdg/kdg/install/turtlebot3_fake_node/share/turtlebot3_fake_node/local_setup.bash
[9.967s] -- Up-to-date: /home/kdg/kdg/install/turtlebot3_fake_node/share/turtlebot3_fake_node/local_setup.sh
[9.967s] -- Up-to-date: /home/kdg/kdg/install/turtlebot3_fake_node/share/turtlebot3_fake_node/local_setup.zsh
[9.967s] -- Installing: /home/kdg/kdg/install/turtlebot3_fake_node/share/turtlebot3_fake_node/local_setup.dsv
[9.967s] -- Installing: /home/kdg/kdg/install/turtlebot3_fake_node/share/turtlebot3_fake_node/package.dsv
[9.967s] -- Up-to-date: /home/kdg/kdg/install/turtlebot3_fake_node/share/ament_index/resource_index/packages/turtlebot3_fake_node
[9.967s] -- Up-to-date: /home/kdg/kdg/install/turtlebot3_fake_node/share/turtlebot3_fake_node/cmake/ament_cmake_export_include_directories-extras.cmake
[9.967s] -- Up-to-date: /home/kdg/kdg/install/turtlebot3_fake_node/share/turtlebot3_fake_node/cmake/ament_cmake_export_dependencies-extras.cmake
[9.967s] -- Installing: /home/kdg/kdg/install/turtlebot3_fake_node/share/turtlebot3_fake_node/cmake/turtlebot3_fake_nodeConfig.cmake
[9.967s] -- Installing: /home/kdg/kdg/install/turtlebot3_fake_node/share/turtlebot3_fake_node/cmake/turtlebot3_fake_nodeConfig-version.cmake
[9.967s] -- Installing: /home/kdg/kdg/install/turtlebot3_fake_node/share/turtlebot3_fake_node/package.xml
[9.970s] Invoked command in '/home/kdg/kdg/build/turtlebot3_fake_node' returned '0': CMAKE_PREFIX_PATH=${CMAKE_PREFIX_PATH}:/opt/ros/humble /usr/bin/cmake --install /home/kdg/kdg/build/turtlebot3_fake_node
