[ 50%] Built target go_scan
[100%] Built target go_rot
-- Install configuration: ""
-- Up-to-date: /home/kdg/kdg/install/wanderbot/lib/wanderbot/go_rot
-- Up-to-date: /home/kdg/kdg/install/wanderbot/lib/wanderbot/go_scan
-- Up-to-date: /home/kdg/kdg/install/wanderbot/share/ament_index/resource_index/package_run_dependencies/wanderbot
-- Up-to-date: /home/kdg/kdg/install/wanderbot/share/ament_index/resource_index/parent_prefix_path/wanderbot
-- Up-to-date: /home/kdg/kdg/install/wanderbot/share/wanderbot/environment/ament_prefix_path.sh
-- Up-to-date: /home/kdg/kdg/install/wanderbot/share/wanderbot/environment/ament_prefix_path.dsv
-- Up-to-date: /home/kdg/kdg/install/wanderbot/share/wanderbot/environment/path.sh
-- Up-to-date: /home/kdg/kdg/install/wanderbot/share/wanderbot/environment/path.dsv
-- Up-to-date: /home/kdg/kdg/install/wanderbot/share/wanderbot/local_setup.bash
-- Up-to-date: /home/kdg/kdg/install/wanderbot/share/wanderbot/local_setup.sh
-- Up-to-date: /home/kdg/kdg/install/wanderbot/share/wanderbot/local_setup.zsh
-- Up-to-date: /home/kdg/kdg/install/wanderbot/share/wanderbot/local_setup.dsv
-- Installing: /home/kdg/kdg/install/wanderbot/share/wanderbot/package.dsv
-- Up-to-date: /home/kdg/kdg/install/wanderbot/share/ament_index/resource_index/packages/wanderbot
-- Up-to-date: /home/kdg/kdg/install/wanderbot/share/wanderbot/cmake/wanderbotConfig.cmake
-- Up-to-date: /home/kdg/kdg/install/wanderbot/share/wanderbot/cmake/wanderbotConfig-version.cmake
-- Up-to-date: /home/kdg/kdg/install/wanderbot/share/wanderbot/package.xml
