[0.009s] Invoking command in '/home/kdg/kdg/build/turtlebot3_simulations': CMAKE_PREFIX_PATH=/home/kdg/kdg/install/turtlebot3_gazebo:/home/kdg/kdg/install/turtlebot3_fake_node:/usr/lib/x86_64-linux-gnu/cmake/gazebo:/usr/lib/x86_64-linux-gnu/cmake/gazebo:/usr/lib/x86_64-linux-gnu/cmake/gazebo:/usr/share/gazebo-11:/usr/share/gazebo-11:/home/kdg/kdg/install/wanderbot:/home/kdg/kdg/install/turtlebot3_simulations:/home/kdg/kdg/install/topic_ex_c:/usr/lib/x86_64-linux-gnu/cmake/gazebo:/usr/lib/x86_64-linux-gnu/cmake/gazebo:/usr/lib/x86_64-linux-gnu/cmake/gazebo:/usr/share/gazebo-11:/usr/share/gazebo-11:/opt/ros/humble /usr/bin/cmake --build /home/kdg/kdg/build/turtlebot3_simulations -- -j16 -l16
[0.025s] -- Found ament_cmake: 1.3.11 (/opt/ros/humble/share/ament_cmake/cmake)
[0.156s] -- Configuring done
[0.158s] -- Generating done
[0.159s] -- Build files have been written to: /home/kdg/kdg/build/turtlebot3_simulations
[0.177s] Invoked command in '/home/kdg/kdg/build/turtlebot3_simulations' returned '0': CMAKE_PREFIX_PATH=/home/kdg/kdg/install/turtlebot3_gazebo:/home/kdg/kdg/install/turtlebot3_fake_node:/usr/lib/x86_64-linux-gnu/cmake/gazebo:/usr/lib/x86_64-linux-gnu/cmake/gazebo:/usr/lib/x86_64-linux-gnu/cmake/gazebo:/usr/share/gazebo-11:/usr/share/gazebo-11:/home/kdg/kdg/install/wanderbot:/home/kdg/kdg/install/turtlebot3_simulations:/home/kdg/kdg/install/topic_ex_c:/usr/lib/x86_64-linux-gnu/cmake/gazebo:/usr/lib/x86_64-linux-gnu/cmake/gazebo:/usr/lib/x86_64-linux-gnu/cmake/gazebo:/usr/share/gazebo-11:/usr/share/gazebo-11:/opt/ros/humble /usr/bin/cmake --build /home/kdg/kdg/build/turtlebot3_simulations -- -j16 -l16
[0.179s] Invoking command in '/home/kdg/kdg/build/turtlebot3_simulations': CMAKE_PREFIX_PATH=/home/kdg/kdg/install/turtlebot3_gazebo:/home/kdg/kdg/install/turtlebot3_fake_node:/usr/lib/x86_64-linux-gnu/cmake/gazebo:/usr/lib/x86_64-linux-gnu/cmake/gazebo:/usr/lib/x86_64-linux-gnu/cmake/gazebo:/usr/share/gazebo-11:/usr/share/gazebo-11:/home/kdg/kdg/install/wanderbot:/home/kdg/kdg/install/turtlebot3_simulations:/home/kdg/kdg/install/topic_ex_c:/usr/lib/x86_64-linux-gnu/cmake/gazebo:/usr/lib/x86_64-linux-gnu/cmake/gazebo:/usr/lib/x86_64-linux-gnu/cmake/gazebo:/usr/share/gazebo-11:/usr/share/gazebo-11:/opt/ros/humble /usr/bin/cmake --install /home/kdg/kdg/build/turtlebot3_simulations
[0.184s] -- Install configuration: ""
[0.184s] -- Up-to-date: /home/kdg/kdg/install/turtlebot3_simulations/share/ament_index/resource_index/package_run_dependencies/turtlebot3_simulations
[0.184s] -- Installing: /home/kdg/kdg/install/turtlebot3_simulations/share/ament_index/resource_index/parent_prefix_path/turtlebot3_simulations
[0.184s] -- Up-to-date: /home/kdg/kdg/install/turtlebot3_simulations/share/turtlebot3_simulations/environment/ament_prefix_path.sh
[0.184s] -- Installing: /home/kdg/kdg/install/turtlebot3_simulations/share/turtlebot3_simulations/environment/ament_prefix_path.dsv
[0.185s] -- Up-to-date: /home/kdg/kdg/install/turtlebot3_simulations/share/turtlebot3_simulations/environment/path.sh
[0.185s] -- Installing: /home/kdg/kdg/install/turtlebot3_simulations/share/turtlebot3_simulations/environment/path.dsv
[0.185s] -- Up-to-date: /home/kdg/kdg/install/turtlebot3_simulations/share/turtlebot3_simulations/local_setup.bash
[0.185s] -- Up-to-date: /home/kdg/kdg/install/turtlebot3_simulations/share/turtlebot3_simulations/local_setup.sh
[0.185s] -- Up-to-date: /home/kdg/kdg/install/turtlebot3_simulations/share/turtlebot3_simulations/local_setup.zsh
[0.185s] -- Installing: /home/kdg/kdg/install/turtlebot3_simulations/share/turtlebot3_simulations/local_setup.dsv
[0.185s] -- Installing: /home/kdg/kdg/install/turtlebot3_simulations/share/turtlebot3_simulations/package.dsv
[0.186s] -- Up-to-date: /home/kdg/kdg/install/turtlebot3_simulations/share/ament_index/resource_index/packages/turtlebot3_simulations
[0.186s] -- Installing: /home/kdg/kdg/install/turtlebot3_simulations/share/turtlebot3_simulations/cmake/turtlebot3_simulationsConfig.cmake
[0.186s] -- Installing: /home/kdg/kdg/install/turtlebot3_simulations/share/turtlebot3_simulations/cmake/turtlebot3_simulationsConfig-version.cmake
[0.186s] -- Installing: /home/kdg/kdg/install/turtlebot3_simulations/share/turtlebot3_simulations/package.xml
[0.188s] Invoked command in '/home/kdg/kdg/build/turtlebot3_simulations' returned '0': CMAKE_PREFIX_PATH=/home/kdg/kdg/install/turtlebot3_gazebo:/home/kdg/kdg/install/turtlebot3_fake_node:/usr/lib/x86_64-linux-gnu/cmake/gazebo:/usr/lib/x86_64-linux-gnu/cmake/gazebo:/usr/lib/x86_64-linux-gnu/cmake/gazebo:/usr/share/gazebo-11:/usr/share/gazebo-11:/home/kdg/kdg/install/wanderbot:/home/kdg/kdg/install/turtlebot3_simulations:/home/kdg/kdg/install/topic_ex_c:/usr/lib/x86_64-linux-gnu/cmake/gazebo:/usr/lib/x86_64-linux-gnu/cmake/gazebo:/usr/lib/x86_64-linux-gnu/cmake/gazebo:/usr/share/gazebo-11:/usr/share/gazebo-11:/opt/ros/humble /usr/bin/cmake --install /home/kdg/kdg/build/turtlebot3_simulations
