[0.019s] Invoking command in '/home/kdg/kdg/build/topic_ex_c': CMAKE_PREFIX_PATH=${CMAKE_PREFIX_PATH}:/opt/ros/humble /usr/bin/cmake /home/kdg/kdg/src/topic_ex_c -DCMAKE_INSTALL_PREFIX=/home/kdg/kdg/install/topic_ex_c
[0.144s] -- The C compiler identification is GNU 11.4.0
[0.267s] -- The CXX compiler identification is GNU 11.4.0
[0.274s] -- Detecting C compiler ABI info
[0.352s] -- Detecting C compiler ABI info - done
[0.357s] -- Check for working C compiler: /usr/bin/cc - skipped
[0.357s] -- Detecting C compile features
[0.357s] -- Detecting C compile features - done
[0.360s] -- Detecting CXX compiler ABI info
[0.453s] -- Detecting CXX compiler ABI info - done
[0.458s] -- Check for working CXX compiler: /usr/bin/c++ - skipped
[0.459s] -- Detecting CXX compile features
[0.459s] -- Detecting CXX compile features - done
[0.465s] -- Found ament_cmake: 1.3.11 (/opt/ros/humble/share/ament_cmake/cmake)
[0.617s] -- Found Python3: /usr/bin/python3 (found version "3.10.12") found components: Interpreter 
[0.748s] -- Found rclcpp: 16.0.11 (/opt/ros/humble/share/rclcpp/cmake)
[0.794s] -- Found rosidl_generator_c: 3.1.6 (/opt/ros/humble/share/rosidl_generator_c/cmake)
[0.800s] -- Found rosidl_adapter: 3.1.6 (/opt/ros/humble/share/rosidl_adapter/cmake)
[0.812s] -- Found rosidl_generator_cpp: 3.1.6 (/opt/ros/humble/share/rosidl_generator_cpp/cmake)
[0.826s] -- Using all available rosidl_typesupport_c: rosidl_typesupport_fastrtps_c;rosidl_typesupport_introspection_c
[0.845s] -- Using all available rosidl_typesupport_cpp: rosidl_typesupport_fastrtps_cpp;rosidl_typesupport_introspection_cpp
[0.902s] -- Found rmw_implementation_cmake: 6.1.2 (/opt/ros/humble/share/rmw_implementation_cmake/cmake)
[0.905s] -- Found rmw_fastrtps_cpp: 6.2.7 (/opt/ros/humble/share/rmw_fastrtps_cpp/cmake)
[0.988s] -- Found OpenSSL: /usr/lib/x86_64-linux-gnu/libcrypto.so (found version "3.0.2")  
[1.016s] -- Found FastRTPS: /opt/ros/humble/include  
[1.057s] -- Using RMW implementation 'rmw_fastrtps_cpp' as default
[1.068s] -- Looking for pthread.h
[1.149s] -- Looking for pthread.h - found
[1.150s] -- Performing Test CMAKE_HAVE_LIBC_PTHREAD
[1.222s] -- Performing Test CMAKE_HAVE_LIBC_PTHREAD - Success
[1.222s] -- Found Threads: TRUE  
[1.275s] -- Found ament_lint_auto: 0.12.11 (/opt/ros/humble/share/ament_lint_auto/cmake)
[1.339s] -- Added test 'cppcheck' to perform static code analysis on C / C++ code
[1.339s] -- Configured cppcheck include dirs: 
[1.339s] -- Configured cppcheck exclude dirs and/or files: 
[1.339s] -- Added test 'flake8' to check Python code syntax and style conventions
[1.340s] -- Added test 'lint_cmake' to check CMake code style
[1.340s] -- Added test 'pep257' to check Python code against some of the docstring style conventions in PEP 257
[1.341s] -- Added test 'uncrustify' to check C / C++ code style
[1.341s] -- Configured uncrustify additional arguments: 
[1.341s] -- Added test 'xmllint' to check XML markup files
[1.342s] -- Configuring done
[1.352s] -- Generating done
[1.356s] -- Build files have been written to: /home/kdg/kdg/build/topic_ex_c
[1.365s] Invoked command in '/home/kdg/kdg/build/topic_ex_c' returned '0': CMAKE_PREFIX_PATH=${CMAKE_PREFIX_PATH}:/opt/ros/humble /usr/bin/cmake /home/kdg/kdg/src/topic_ex_c -DCMAKE_INSTALL_PREFIX=/home/kdg/kdg/install/topic_ex_c
[1.367s] Invoking command in '/home/kdg/kdg/build/topic_ex_c': CMAKE_PREFIX_PATH=${CMAKE_PREFIX_PATH}:/opt/ros/humble /usr/bin/cmake --build /home/kdg/kdg/build/topic_ex_c -- -j16 -l16
[1.406s] [ 50%] [32mBuilding CXX object CMakeFiles/topic_sub.dir/src/topic_subscriber.cpp.o[0m
[1.406s] [ 50%] [32mBuilding CXX object CMakeFiles/topic_pub.dir/src/topic_publisher.cpp.o[0m
[5.126s] [ 75%] [32m[1mLinking CXX executable topic_pub[0m
[5.320s] [ 75%] Built target topic_pub
[7.985s] [100%] [32m[1mLinking CXX executable topic_sub[0m
[8.246s] [100%] Built target topic_sub
[8.255s] Invoked command in '/home/kdg/kdg/build/topic_ex_c' returned '0': CMAKE_PREFIX_PATH=${CMAKE_PREFIX_PATH}:/opt/ros/humble /usr/bin/cmake --build /home/kdg/kdg/build/topic_ex_c -- -j16 -l16
[8.257s] Invoking command in '/home/kdg/kdg/build/topic_ex_c': CMAKE_PREFIX_PATH=${CMAKE_PREFIX_PATH}:/opt/ros/humble /usr/bin/cmake --install /home/kdg/kdg/build/topic_ex_c
[8.263s] -- Install configuration: ""
[8.263s] -- Installing: /home/kdg/kdg/install/topic_ex_c/lib/topic_ex_c/topic_pub
[8.264s] -- Set runtime path of "/home/kdg/kdg/install/topic_ex_c/lib/topic_ex_c/topic_pub" to ""
[8.264s] -- Installing: /home/kdg/kdg/install/topic_ex_c/lib/topic_ex_c/topic_sub
[8.268s] -- Set runtime path of "/home/kdg/kdg/install/topic_ex_c/lib/topic_ex_c/topic_sub" to ""
[8.268s] -- Installing: /home/kdg/kdg/install/topic_ex_c/share/ament_index/resource_index/package_run_dependencies/topic_ex_c
[8.268s] -- Installing: /home/kdg/kdg/install/topic_ex_c/share/ament_index/resource_index/parent_prefix_path/topic_ex_c
[8.268s] -- Installing: /home/kdg/kdg/install/topic_ex_c/share/topic_ex_c/environment/ament_prefix_path.sh
[8.268s] -- Installing: /home/kdg/kdg/install/topic_ex_c/share/topic_ex_c/environment/ament_prefix_path.dsv
[8.269s] -- Installing: /home/kdg/kdg/install/topic_ex_c/share/topic_ex_c/environment/path.sh
[8.269s] -- Installing: /home/kdg/kdg/install/topic_ex_c/share/topic_ex_c/environment/path.dsv
[8.269s] -- Installing: /home/kdg/kdg/install/topic_ex_c/share/topic_ex_c/local_setup.bash
[8.269s] -- Installing: /home/kdg/kdg/install/topic_ex_c/share/topic_ex_c/local_setup.sh
[8.269s] -- Installing: /home/kdg/kdg/install/topic_ex_c/share/topic_ex_c/local_setup.zsh
[8.269s] -- Installing: /home/kdg/kdg/install/topic_ex_c/share/topic_ex_c/local_setup.dsv
[8.269s] -- Installing: /home/kdg/kdg/install/topic_ex_c/share/topic_ex_c/package.dsv
[8.269s] -- Installing: /home/kdg/kdg/install/topic_ex_c/share/ament_index/resource_index/packages/topic_ex_c
[8.270s] -- Installing: /home/kdg/kdg/install/topic_ex_c/share/topic_ex_c/cmake/topic_ex_cConfig.cmake
[8.270s] -- Installing: /home/kdg/kdg/install/topic_ex_c/share/topic_ex_c/cmake/topic_ex_cConfig-version.cmake
[8.270s] -- Installing: /home/kdg/kdg/install/topic_ex_c/share/topic_ex_c/package.xml
[8.272s] Invoked command in '/home/kdg/kdg/build/topic_ex_c' returned '0': CMAKE_PREFIX_PATH=${CMAKE_PREFIX_PATH}:/opt/ros/humble /usr/bin/cmake --install /home/kdg/kdg/build/topic_ex_c
