[0.265s] DEBUG:colcon:Command line arguments: ['/usr/bin/colcon', 'build']
[0.266s] DEBUG:colcon:Parsed command line arguments: Namespace(log_base=None, log_level=None, verb_name='build', build_base='build', install_base='install', merge_install=False, symlink_install=False, test_result_base=None, continue_on_error=False, executor='parallel', parallel_workers=16, event_handlers=None, ignore_user_meta=False, metas=['./colcon.meta'], base_paths=['.'], packages_ignore=None, packages_ignore_regex=None, paths=None, packages_up_to=None, packages_up_to_regex=None, packages_above=None, packages_above_and_dependencies=None, packages_above_depth=None, packages_select_by_dep=None, packages_skip_by_dep=None, packages_skip_up_to=None, packages_select_build_failed=False, packages_skip_build_finished=False, packages_select_test_failures=False, packages_skip_test_passed=False, packages_select=None, packages_skip=None, packages_select_regex=None, packages_skip_regex=None, packages_start=None, packages_end=None, allow_overriding=[], cmake_args=None, cmake_target=None, cmake_target_skip_unavailable=False, cmake_clean_cache=False, cmake_clean_first=False, cmake_force_configure=False, ament_cmake_args=None, catkin_cmake_args=None, catkin_skip_building_tests=False, verb_parser=<colcon_defaults.argument_parser.defaults.DefaultArgumentsDecorator object at 0x71bb54f236d0>, verb_extension=<colcon_core.verb.build.BuildVerb object at 0x71bb550cc3a0>, main=<bound method BuildVerb.main of <colcon_core.verb.build.BuildVerb object at 0x71bb550cc3a0>>)
[0.542s] Level 1:colcon.colcon_core.package_discovery:discover_packages(colcon_meta) check parameters
[0.542s] Level 1:colcon.colcon_core.package_discovery:discover_packages(recursive) check parameters
[0.542s] Level 1:colcon.colcon_core.package_discovery:discover_packages(ignore) check parameters
[0.542s] Level 1:colcon.colcon_core.package_discovery:discover_packages(path) check parameters
[0.542s] Level 1:colcon.colcon_core.package_discovery:discover_packages(colcon_meta) discover
[0.542s] Level 1:colcon.colcon_core.package_discovery:discover_packages(recursive) discover
[0.542s] INFO:colcon.colcon_core.package_discovery:Crawling recursively for packages in '/home/kdg/kdg'
[0.542s] Level 1:colcon.colcon_core.package_identification:_identify(.) by extensions ['ignore', 'ignore_ament_install']
[0.542s] Level 1:colcon.colcon_core.package_identification:_identify(.) by extension 'ignore'
[0.542s] Level 1:colcon.colcon_core.package_identification:_identify(.) by extension 'ignore_ament_install'
[0.542s] Level 1:colcon.colcon_core.package_identification:_identify(.) by extensions ['colcon_pkg']
[0.542s] Level 1:colcon.colcon_core.package_identification:_identify(.) by extension 'colcon_pkg'
[0.542s] Level 1:colcon.colcon_core.package_identification:_identify(.) by extensions ['colcon_meta']
[0.542s] Level 1:colcon.colcon_core.package_identification:_identify(.) by extension 'colcon_meta'
[0.542s] Level 1:colcon.colcon_core.package_identification:_identify(.) by extensions ['ros']
[0.542s] Level 1:colcon.colcon_core.package_identification:_identify(.) by extension 'ros'
[0.553s] Level 1:colcon.colcon_core.package_identification:_identify(.) by extensions ['cmake', 'python']
[0.553s] Level 1:colcon.colcon_core.package_identification:_identify(.) by extension 'cmake'
[0.553s] Level 1:colcon.colcon_core.package_identification:_identify(.) by extension 'python'
[0.553s] Level 1:colcon.colcon_core.package_identification:_identify(.) by extensions ['python_setup_py']
[0.553s] Level 1:colcon.colcon_core.package_identification:_identify(.) by extension 'python_setup_py'
[0.553s] Level 1:colcon.colcon_core.package_identification:_identify(build) by extensions ['ignore', 'ignore_ament_install']
[0.553s] Level 1:colcon.colcon_core.package_identification:_identify(build) by extension 'ignore'
[0.553s] Level 1:colcon.colcon_core.package_identification:_identify(build) ignored
[0.554s] Level 1:colcon.colcon_core.package_identification:_identify(install) by extensions ['ignore', 'ignore_ament_install']
[0.554s] Level 1:colcon.colcon_core.package_identification:_identify(install) by extension 'ignore'
[0.554s] Level 1:colcon.colcon_core.package_identification:_identify(install) ignored
[0.554s] Level 1:colcon.colcon_core.package_identification:_identify(log) by extensions ['ignore', 'ignore_ament_install']
[0.554s] Level 1:colcon.colcon_core.package_identification:_identify(log) by extension 'ignore'
[0.554s] Level 1:colcon.colcon_core.package_identification:_identify(log) ignored
[0.554s] Level 1:colcon.colcon_core.package_identification:_identify(src) by extensions ['ignore', 'ignore_ament_install']
[0.554s] Level 1:colcon.colcon_core.package_identification:_identify(src) by extension 'ignore'
[0.554s] Level 1:colcon.colcon_core.package_identification:_identify(src) by extension 'ignore_ament_install'
[0.554s] Level 1:colcon.colcon_core.package_identification:_identify(src) by extensions ['colcon_pkg']
[0.554s] Level 1:colcon.colcon_core.package_identification:_identify(src) by extension 'colcon_pkg'
[0.554s] Level 1:colcon.colcon_core.package_identification:_identify(src) by extensions ['colcon_meta']
[0.554s] Level 1:colcon.colcon_core.package_identification:_identify(src) by extension 'colcon_meta'
[0.554s] Level 1:colcon.colcon_core.package_identification:_identify(src) by extensions ['ros']
[0.554s] Level 1:colcon.colcon_core.package_identification:_identify(src) by extension 'ros'
[0.554s] Level 1:colcon.colcon_core.package_identification:_identify(src) by extensions ['cmake', 'python']
[0.554s] Level 1:colcon.colcon_core.package_identification:_identify(src) by extension 'cmake'
[0.554s] Level 1:colcon.colcon_core.package_identification:_identify(src) by extension 'python'
[0.554s] Level 1:colcon.colcon_core.package_identification:_identify(src) by extensions ['python_setup_py']
[0.555s] Level 1:colcon.colcon_core.package_identification:_identify(src) by extension 'python_setup_py'
[0.555s] Level 1:colcon.colcon_core.package_identification:_identify(src/topic_ex_c) by extensions ['ignore', 'ignore_ament_install']
[0.555s] Level 1:colcon.colcon_core.package_identification:_identify(src/topic_ex_c) by extension 'ignore'
[0.555s] Level 1:colcon.colcon_core.package_identification:_identify(src/topic_ex_c) by extension 'ignore_ament_install'
[0.555s] Level 1:colcon.colcon_core.package_identification:_identify(src/topic_ex_c) by extensions ['colcon_pkg']
[0.555s] Level 1:colcon.colcon_core.package_identification:_identify(src/topic_ex_c) by extension 'colcon_pkg'
[0.555s] Level 1:colcon.colcon_core.package_identification:_identify(src/topic_ex_c) by extensions ['colcon_meta']
[0.555s] Level 1:colcon.colcon_core.package_identification:_identify(src/topic_ex_c) by extension 'colcon_meta'
[0.555s] Level 1:colcon.colcon_core.package_identification:_identify(src/topic_ex_c) by extensions ['ros']
[0.555s] Level 1:colcon.colcon_core.package_identification:_identify(src/topic_ex_c) by extension 'ros'
[0.558s] DEBUG:colcon.colcon_core.package_identification:Package 'src/topic_ex_c' with type 'ros.ament_cmake' and name 'topic_ex_c'
[0.558s] Level 1:colcon.colcon_core.package_identification:_identify(src/turtlebot3_simulations) by extensions ['ignore', 'ignore_ament_install']
[0.558s] Level 1:colcon.colcon_core.package_identification:_identify(src/turtlebot3_simulations) by extension 'ignore'
[0.558s] Level 1:colcon.colcon_core.package_identification:_identify(src/turtlebot3_simulations) by extension 'ignore_ament_install'
[0.558s] Level 1:colcon.colcon_core.package_identification:_identify(src/turtlebot3_simulations) by extensions ['colcon_pkg']
[0.558s] Level 1:colcon.colcon_core.package_identification:_identify(src/turtlebot3_simulations) by extension 'colcon_pkg'
[0.558s] Level 1:colcon.colcon_core.package_identification:_identify(src/turtlebot3_simulations) by extensions ['colcon_meta']
[0.558s] Level 1:colcon.colcon_core.package_identification:_identify(src/turtlebot3_simulations) by extension 'colcon_meta'
[0.558s] Level 1:colcon.colcon_core.package_identification:_identify(src/turtlebot3_simulations) by extensions ['ros']
[0.558s] Level 1:colcon.colcon_core.package_identification:_identify(src/turtlebot3_simulations) by extension 'ros'
[0.558s] Level 1:colcon.colcon_core.package_identification:_identify(src/turtlebot3_simulations) by extensions ['cmake', 'python']
[0.558s] Level 1:colcon.colcon_core.package_identification:_identify(src/turtlebot3_simulations) by extension 'cmake'
[0.558s] Level 1:colcon.colcon_core.package_identification:_identify(src/turtlebot3_simulations) by extension 'python'
[0.558s] Level 1:colcon.colcon_core.package_identification:_identify(src/turtlebot3_simulations) by extensions ['python_setup_py']
[0.558s] Level 1:colcon.colcon_core.package_identification:_identify(src/turtlebot3_simulations) by extension 'python_setup_py'
[0.559s] Level 1:colcon.colcon_core.package_identification:_identify(src/turtlebot3_simulations/turtlebot3_fake_node) by extensions ['ignore', 'ignore_ament_install']
[0.559s] Level 1:colcon.colcon_core.package_identification:_identify(src/turtlebot3_simulations/turtlebot3_fake_node) by extension 'ignore'
[0.559s] Level 1:colcon.colcon_core.package_identification:_identify(src/turtlebot3_simulations/turtlebot3_fake_node) by extension 'ignore_ament_install'
[0.559s] Level 1:colcon.colcon_core.package_identification:_identify(src/turtlebot3_simulations/turtlebot3_fake_node) by extensions ['colcon_pkg']
[0.559s] Level 1:colcon.colcon_core.package_identification:_identify(src/turtlebot3_simulations/turtlebot3_fake_node) by extension 'colcon_pkg'
[0.559s] Level 1:colcon.colcon_core.package_identification:_identify(src/turtlebot3_simulations/turtlebot3_fake_node) by extensions ['colcon_meta']
[0.559s] Level 1:colcon.colcon_core.package_identification:_identify(src/turtlebot3_simulations/turtlebot3_fake_node) by extension 'colcon_meta'
[0.559s] Level 1:colcon.colcon_core.package_identification:_identify(src/turtlebot3_simulations/turtlebot3_fake_node) by extensions ['ros']
[0.559s] Level 1:colcon.colcon_core.package_identification:_identify(src/turtlebot3_simulations/turtlebot3_fake_node) by extension 'ros'
[0.560s] DEBUG:colcon.colcon_core.package_identification:Package 'src/turtlebot3_simulations/turtlebot3_fake_node' with type 'ros.ament_cmake' and name 'turtlebot3_fake_node'
[0.560s] Level 1:colcon.colcon_core.package_identification:_identify(src/turtlebot3_simulations/turtlebot3_gazebo) by extensions ['ignore', 'ignore_ament_install']
[0.560s] Level 1:colcon.colcon_core.package_identification:_identify(src/turtlebot3_simulations/turtlebot3_gazebo) by extension 'ignore'
[0.560s] Level 1:colcon.colcon_core.package_identification:_identify(src/turtlebot3_simulations/turtlebot3_gazebo) by extension 'ignore_ament_install'
[0.560s] Level 1:colcon.colcon_core.package_identification:_identify(src/turtlebot3_simulations/turtlebot3_gazebo) by extensions ['colcon_pkg']
[0.560s] Level 1:colcon.colcon_core.package_identification:_identify(src/turtlebot3_simulations/turtlebot3_gazebo) by extension 'colcon_pkg'
[0.560s] Level 1:colcon.colcon_core.package_identification:_identify(src/turtlebot3_simulations/turtlebot3_gazebo) by extensions ['colcon_meta']
[0.560s] Level 1:colcon.colcon_core.package_identification:_identify(src/turtlebot3_simulations/turtlebot3_gazebo) by extension 'colcon_meta'
[0.560s] Level 1:colcon.colcon_core.package_identification:_identify(src/turtlebot3_simulations/turtlebot3_gazebo) by extensions ['ros']
[0.560s] Level 1:colcon.colcon_core.package_identification:_identify(src/turtlebot3_simulations/turtlebot3_gazebo) by extension 'ros'
[0.561s] DEBUG:colcon.colcon_core.package_identification:Package 'src/turtlebot3_simulations/turtlebot3_gazebo' with type 'ros.ament_cmake' and name 'turtlebot3_gazebo'
[0.561s] Level 1:colcon.colcon_core.package_identification:_identify(src/turtlebot3_simulations/turtlebot3_simulations) by extensions ['ignore', 'ignore_ament_install']
[0.561s] Level 1:colcon.colcon_core.package_identification:_identify(src/turtlebot3_simulations/turtlebot3_simulations) by extension 'ignore'
[0.561s] Level 1:colcon.colcon_core.package_identification:_identify(src/turtlebot3_simulations/turtlebot3_simulations) by extension 'ignore_ament_install'
[0.562s] Level 1:colcon.colcon_core.package_identification:_identify(src/turtlebot3_simulations/turtlebot3_simulations) by extensions ['colcon_pkg']
[0.562s] Level 1:colcon.colcon_core.package_identification:_identify(src/turtlebot3_simulations/turtlebot3_simulations) by extension 'colcon_pkg'
[0.562s] Level 1:colcon.colcon_core.package_identification:_identify(src/turtlebot3_simulations/turtlebot3_simulations) by extensions ['colcon_meta']
[0.562s] Level 1:colcon.colcon_core.package_identification:_identify(src/turtlebot3_simulations/turtlebot3_simulations) by extension 'colcon_meta'
[0.562s] Level 1:colcon.colcon_core.package_identification:_identify(src/turtlebot3_simulations/turtlebot3_simulations) by extensions ['ros']
[0.562s] Level 1:colcon.colcon_core.package_identification:_identify(src/turtlebot3_simulations/turtlebot3_simulations) by extension 'ros'
[0.562s] DEBUG:colcon.colcon_core.package_identification:Package 'src/turtlebot3_simulations/turtlebot3_simulations' with type 'ros.ament_cmake' and name 'turtlebot3_simulations'
[0.562s] Level 1:colcon.colcon_core.package_identification:_identify(src/wanderbot) by extensions ['ignore', 'ignore_ament_install']
[0.563s] Level 1:colcon.colcon_core.package_identification:_identify(src/wanderbot) by extension 'ignore'
[0.563s] Level 1:colcon.colcon_core.package_identification:_identify(src/wanderbot) by extension 'ignore_ament_install'
[0.563s] Level 1:colcon.colcon_core.package_identification:_identify(src/wanderbot) by extensions ['colcon_pkg']
[0.563s] Level 1:colcon.colcon_core.package_identification:_identify(src/wanderbot) by extension 'colcon_pkg'
[0.563s] Level 1:colcon.colcon_core.package_identification:_identify(src/wanderbot) by extensions ['colcon_meta']
[0.563s] Level 1:colcon.colcon_core.package_identification:_identify(src/wanderbot) by extension 'colcon_meta'
[0.563s] Level 1:colcon.colcon_core.package_identification:_identify(src/wanderbot) by extensions ['ros']
[0.563s] Level 1:colcon.colcon_core.package_identification:_identify(src/wanderbot) by extension 'ros'
[0.563s] DEBUG:colcon.colcon_core.package_identification:Package 'src/wanderbot' with type 'ros.ament_cmake' and name 'wanderbot'
[0.563s] Level 1:colcon.colcon_core.package_discovery:discover_packages(recursive) using defaults
[0.563s] Level 1:colcon.colcon_core.package_discovery:discover_packages(ignore) discover
[0.563s] Level 1:colcon.colcon_core.package_discovery:discover_packages(ignore) using defaults
[0.563s] Level 1:colcon.colcon_core.package_discovery:discover_packages(path) discover
[0.563s] Level 1:colcon.colcon_core.package_discovery:discover_packages(path) using defaults
[0.598s] Level 1:colcon.colcon_core.package_discovery:discover_packages(prefix_path) check parameters
[0.598s] Level 1:colcon.colcon_core.package_discovery:discover_packages(prefix_path) discover
[0.602s] DEBUG:colcon.colcon_installed_package_information.package_discovery:Found 374 installed packages in /opt/ros/humble
[0.603s] Level 1:colcon.colcon_core.package_discovery:discover_packages(prefix_path) using defaults
[0.634s] Level 5:colcon.colcon_core.verb:set package 'topic_ex_c' build argument 'cmake_args' from command line to 'None'
[0.635s] Level 5:colcon.colcon_core.verb:set package 'topic_ex_c' build argument 'cmake_target' from command line to 'None'
[0.635s] Level 5:colcon.colcon_core.verb:set package 'topic_ex_c' build argument 'cmake_target_skip_unavailable' from command line to 'False'
[0.635s] Level 5:colcon.colcon_core.verb:set package 'topic_ex_c' build argument 'cmake_clean_cache' from command line to 'False'
[0.635s] Level 5:colcon.colcon_core.verb:set package 'topic_ex_c' build argument 'cmake_clean_first' from command line to 'False'
[0.635s] Level 5:colcon.colcon_core.verb:set package 'topic_ex_c' build argument 'cmake_force_configure' from command line to 'False'
[0.635s] Level 5:colcon.colcon_core.verb:set package 'topic_ex_c' build argument 'ament_cmake_args' from command line to 'None'
[0.635s] Level 5:colcon.colcon_core.verb:set package 'topic_ex_c' build argument 'catkin_cmake_args' from command line to 'None'
[0.635s] Level 5:colcon.colcon_core.verb:set package 'topic_ex_c' build argument 'catkin_skip_building_tests' from command line to 'False'
[0.635s] DEBUG:colcon.colcon_core.verb:Building package 'topic_ex_c' with the following arguments: {'ament_cmake_args': None, 'build_base': '/home/kdg/kdg/build/topic_ex_c', 'catkin_cmake_args': None, 'catkin_skip_building_tests': False, 'cmake_args': None, 'cmake_clean_cache': False, 'cmake_clean_first': False, 'cmake_force_configure': False, 'cmake_target': None, 'cmake_target_skip_unavailable': False, 'install_base': '/home/kdg/kdg/install/topic_ex_c', 'merge_install': False, 'path': '/home/kdg/kdg/src/topic_ex_c', 'symlink_install': False, 'test_result_base': None}
[0.635s] Level 5:colcon.colcon_core.verb:set package 'turtlebot3_fake_node' build argument 'cmake_args' from command line to 'None'
[0.635s] Level 5:colcon.colcon_core.verb:set package 'turtlebot3_fake_node' build argument 'cmake_target' from command line to 'None'
[0.635s] Level 5:colcon.colcon_core.verb:set package 'turtlebot3_fake_node' build argument 'cmake_target_skip_unavailable' from command line to 'False'
[0.635s] Level 5:colcon.colcon_core.verb:set package 'turtlebot3_fake_node' build argument 'cmake_clean_cache' from command line to 'False'
[0.635s] Level 5:colcon.colcon_core.verb:set package 'turtlebot3_fake_node' build argument 'cmake_clean_first' from command line to 'False'
[0.635s] Level 5:colcon.colcon_core.verb:set package 'turtlebot3_fake_node' build argument 'cmake_force_configure' from command line to 'False'
[0.635s] Level 5:colcon.colcon_core.verb:set package 'turtlebot3_fake_node' build argument 'ament_cmake_args' from command line to 'None'
[0.635s] Level 5:colcon.colcon_core.verb:set package 'turtlebot3_fake_node' build argument 'catkin_cmake_args' from command line to 'None'
[0.635s] Level 5:colcon.colcon_core.verb:set package 'turtlebot3_fake_node' build argument 'catkin_skip_building_tests' from command line to 'False'
[0.635s] DEBUG:colcon.colcon_core.verb:Building package 'turtlebot3_fake_node' with the following arguments: {'ament_cmake_args': None, 'build_base': '/home/kdg/kdg/build/turtlebot3_fake_node', 'catkin_cmake_args': None, 'catkin_skip_building_tests': False, 'cmake_args': None, 'cmake_clean_cache': False, 'cmake_clean_first': False, 'cmake_force_configure': False, 'cmake_target': None, 'cmake_target_skip_unavailable': False, 'install_base': '/home/kdg/kdg/install/turtlebot3_fake_node', 'merge_install': False, 'path': '/home/kdg/kdg/src/turtlebot3_simulations/turtlebot3_fake_node', 'symlink_install': False, 'test_result_base': None}
[0.635s] Level 5:colcon.colcon_core.verb:set package 'turtlebot3_gazebo' build argument 'cmake_args' from command line to 'None'
[0.635s] Level 5:colcon.colcon_core.verb:set package 'turtlebot3_gazebo' build argument 'cmake_target' from command line to 'None'
[0.635s] Level 5:colcon.colcon_core.verb:set package 'turtlebot3_gazebo' build argument 'cmake_target_skip_unavailable' from command line to 'False'
[0.635s] Level 5:colcon.colcon_core.verb:set package 'turtlebot3_gazebo' build argument 'cmake_clean_cache' from command line to 'False'
[0.635s] Level 5:colcon.colcon_core.verb:set package 'turtlebot3_gazebo' build argument 'cmake_clean_first' from command line to 'False'
[0.635s] Level 5:colcon.colcon_core.verb:set package 'turtlebot3_gazebo' build argument 'cmake_force_configure' from command line to 'False'
[0.635s] Level 5:colcon.colcon_core.verb:set package 'turtlebot3_gazebo' build argument 'ament_cmake_args' from command line to 'None'
[0.635s] Level 5:colcon.colcon_core.verb:set package 'turtlebot3_gazebo' build argument 'catkin_cmake_args' from command line to 'None'
[0.635s] Level 5:colcon.colcon_core.verb:set package 'turtlebot3_gazebo' build argument 'catkin_skip_building_tests' from command line to 'False'
[0.635s] DEBUG:colcon.colcon_core.verb:Building package 'turtlebot3_gazebo' with the following arguments: {'ament_cmake_args': None, 'build_base': '/home/kdg/kdg/build/turtlebot3_gazebo', 'catkin_cmake_args': None, 'catkin_skip_building_tests': False, 'cmake_args': None, 'cmake_clean_cache': False, 'cmake_clean_first': False, 'cmake_force_configure': False, 'cmake_target': None, 'cmake_target_skip_unavailable': False, 'install_base': '/home/kdg/kdg/install/turtlebot3_gazebo', 'merge_install': False, 'path': '/home/kdg/kdg/src/turtlebot3_simulations/turtlebot3_gazebo', 'symlink_install': False, 'test_result_base': None}
[0.636s] Level 5:colcon.colcon_core.verb:set package 'wanderbot' build argument 'cmake_args' from command line to 'None'
[0.636s] Level 5:colcon.colcon_core.verb:set package 'wanderbot' build argument 'cmake_target' from command line to 'None'
[0.636s] Level 5:colcon.colcon_core.verb:set package 'wanderbot' build argument 'cmake_target_skip_unavailable' from command line to 'False'
[0.636s] Level 5:colcon.colcon_core.verb:set package 'wanderbot' build argument 'cmake_clean_cache' from command line to 'False'
[0.636s] Level 5:colcon.colcon_core.verb:set package 'wanderbot' build argument 'cmake_clean_first' from command line to 'False'
[0.636s] Level 5:colcon.colcon_core.verb:set package 'wanderbot' build argument 'cmake_force_configure' from command line to 'False'
[0.636s] Level 5:colcon.colcon_core.verb:set package 'wanderbot' build argument 'ament_cmake_args' from command line to 'None'
[0.636s] Level 5:colcon.colcon_core.verb:set package 'wanderbot' build argument 'catkin_cmake_args' from command line to 'None'
[0.636s] Level 5:colcon.colcon_core.verb:set package 'wanderbot' build argument 'catkin_skip_building_tests' from command line to 'False'
[0.636s] DEBUG:colcon.colcon_core.verb:Building package 'wanderbot' with the following arguments: {'ament_cmake_args': None, 'build_base': '/home/kdg/kdg/build/wanderbot', 'catkin_cmake_args': None, 'catkin_skip_building_tests': False, 'cmake_args': None, 'cmake_clean_cache': False, 'cmake_clean_first': False, 'cmake_force_configure': False, 'cmake_target': None, 'cmake_target_skip_unavailable': False, 'install_base': '/home/kdg/kdg/install/wanderbot', 'merge_install': False, 'path': '/home/kdg/kdg/src/wanderbot', 'symlink_install': False, 'test_result_base': None}
[0.636s] Level 5:colcon.colcon_core.verb:set package 'turtlebot3_simulations' build argument 'cmake_args' from command line to 'None'
[0.636s] Level 5:colcon.colcon_core.verb:set package 'turtlebot3_simulations' build argument 'cmake_target' from command line to 'None'
[0.636s] Level 5:colcon.colcon_core.verb:set package 'turtlebot3_simulations' build argument 'cmake_target_skip_unavailable' from command line to 'False'
[0.636s] Level 5:colcon.colcon_core.verb:set package 'turtlebot3_simulations' build argument 'cmake_clean_cache' from command line to 'False'
[0.636s] Level 5:colcon.colcon_core.verb:set package 'turtlebot3_simulations' build argument 'cmake_clean_first' from command line to 'False'
[0.636s] Level 5:colcon.colcon_core.verb:set package 'turtlebot3_simulations' build argument 'cmake_force_configure' from command line to 'False'
[0.636s] Level 5:colcon.colcon_core.verb:set package 'turtlebot3_simulations' build argument 'ament_cmake_args' from command line to 'None'
[0.636s] Level 5:colcon.colcon_core.verb:set package 'turtlebot3_simulations' build argument 'catkin_cmake_args' from command line to 'None'
[0.636s] Level 5:colcon.colcon_core.verb:set package 'turtlebot3_simulations' build argument 'catkin_skip_building_tests' from command line to 'False'
[0.636s] DEBUG:colcon.colcon_core.verb:Building package 'turtlebot3_simulations' with the following arguments: {'ament_cmake_args': None, 'build_base': '/home/kdg/kdg/build/turtlebot3_simulations', 'catkin_cmake_args': None, 'catkin_skip_building_tests': False, 'cmake_args': None, 'cmake_clean_cache': False, 'cmake_clean_first': False, 'cmake_force_configure': False, 'cmake_target': None, 'cmake_target_skip_unavailable': False, 'install_base': '/home/kdg/kdg/install/turtlebot3_simulations', 'merge_install': False, 'path': '/home/kdg/kdg/src/turtlebot3_simulations/turtlebot3_simulations', 'symlink_install': False, 'test_result_base': None}
[0.636s] INFO:colcon.colcon_core.executor:Executing jobs using 'parallel' executor
[0.637s] DEBUG:colcon.colcon_parallel_executor.executor.parallel:run_until_complete
[0.637s] INFO:colcon.colcon_ros.task.ament_cmake.build:Building ROS package in '/home/kdg/kdg/src/turtlebot3_simulations/turtlebot3_fake_node' with build type 'ament_cmake'
[0.637s] INFO:colcon.colcon_cmake.task.cmake.build:Building CMake package in '/home/kdg/kdg/src/turtlebot3_simulations/turtlebot3_fake_node'
[0.643s] INFO:colcon.colcon_core.plugin_system:Skipping extension 'colcon_core.shell.bat': Not used on non-Windows systems
[0.643s] INFO:colcon.colcon_core.shell:Skip shell extension 'powershell' for command environment: Not usable outside of PowerShell
[0.643s] DEBUG:colcon.colcon_core.shell:Skip shell extension 'dsv' for command environment
[0.646s] INFO:colcon.colcon_ros.task.ament_cmake.build:Building ROS package in '/home/kdg/kdg/src/turtlebot3_simulations/turtlebot3_gazebo' with build type 'ament_cmake'
[0.646s] INFO:colcon.colcon_cmake.task.cmake.build:Building CMake package in '/home/kdg/kdg/src/turtlebot3_simulations/turtlebot3_gazebo'
[0.646s] INFO:colcon.colcon_core.shell:Skip shell extension 'powershell' for command environment: Not usable outside of PowerShell
[0.646s] DEBUG:colcon.colcon_core.shell:Skip shell extension 'dsv' for command environment
[0.649s] INFO:colcon.colcon_ros.task.ament_cmake.build:Building ROS package in '/home/kdg/kdg/src/topic_ex_c' with build type 'ament_cmake'
[0.649s] INFO:colcon.colcon_cmake.task.cmake.build:Building CMake package in '/home/kdg/kdg/src/topic_ex_c'
[0.650s] INFO:colcon.colcon_core.shell:Skip shell extension 'powershell' for command environment: Not usable outside of PowerShell
[0.650s] DEBUG:colcon.colcon_core.shell:Skip shell extension 'dsv' for command environment
[0.653s] INFO:colcon.colcon_ros.task.ament_cmake.build:Building ROS package in '/home/kdg/kdg/src/wanderbot' with build type 'ament_cmake'
[0.653s] INFO:colcon.colcon_cmake.task.cmake.build:Building CMake package in '/home/kdg/kdg/src/wanderbot'
[0.654s] INFO:colcon.colcon_core.shell:Skip shell extension 'powershell' for command environment: Not usable outside of PowerShell
[0.654s] DEBUG:colcon.colcon_core.shell:Skip shell extension 'dsv' for command environment
[0.661s] DEBUG:colcon.colcon_core.event_handler.log_command:Invoking command in '/home/kdg/kdg/build/turtlebot3_fake_node': CMAKE_PREFIX_PATH=${CMAKE_PREFIX_PATH}:/opt/ros/humble /usr/bin/cmake --build /home/kdg/kdg/build/turtlebot3_fake_node -- -j16 -l16
[0.667s] DEBUG:colcon.colcon_core.event_handler.log_command:Invoking command in '/home/kdg/kdg/build/turtlebot3_gazebo': CMAKE_PREFIX_PATH=${CMAKE_PREFIX_PATH}:/opt/ros/humble /usr/bin/cmake --build /home/kdg/kdg/build/turtlebot3_gazebo -- -j16 -l16
[0.672s] DEBUG:colcon.colcon_core.event_handler.log_command:Invoking command in '/home/kdg/kdg/build/topic_ex_c': CMAKE_PREFIX_PATH=${CMAKE_PREFIX_PATH}:/opt/ros/humble /usr/bin/cmake --build /home/kdg/kdg/build/topic_ex_c -- -j16 -l16
[0.677s] DEBUG:colcon.colcon_core.event_handler.log_command:Invoking command in '/home/kdg/kdg/build/wanderbot': CMAKE_PREFIX_PATH=${CMAKE_PREFIX_PATH}:/opt/ros/humble /usr/bin/cmake --build /home/kdg/kdg/build/wanderbot -- -j16 -l16
[0.813s] DEBUG:colcon.colcon_core.event_handler.log_command:Invoked command in '/home/kdg/kdg/build/wanderbot' returned '0': CMAKE_PREFIX_PATH=${CMAKE_PREFIX_PATH}:/opt/ros/humble /usr/bin/cmake --build /home/kdg/kdg/build/wanderbot -- -j16 -l16
[0.824s] DEBUG:colcon.colcon_core.event_handler.log_command:Invoking command in '/home/kdg/kdg/build/wanderbot': CMAKE_PREFIX_PATH=${CMAKE_PREFIX_PATH}:/opt/ros/humble /usr/bin/cmake --install /home/kdg/kdg/build/wanderbot
[0.824s] DEBUG:colcon.colcon_core.event_handler.log_command:Invoked command in '/home/kdg/kdg/build/topic_ex_c' returned '0': CMAKE_PREFIX_PATH=${CMAKE_PREFIX_PATH}:/opt/ros/humble /usr/bin/cmake --build /home/kdg/kdg/build/topic_ex_c -- -j16 -l16
[0.826s] DEBUG:colcon.colcon_core.event_handler.log_command:Invoking command in '/home/kdg/kdg/build/topic_ex_c': CMAKE_PREFIX_PATH=${CMAKE_PREFIX_PATH}:/opt/ros/humble /usr/bin/cmake --install /home/kdg/kdg/build/topic_ex_c
[0.827s] DEBUG:colcon.colcon_core.event_handler.log_command:Invoked command in '/home/kdg/kdg/build/turtlebot3_fake_node' returned '0': CMAKE_PREFIX_PATH=${CMAKE_PREFIX_PATH}:/opt/ros/humble /usr/bin/cmake --build /home/kdg/kdg/build/turtlebot3_fake_node -- -j16 -l16
[0.830s] DEBUG:colcon.colcon_core.event_handler.log_command:Invoking command in '/home/kdg/kdg/build/turtlebot3_fake_node': CMAKE_PREFIX_PATH=${CMAKE_PREFIX_PATH}:/opt/ros/humble /usr/bin/cmake --install /home/kdg/kdg/build/turtlebot3_fake_node
[0.840s] Level 1:colcon.colcon_core.environment:create_environment_scripts_only(wanderbot)
[0.840s] DEBUG:colcon.colcon_core.event_handler.log_command:Invoked command in '/home/kdg/kdg/build/wanderbot' returned '0': CMAKE_PREFIX_PATH=${CMAKE_PREFIX_PATH}:/opt/ros/humble /usr/bin/cmake --install /home/kdg/kdg/build/wanderbot
[0.847s] Level 1:colcon.colcon_core.environment:checking '/home/kdg/kdg/install/wanderbot' for CMake module files
[0.847s] Level 1:colcon.colcon_core.environment:checking '/home/kdg/kdg/install/wanderbot' for CMake config files
[0.848s] Level 1:colcon.colcon_core.shell:create_environment_hook('wanderbot', 'cmake_prefix_path')
[0.848s] INFO:colcon.colcon_core.shell:Creating environment hook '/home/kdg/kdg/install/wanderbot/share/wanderbot/hook/cmake_prefix_path.ps1'
[0.849s] INFO:colcon.colcon_core.shell:Creating environment descriptor '/home/kdg/kdg/install/wanderbot/share/wanderbot/hook/cmake_prefix_path.dsv'
[0.849s] INFO:colcon.colcon_core.shell:Creating environment hook '/home/kdg/kdg/install/wanderbot/share/wanderbot/hook/cmake_prefix_path.sh'
[0.850s] Level 1:colcon.colcon_core.environment:checking '/home/kdg/kdg/install/wanderbot/lib'
[0.851s] Level 1:colcon.colcon_core.environment:checking '/home/kdg/kdg/install/wanderbot/bin'
[0.851s] Level 1:colcon.colcon_core.environment:checking '/home/kdg/kdg/install/wanderbot/lib/pkgconfig/wanderbot.pc'
[0.851s] Level 1:colcon.colcon_core.environment:checking '/home/kdg/kdg/install/wanderbot/lib/python3.10/site-packages'
[0.851s] Level 1:colcon.colcon_core.environment:checking '/home/kdg/kdg/install/wanderbot/bin'
[0.851s] INFO:colcon.colcon_core.shell:Creating package script '/home/kdg/kdg/install/wanderbot/share/wanderbot/package.ps1'
[0.852s] INFO:colcon.colcon_core.shell:Creating package descriptor '/home/kdg/kdg/install/wanderbot/share/wanderbot/package.dsv'
[0.853s] INFO:colcon.colcon_core.shell:Creating package script '/home/kdg/kdg/install/wanderbot/share/wanderbot/package.sh'
[0.854s] INFO:colcon.colcon_core.shell:Creating package script '/home/kdg/kdg/install/wanderbot/share/wanderbot/package.bash'
[0.855s] INFO:colcon.colcon_core.shell:Creating package script '/home/kdg/kdg/install/wanderbot/share/wanderbot/package.zsh'
[0.856s] Level 1:colcon.colcon_core.environment:create_file_with_runtime_dependencies(/home/kdg/kdg/install/wanderbot/share/colcon-core/packages/wanderbot)
[0.857s] Level 1:colcon.colcon_core.environment:create_environment_scripts_only(wanderbot)
[0.857s] Level 1:colcon.colcon_core.environment:checking '/home/kdg/kdg/install/wanderbot' for CMake module files
[0.857s] Level 1:colcon.colcon_core.environment:checking '/home/kdg/kdg/install/wanderbot' for CMake config files
[0.857s] Level 1:colcon.colcon_core.shell:create_environment_hook('wanderbot', 'cmake_prefix_path')
[0.857s] INFO:colcon.colcon_core.shell:Creating environment hook '/home/kdg/kdg/install/wanderbot/share/wanderbot/hook/cmake_prefix_path.ps1'
[0.858s] INFO:colcon.colcon_core.shell:Creating environment descriptor '/home/kdg/kdg/install/wanderbot/share/wanderbot/hook/cmake_prefix_path.dsv'
[0.858s] INFO:colcon.colcon_core.shell:Creating environment hook '/home/kdg/kdg/install/wanderbot/share/wanderbot/hook/cmake_prefix_path.sh'
[0.859s] Level 1:colcon.colcon_core.environment:checking '/home/kdg/kdg/install/wanderbot/lib'
[0.859s] Level 1:colcon.colcon_core.environment:checking '/home/kdg/kdg/install/wanderbot/bin'
[0.859s] Level 1:colcon.colcon_core.environment:checking '/home/kdg/kdg/install/wanderbot/lib/pkgconfig/wanderbot.pc'
[0.859s] Level 1:colcon.colcon_core.environment:checking '/home/kdg/kdg/install/wanderbot/lib/python3.10/site-packages'
[0.859s] Level 1:colcon.colcon_core.environment:checking '/home/kdg/kdg/install/wanderbot/bin'
[0.859s] INFO:colcon.colcon_core.shell:Creating package script '/home/kdg/kdg/install/wanderbot/share/wanderbot/package.ps1'
[0.860s] INFO:colcon.colcon_core.shell:Creating package descriptor '/home/kdg/kdg/install/wanderbot/share/wanderbot/package.dsv'
[0.860s] INFO:colcon.colcon_core.shell:Creating package script '/home/kdg/kdg/install/wanderbot/share/wanderbot/package.sh'
[0.861s] INFO:colcon.colcon_core.shell:Creating package script '/home/kdg/kdg/install/wanderbot/share/wanderbot/package.bash'
[0.861s] INFO:colcon.colcon_core.shell:Creating package script '/home/kdg/kdg/install/wanderbot/share/wanderbot/package.zsh'
[0.861s] Level 1:colcon.colcon_core.environment:create_file_with_runtime_dependencies(/home/kdg/kdg/install/wanderbot/share/colcon-core/packages/wanderbot)
[0.863s] Level 1:colcon.colcon_core.environment:create_environment_scripts_only(topic_ex_c)
[0.864s] Level 1:colcon.colcon_core.environment:checking '/home/kdg/kdg/install/topic_ex_c' for CMake module files
[0.864s] DEBUG:colcon.colcon_core.event_handler.log_command:Invoked command in '/home/kdg/kdg/build/topic_ex_c' returned '0': CMAKE_PREFIX_PATH=${CMAKE_PREFIX_PATH}:/opt/ros/humble /usr/bin/cmake --install /home/kdg/kdg/build/topic_ex_c
[0.865s] Level 1:colcon.colcon_core.environment:checking '/home/kdg/kdg/install/topic_ex_c' for CMake config files
[0.866s] Level 1:colcon.colcon_core.shell:create_environment_hook('topic_ex_c', 'cmake_prefix_path')
[0.866s] INFO:colcon.colcon_core.shell:Creating environment hook '/home/kdg/kdg/install/topic_ex_c/share/topic_ex_c/hook/cmake_prefix_path.ps1'
[0.867s] INFO:colcon.colcon_core.shell:Creating environment descriptor '/home/kdg/kdg/install/topic_ex_c/share/topic_ex_c/hook/cmake_prefix_path.dsv'
[0.867s] INFO:colcon.colcon_core.shell:Creating environment hook '/home/kdg/kdg/install/topic_ex_c/share/topic_ex_c/hook/cmake_prefix_path.sh'
[0.868s] Level 1:colcon.colcon_core.environment:checking '/home/kdg/kdg/install/topic_ex_c/lib'
[0.868s] Level 1:colcon.colcon_core.environment:checking '/home/kdg/kdg/install/topic_ex_c/bin'
[0.868s] Level 1:colcon.colcon_core.environment:checking '/home/kdg/kdg/install/topic_ex_c/lib/pkgconfig/topic_ex_c.pc'
[0.868s] Level 1:colcon.colcon_core.environment:checking '/home/kdg/kdg/install/topic_ex_c/lib/python3.10/site-packages'
[0.868s] Level 1:colcon.colcon_core.environment:checking '/home/kdg/kdg/install/topic_ex_c/bin'
[0.868s] INFO:colcon.colcon_core.shell:Creating package script '/home/kdg/kdg/install/topic_ex_c/share/topic_ex_c/package.ps1'
[0.869s] INFO:colcon.colcon_core.shell:Creating package descriptor '/home/kdg/kdg/install/topic_ex_c/share/topic_ex_c/package.dsv'
[0.869s] INFO:colcon.colcon_core.shell:Creating package script '/home/kdg/kdg/install/topic_ex_c/share/topic_ex_c/package.sh'
[0.869s] INFO:colcon.colcon_core.shell:Creating package script '/home/kdg/kdg/install/topic_ex_c/share/topic_ex_c/package.bash'
[0.870s] INFO:colcon.colcon_core.shell:Creating package script '/home/kdg/kdg/install/topic_ex_c/share/topic_ex_c/package.zsh'
[0.870s] Level 1:colcon.colcon_core.environment:create_file_with_runtime_dependencies(/home/kdg/kdg/install/topic_ex_c/share/colcon-core/packages/topic_ex_c)
[0.870s] Level 1:colcon.colcon_core.environment:create_environment_scripts_only(topic_ex_c)
[0.871s] Level 1:colcon.colcon_core.environment:checking '/home/kdg/kdg/install/topic_ex_c' for CMake module files
[0.871s] Level 1:colcon.colcon_core.environment:checking '/home/kdg/kdg/install/topic_ex_c' for CMake config files
[0.871s] Level 1:colcon.colcon_core.shell:create_environment_hook('topic_ex_c', 'cmake_prefix_path')
[0.871s] INFO:colcon.colcon_core.shell:Creating environment hook '/home/kdg/kdg/install/topic_ex_c/share/topic_ex_c/hook/cmake_prefix_path.ps1'
[0.872s] INFO:colcon.colcon_core.shell:Creating environment descriptor '/home/kdg/kdg/install/topic_ex_c/share/topic_ex_c/hook/cmake_prefix_path.dsv'
[0.872s] INFO:colcon.colcon_core.shell:Creating environment hook '/home/kdg/kdg/install/topic_ex_c/share/topic_ex_c/hook/cmake_prefix_path.sh'
[0.872s] Level 1:colcon.colcon_core.environment:checking '/home/kdg/kdg/install/topic_ex_c/lib'
[0.872s] Level 1:colcon.colcon_core.environment:checking '/home/kdg/kdg/install/topic_ex_c/bin'
[0.872s] Level 1:colcon.colcon_core.environment:checking '/home/kdg/kdg/install/topic_ex_c/lib/pkgconfig/topic_ex_c.pc'
[0.872s] Level 1:colcon.colcon_core.environment:checking '/home/kdg/kdg/install/topic_ex_c/lib/python3.10/site-packages'
[0.873s] Level 1:colcon.colcon_core.environment:checking '/home/kdg/kdg/install/topic_ex_c/bin'
[0.873s] INFO:colcon.colcon_core.shell:Creating package script '/home/kdg/kdg/install/topic_ex_c/share/topic_ex_c/package.ps1'
[0.873s] INFO:colcon.colcon_core.shell:Creating package descriptor '/home/kdg/kdg/install/topic_ex_c/share/topic_ex_c/package.dsv'
[0.873s] INFO:colcon.colcon_core.shell:Creating package script '/home/kdg/kdg/install/topic_ex_c/share/topic_ex_c/package.sh'
[0.874s] INFO:colcon.colcon_core.shell:Creating package script '/home/kdg/kdg/install/topic_ex_c/share/topic_ex_c/package.bash'
[0.874s] INFO:colcon.colcon_core.shell:Creating package script '/home/kdg/kdg/install/topic_ex_c/share/topic_ex_c/package.zsh'
[0.874s] Level 1:colcon.colcon_core.environment:create_file_with_runtime_dependencies(/home/kdg/kdg/install/topic_ex_c/share/colcon-core/packages/topic_ex_c)
[0.874s] Level 1:colcon.colcon_core.environment:create_environment_scripts_only(turtlebot3_fake_node)
[0.875s] Level 1:colcon.colcon_core.environment:checking '/home/kdg/kdg/install/turtlebot3_fake_node' for CMake module files
[0.876s] Level 1:colcon.colcon_core.environment:checking '/home/kdg/kdg/install/turtlebot3_fake_node' for CMake config files
[0.876s] DEBUG:colcon.colcon_core.event_handler.log_command:Invoked command in '/home/kdg/kdg/build/turtlebot3_fake_node' returned '0': CMAKE_PREFIX_PATH=${CMAKE_PREFIX_PATH}:/opt/ros/humble /usr/bin/cmake --install /home/kdg/kdg/build/turtlebot3_fake_node
[0.877s] Level 1:colcon.colcon_core.shell:create_environment_hook('turtlebot3_fake_node', 'cmake_prefix_path')
[0.877s] INFO:colcon.colcon_core.shell:Creating environment hook '/home/kdg/kdg/install/turtlebot3_fake_node/share/turtlebot3_fake_node/hook/cmake_prefix_path.ps1'
[0.878s] INFO:colcon.colcon_core.shell:Creating environment descriptor '/home/kdg/kdg/install/turtlebot3_fake_node/share/turtlebot3_fake_node/hook/cmake_prefix_path.dsv'
[0.878s] INFO:colcon.colcon_core.shell:Creating environment hook '/home/kdg/kdg/install/turtlebot3_fake_node/share/turtlebot3_fake_node/hook/cmake_prefix_path.sh'
[0.878s] Level 1:colcon.colcon_core.environment:checking '/home/kdg/kdg/install/turtlebot3_fake_node/lib'
[0.878s] Level 1:colcon.colcon_core.environment:checking '/home/kdg/kdg/install/turtlebot3_fake_node/bin'
[0.878s] Level 1:colcon.colcon_core.environment:checking '/home/kdg/kdg/install/turtlebot3_fake_node/lib/pkgconfig/turtlebot3_fake_node.pc'
[0.879s] Level 1:colcon.colcon_core.environment:checking '/home/kdg/kdg/install/turtlebot3_fake_node/lib/python3.10/site-packages'
[0.879s] Level 1:colcon.colcon_core.environment:checking '/home/kdg/kdg/install/turtlebot3_fake_node/bin'
[0.879s] INFO:colcon.colcon_core.shell:Creating package script '/home/kdg/kdg/install/turtlebot3_fake_node/share/turtlebot3_fake_node/package.ps1'
[0.879s] INFO:colcon.colcon_core.shell:Creating package descriptor '/home/kdg/kdg/install/turtlebot3_fake_node/share/turtlebot3_fake_node/package.dsv'
[0.879s] INFO:colcon.colcon_core.shell:Creating package script '/home/kdg/kdg/install/turtlebot3_fake_node/share/turtlebot3_fake_node/package.sh'
[0.880s] INFO:colcon.colcon_core.shell:Creating package script '/home/kdg/kdg/install/turtlebot3_fake_node/share/turtlebot3_fake_node/package.bash'
[0.880s] INFO:colcon.colcon_core.shell:Creating package script '/home/kdg/kdg/install/turtlebot3_fake_node/share/turtlebot3_fake_node/package.zsh'
[0.880s] Level 1:colcon.colcon_core.environment:create_file_with_runtime_dependencies(/home/kdg/kdg/install/turtlebot3_fake_node/share/colcon-core/packages/turtlebot3_fake_node)
[0.881s] Level 1:colcon.colcon_core.environment:create_environment_scripts_only(turtlebot3_fake_node)
[0.881s] Level 1:colcon.colcon_core.environment:checking '/home/kdg/kdg/install/turtlebot3_fake_node' for CMake module files
[0.881s] Level 1:colcon.colcon_core.environment:checking '/home/kdg/kdg/install/turtlebot3_fake_node' for CMake config files
[0.881s] Level 1:colcon.colcon_core.shell:create_environment_hook('turtlebot3_fake_node', 'cmake_prefix_path')
[0.881s] INFO:colcon.colcon_core.shell:Creating environment hook '/home/kdg/kdg/install/turtlebot3_fake_node/share/turtlebot3_fake_node/hook/cmake_prefix_path.ps1'
[0.882s] INFO:colcon.colcon_core.shell:Creating environment descriptor '/home/kdg/kdg/install/turtlebot3_fake_node/share/turtlebot3_fake_node/hook/cmake_prefix_path.dsv'
[0.882s] INFO:colcon.colcon_core.shell:Creating environment hook '/home/kdg/kdg/install/turtlebot3_fake_node/share/turtlebot3_fake_node/hook/cmake_prefix_path.sh'
[0.882s] Level 1:colcon.colcon_core.environment:checking '/home/kdg/kdg/install/turtlebot3_fake_node/lib'
[0.882s] Level 1:colcon.colcon_core.environment:checking '/home/kdg/kdg/install/turtlebot3_fake_node/bin'
[0.882s] Level 1:colcon.colcon_core.environment:checking '/home/kdg/kdg/install/turtlebot3_fake_node/lib/pkgconfig/turtlebot3_fake_node.pc'
[0.882s] Level 1:colcon.colcon_core.environment:checking '/home/kdg/kdg/install/turtlebot3_fake_node/lib/python3.10/site-packages'
[0.882s] Level 1:colcon.colcon_core.environment:checking '/home/kdg/kdg/install/turtlebot3_fake_node/bin'
[0.883s] INFO:colcon.colcon_core.shell:Creating package script '/home/kdg/kdg/install/turtlebot3_fake_node/share/turtlebot3_fake_node/package.ps1'
[0.883s] INFO:colcon.colcon_core.shell:Creating package descriptor '/home/kdg/kdg/install/turtlebot3_fake_node/share/turtlebot3_fake_node/package.dsv'
[0.883s] INFO:colcon.colcon_core.shell:Creating package script '/home/kdg/kdg/install/turtlebot3_fake_node/share/turtlebot3_fake_node/package.sh'
[0.883s] INFO:colcon.colcon_core.shell:Creating package script '/home/kdg/kdg/install/turtlebot3_fake_node/share/turtlebot3_fake_node/package.bash'
[0.884s] INFO:colcon.colcon_core.shell:Creating package script '/home/kdg/kdg/install/turtlebot3_fake_node/share/turtlebot3_fake_node/package.zsh'
[0.884s] Level 1:colcon.colcon_core.environment:create_file_with_runtime_dependencies(/home/kdg/kdg/install/turtlebot3_fake_node/share/colcon-core/packages/turtlebot3_fake_node)
[0.885s] DEBUG:colcon.colcon_core.event_handler.log_command:Invoked command in '/home/kdg/kdg/build/turtlebot3_gazebo' returned '0': CMAKE_PREFIX_PATH=${CMAKE_PREFIX_PATH}:/opt/ros/humble /usr/bin/cmake --build /home/kdg/kdg/build/turtlebot3_gazebo -- -j16 -l16
[0.888s] DEBUG:colcon.colcon_core.event_handler.log_command:Invoking command in '/home/kdg/kdg/build/turtlebot3_gazebo': CMAKE_PREFIX_PATH=${CMAKE_PREFIX_PATH}:/opt/ros/humble /usr/bin/cmake --install /home/kdg/kdg/build/turtlebot3_gazebo
[0.933s] Level 1:colcon.colcon_core.environment:create_environment_scripts_only(turtlebot3_gazebo)
[0.933s] Level 1:colcon.colcon_core.environment:checking '/home/kdg/kdg/install/turtlebot3_gazebo' for CMake module files
[0.934s] DEBUG:colcon.colcon_core.event_handler.log_command:Invoked command in '/home/kdg/kdg/build/turtlebot3_gazebo' returned '0': CMAKE_PREFIX_PATH=${CMAKE_PREFIX_PATH}:/opt/ros/humble /usr/bin/cmake --install /home/kdg/kdg/build/turtlebot3_gazebo
[0.934s] Level 1:colcon.colcon_core.environment:checking '/home/kdg/kdg/install/turtlebot3_gazebo' for CMake config files
[0.952s] Level 1:colcon.colcon_core.shell:create_environment_hook('turtlebot3_gazebo', 'cmake_prefix_path')
[0.953s] INFO:colcon.colcon_core.shell:Creating environment hook '/home/kdg/kdg/install/turtlebot3_gazebo/share/turtlebot3_gazebo/hook/cmake_prefix_path.ps1'
[0.953s] INFO:colcon.colcon_core.shell:Creating environment descriptor '/home/kdg/kdg/install/turtlebot3_gazebo/share/turtlebot3_gazebo/hook/cmake_prefix_path.dsv'
[0.953s] INFO:colcon.colcon_core.shell:Creating environment hook '/home/kdg/kdg/install/turtlebot3_gazebo/share/turtlebot3_gazebo/hook/cmake_prefix_path.sh'
[0.954s] Level 1:colcon.colcon_core.environment:checking '/home/kdg/kdg/install/turtlebot3_gazebo/lib'
[0.954s] Level 1:colcon.colcon_core.environment:checking '/home/kdg/kdg/install/turtlebot3_gazebo/bin'
[0.954s] Level 1:colcon.colcon_core.environment:checking '/home/kdg/kdg/install/turtlebot3_gazebo/lib/pkgconfig/turtlebot3_gazebo.pc'
[0.954s] Level 1:colcon.colcon_core.environment:checking '/home/kdg/kdg/install/turtlebot3_gazebo/lib/python3.10/site-packages'
[0.954s] Level 1:colcon.colcon_core.environment:checking '/home/kdg/kdg/install/turtlebot3_gazebo/bin'
[0.955s] INFO:colcon.colcon_core.shell:Creating package script '/home/kdg/kdg/install/turtlebot3_gazebo/share/turtlebot3_gazebo/package.ps1'
[0.955s] INFO:colcon.colcon_core.shell:Creating package descriptor '/home/kdg/kdg/install/turtlebot3_gazebo/share/turtlebot3_gazebo/package.dsv'
[0.955s] INFO:colcon.colcon_core.shell:Creating package script '/home/kdg/kdg/install/turtlebot3_gazebo/share/turtlebot3_gazebo/package.sh'
[0.955s] INFO:colcon.colcon_core.shell:Creating package script '/home/kdg/kdg/install/turtlebot3_gazebo/share/turtlebot3_gazebo/package.bash'
[0.956s] INFO:colcon.colcon_core.shell:Creating package script '/home/kdg/kdg/install/turtlebot3_gazebo/share/turtlebot3_gazebo/package.zsh'
[0.956s] Level 1:colcon.colcon_core.environment:create_file_with_runtime_dependencies(/home/kdg/kdg/install/turtlebot3_gazebo/share/colcon-core/packages/turtlebot3_gazebo)
[0.957s] Level 1:colcon.colcon_core.environment:create_environment_scripts_only(turtlebot3_gazebo)
[0.957s] Level 1:colcon.colcon_core.environment:checking '/home/kdg/kdg/install/turtlebot3_gazebo' for CMake module files
[0.957s] Level 1:colcon.colcon_core.environment:checking '/home/kdg/kdg/install/turtlebot3_gazebo' for CMake config files
[0.959s] Level 1:colcon.colcon_core.shell:create_environment_hook('turtlebot3_gazebo', 'cmake_prefix_path')
[0.959s] INFO:colcon.colcon_core.shell:Creating environment hook '/home/kdg/kdg/install/turtlebot3_gazebo/share/turtlebot3_gazebo/hook/cmake_prefix_path.ps1'
[0.959s] INFO:colcon.colcon_core.shell:Creating environment descriptor '/home/kdg/kdg/install/turtlebot3_gazebo/share/turtlebot3_gazebo/hook/cmake_prefix_path.dsv'
[0.959s] INFO:colcon.colcon_core.shell:Creating environment hook '/home/kdg/kdg/install/turtlebot3_gazebo/share/turtlebot3_gazebo/hook/cmake_prefix_path.sh'
[0.960s] Level 1:colcon.colcon_core.environment:checking '/home/kdg/kdg/install/turtlebot3_gazebo/lib'
[0.960s] Level 1:colcon.colcon_core.environment:checking '/home/kdg/kdg/install/turtlebot3_gazebo/bin'
[0.960s] Level 1:colcon.colcon_core.environment:checking '/home/kdg/kdg/install/turtlebot3_gazebo/lib/pkgconfig/turtlebot3_gazebo.pc'
[0.960s] Level 1:colcon.colcon_core.environment:checking '/home/kdg/kdg/install/turtlebot3_gazebo/lib/python3.10/site-packages'
[0.960s] Level 1:colcon.colcon_core.environment:checking '/home/kdg/kdg/install/turtlebot3_gazebo/bin'
[0.960s] INFO:colcon.colcon_core.shell:Creating package script '/home/kdg/kdg/install/turtlebot3_gazebo/share/turtlebot3_gazebo/package.ps1'
[0.961s] INFO:colcon.colcon_core.shell:Creating package descriptor '/home/kdg/kdg/install/turtlebot3_gazebo/share/turtlebot3_gazebo/package.dsv'
[0.961s] INFO:colcon.colcon_core.shell:Creating package script '/home/kdg/kdg/install/turtlebot3_gazebo/share/turtlebot3_gazebo/package.sh'
[0.961s] INFO:colcon.colcon_core.shell:Creating package script '/home/kdg/kdg/install/turtlebot3_gazebo/share/turtlebot3_gazebo/package.bash'
[0.962s] INFO:colcon.colcon_core.shell:Creating package script '/home/kdg/kdg/install/turtlebot3_gazebo/share/turtlebot3_gazebo/package.zsh'
[0.962s] Level 1:colcon.colcon_core.environment:create_file_with_runtime_dependencies(/home/kdg/kdg/install/turtlebot3_gazebo/share/colcon-core/packages/turtlebot3_gazebo)
[0.962s] INFO:colcon.colcon_ros.task.ament_cmake.build:Building ROS package in '/home/kdg/kdg/src/turtlebot3_simulations/turtlebot3_simulations' with build type 'ament_cmake'
[0.962s] INFO:colcon.colcon_cmake.task.cmake.build:Building CMake package in '/home/kdg/kdg/src/turtlebot3_simulations/turtlebot3_simulations'
[0.962s] INFO:colcon.colcon_core.shell:Skip shell extension 'powershell' for command environment: Not usable outside of PowerShell
[0.962s] DEBUG:colcon.colcon_core.shell:Skip shell extension 'dsv' for command environment
[0.973s] DEBUG:colcon.colcon_core.event_handler.log_command:Invoking command in '/home/kdg/kdg/build/turtlebot3_simulations': AMENT_PREFIX_PATH=/home/kdg/kdg/install/turtlebot3_gazebo:/home/kdg/kdg/install/turtlebot3_fake_node:${AMENT_PREFIX_PATH} CMAKE_PREFIX_PATH=/home/kdg/kdg/install/turtlebot3_gazebo:/home/kdg/kdg/install/turtlebot3_fake_node:/usr/lib/x86_64-linux-gnu/cmake/gazebo:/opt/ros/humble /usr/bin/cmake --build /home/kdg/kdg/build/turtlebot3_simulations -- -j16 -l16
[1.014s] DEBUG:colcon.colcon_core.event_handler.log_command:Invoked command in '/home/kdg/kdg/build/turtlebot3_simulations' returned '0': AMENT_PREFIX_PATH=/home/kdg/kdg/install/turtlebot3_gazebo:/home/kdg/kdg/install/turtlebot3_fake_node:${AMENT_PREFIX_PATH} CMAKE_PREFIX_PATH=/home/kdg/kdg/install/turtlebot3_gazebo:/home/kdg/kdg/install/turtlebot3_fake_node:/usr/lib/x86_64-linux-gnu/cmake/gazebo:/opt/ros/humble /usr/bin/cmake --build /home/kdg/kdg/build/turtlebot3_simulations -- -j16 -l16
[1.016s] DEBUG:colcon.colcon_core.event_handler.log_command:Invoking command in '/home/kdg/kdg/build/turtlebot3_simulations': AMENT_PREFIX_PATH=/home/kdg/kdg/install/turtlebot3_gazebo:/home/kdg/kdg/install/turtlebot3_fake_node:${AMENT_PREFIX_PATH} CMAKE_PREFIX_PATH=/home/kdg/kdg/install/turtlebot3_gazebo:/home/kdg/kdg/install/turtlebot3_fake_node:/usr/lib/x86_64-linux-gnu/cmake/gazebo:/opt/ros/humble /usr/bin/cmake --install /home/kdg/kdg/build/turtlebot3_simulations
[1.028s] Level 1:colcon.colcon_core.environment:create_environment_scripts_only(turtlebot3_simulations)
[1.028s] Level 1:colcon.colcon_core.environment:checking '/home/kdg/kdg/install/turtlebot3_simulations' for CMake module files
[1.028s] DEBUG:colcon.colcon_core.event_handler.log_command:Invoked command in '/home/kdg/kdg/build/turtlebot3_simulations' returned '0': AMENT_PREFIX_PATH=/home/kdg/kdg/install/turtlebot3_gazebo:/home/kdg/kdg/install/turtlebot3_fake_node:${AMENT_PREFIX_PATH} CMAKE_PREFIX_PATH=/home/kdg/kdg/install/turtlebot3_gazebo:/home/kdg/kdg/install/turtlebot3_fake_node:/usr/lib/x86_64-linux-gnu/cmake/gazebo:/opt/ros/humble /usr/bin/cmake --install /home/kdg/kdg/build/turtlebot3_simulations
[1.029s] Level 1:colcon.colcon_core.environment:checking '/home/kdg/kdg/install/turtlebot3_simulations' for CMake config files
[1.029s] Level 1:colcon.colcon_core.shell:create_environment_hook('turtlebot3_simulations', 'cmake_prefix_path')
[1.030s] INFO:colcon.colcon_core.shell:Creating environment hook '/home/kdg/kdg/install/turtlebot3_simulations/share/turtlebot3_simulations/hook/cmake_prefix_path.ps1'
[1.030s] INFO:colcon.colcon_core.shell:Creating environment descriptor '/home/kdg/kdg/install/turtlebot3_simulations/share/turtlebot3_simulations/hook/cmake_prefix_path.dsv'
[1.030s] INFO:colcon.colcon_core.shell:Creating environment hook '/home/kdg/kdg/install/turtlebot3_simulations/share/turtlebot3_simulations/hook/cmake_prefix_path.sh'
[1.031s] Level 1:colcon.colcon_core.environment:checking '/home/kdg/kdg/install/turtlebot3_simulations/bin'
[1.031s] Level 1:colcon.colcon_core.environment:checking '/home/kdg/kdg/install/turtlebot3_simulations/lib/pkgconfig/turtlebot3_simulations.pc'
[1.031s] Level 1:colcon.colcon_core.environment:checking '/home/kdg/kdg/install/turtlebot3_simulations/lib/python3.10/site-packages'
[1.031s] Level 1:colcon.colcon_core.environment:checking '/home/kdg/kdg/install/turtlebot3_simulations/bin'
[1.031s] INFO:colcon.colcon_core.shell:Creating package script '/home/kdg/kdg/install/turtlebot3_simulations/share/turtlebot3_simulations/package.ps1'
[1.032s] INFO:colcon.colcon_core.shell:Creating package descriptor '/home/kdg/kdg/install/turtlebot3_simulations/share/turtlebot3_simulations/package.dsv'
[1.032s] INFO:colcon.colcon_core.shell:Creating package script '/home/kdg/kdg/install/turtlebot3_simulations/share/turtlebot3_simulations/package.sh'
[1.032s] INFO:colcon.colcon_core.shell:Creating package script '/home/kdg/kdg/install/turtlebot3_simulations/share/turtlebot3_simulations/package.bash'
[1.033s] INFO:colcon.colcon_core.shell:Creating package script '/home/kdg/kdg/install/turtlebot3_simulations/share/turtlebot3_simulations/package.zsh'
[1.033s] Level 1:colcon.colcon_core.environment:create_file_with_runtime_dependencies(/home/kdg/kdg/install/turtlebot3_simulations/share/colcon-core/packages/turtlebot3_simulations)
[1.033s] Level 1:colcon.colcon_core.environment:create_environment_scripts_only(turtlebot3_simulations)
[1.033s] Level 1:colcon.colcon_core.environment:checking '/home/kdg/kdg/install/turtlebot3_simulations' for CMake module files
[1.034s] Level 1:colcon.colcon_core.environment:checking '/home/kdg/kdg/install/turtlebot3_simulations' for CMake config files
[1.034s] Level 1:colcon.colcon_core.shell:create_environment_hook('turtlebot3_simulations', 'cmake_prefix_path')
[1.034s] INFO:colcon.colcon_core.shell:Creating environment hook '/home/kdg/kdg/install/turtlebot3_simulations/share/turtlebot3_simulations/hook/cmake_prefix_path.ps1'
[1.034s] INFO:colcon.colcon_core.shell:Creating environment descriptor '/home/kdg/kdg/install/turtlebot3_simulations/share/turtlebot3_simulations/hook/cmake_prefix_path.dsv'
[1.034s] INFO:colcon.colcon_core.shell:Creating environment hook '/home/kdg/kdg/install/turtlebot3_simulations/share/turtlebot3_simulations/hook/cmake_prefix_path.sh'
[1.035s] Level 1:colcon.colcon_core.environment:checking '/home/kdg/kdg/install/turtlebot3_simulations/bin'
[1.035s] Level 1:colcon.colcon_core.environment:checking '/home/kdg/kdg/install/turtlebot3_simulations/lib/pkgconfig/turtlebot3_simulations.pc'
[1.035s] Level 1:colcon.colcon_core.environment:checking '/home/kdg/kdg/install/turtlebot3_simulations/lib/python3.10/site-packages'
[1.035s] Level 1:colcon.colcon_core.environment:checking '/home/kdg/kdg/install/turtlebot3_simulations/bin'
[1.035s] INFO:colcon.colcon_core.shell:Creating package script '/home/kdg/kdg/install/turtlebot3_simulations/share/turtlebot3_simulations/package.ps1'
[1.036s] INFO:colcon.colcon_core.shell:Creating package descriptor '/home/kdg/kdg/install/turtlebot3_simulations/share/turtlebot3_simulations/package.dsv'
[1.036s] INFO:colcon.colcon_core.shell:Creating package script '/home/kdg/kdg/install/turtlebot3_simulations/share/turtlebot3_simulations/package.sh'
[1.036s] INFO:colcon.colcon_core.shell:Creating package script '/home/kdg/kdg/install/turtlebot3_simulations/share/turtlebot3_simulations/package.bash'
[1.037s] INFO:colcon.colcon_core.shell:Creating package script '/home/kdg/kdg/install/turtlebot3_simulations/share/turtlebot3_simulations/package.zsh'
[1.037s] Level 1:colcon.colcon_core.environment:create_file_with_runtime_dependencies(/home/kdg/kdg/install/turtlebot3_simulations/share/colcon-core/packages/turtlebot3_simulations)
[1.037s] DEBUG:colcon.colcon_parallel_executor.executor.parallel:closing loop
[1.038s] DEBUG:colcon.colcon_parallel_executor.executor.parallel:loop closed
[1.038s] DEBUG:colcon.colcon_parallel_executor.executor.parallel:run_until_complete finished with '0'
[1.038s] DEBUG:colcon.colcon_core.event_reactor:joining thread
[1.043s] INFO:colcon.colcon_core.plugin_system:Skipping extension 'colcon_notification.desktop_notification.terminal_notifier': Not used on non-Darwin systems
[1.043s] INFO:colcon.colcon_core.plugin_system:Skipping extension 'colcon_notification.desktop_notification.win32': Not used on non-Windows systems
[1.043s] INFO:colcon.colcon_notification.desktop_notification:Sending desktop notification using 'notify2'
[1.058s] DEBUG:colcon.colcon_core.event_reactor:joined thread
[1.058s] INFO:colcon.colcon_core.shell:Creating prefix script '/home/kdg/kdg/install/local_setup.ps1'
[1.059s] INFO:colcon.colcon_core.shell:Creating prefix util module '/home/kdg/kdg/install/_local_setup_util_ps1.py'
[1.061s] INFO:colcon.colcon_core.shell:Creating prefix chain script '/home/kdg/kdg/install/setup.ps1'
[1.062s] INFO:colcon.colcon_core.shell:Creating prefix script '/home/kdg/kdg/install/local_setup.sh'
[1.063s] INFO:colcon.colcon_core.shell:Creating prefix util module '/home/kdg/kdg/install/_local_setup_util_sh.py'
[1.063s] INFO:colcon.colcon_core.shell:Creating prefix chain script '/home/kdg/kdg/install/setup.sh'
[1.064s] INFO:colcon.colcon_core.shell:Creating prefix script '/home/kdg/kdg/install/local_setup.bash'
[1.065s] INFO:colcon.colcon_core.shell:Creating prefix chain script '/home/kdg/kdg/install/setup.bash'
[1.067s] INFO:colcon.colcon_core.shell:Creating prefix script '/home/kdg/kdg/install/local_setup.zsh'
[1.067s] INFO:colcon.colcon_core.shell:Creating prefix chain script '/home/kdg/kdg/install/setup.zsh'
