-- Found ament_cmake: 1.3.11 (/opt/ros/humble/share/ament_cmake/cmake)
-- Found geometry_msgs: 4.2.4 (/opt/ros/humble/share/geometry_msgs/cmake)
-- Found rosidl_generator_c: 3.1.6 (/opt/ros/humble/share/rosidl_generator_c/cmake)
-- Found rosidl_adapter: 3.1.6 (/opt/ros/humble/share/rosidl_adapter/cmake)
-- Found rosidl_generator_cpp: 3.1.6 (/opt/ros/humble/share/rosidl_generator_cpp/cmake)
-- Using all available rosidl_typesupport_c: rosidl_typesupport_fastrtps_c;rosidl_typesupport_introspection_c
-- Using all available rosidl_typesupport_cpp: rosidl_typesupport_fastrtps_cpp;rosidl_typesupport_introspection_cpp
-- Found rclcpp: 16.0.11 (/opt/ros/humble/share/rclcpp/cmake)
-- Found rmw_implementation_cmake: 6.1.2 (/opt/ros/humble/share/rmw_implementation_cmake/cmake)
-- Found rmw_fastrtps_cpp: 6.2.7 (/opt/ros/humble/share/rmw_fastrtps_cpp/cmake)
-- Using RMW implementation 'rmw_fastrtps_cpp' as default
-- Found sensor_msgs: 4.2.4 (/opt/ros/humble/share/sensor_msgs/cmake)
-- Found ament_lint_auto: 0.12.11 (/opt/ros/humble/share/ament_lint_auto/cmake)
-- Added test 'cppcheck' to perform static code analysis on C / C++ code
-- Configured cppcheck include dirs: 
-- Configured cppcheck exclude dirs and/or files: 
-- Added test 'lint_cmake' to check CMake code style
-- Added test 'uncrustify' to check C / C++ code style
-- Configured uncrustify additional arguments: 
-- Added test 'xmllint' to check XML markup files
-- Configuring done
-- Generating done
-- Build files have been written to: /home/kdg/kdg/build/wanderbot
[35m[1mConsolidate compiler generated dependencies of target go_rot[0m
[ 25%] [32mBuilding CXX object CMakeFiles/go_scan.dir/src/go_scan.cpp.o[0m
[ 75%] Built target go_rot
[100%] [32m[1mLinking CXX executable go_scan[0m
[100%] Built target go_scan
-- Install configuration: ""
-- Up-to-date: /home/kdg/kdg/install/wanderbot/lib/wanderbot/go_rot
-- Installing: /home/kdg/kdg/install/wanderbot/lib/wanderbot/go_scan
-- Set runtime path of "/home/kdg/kdg/install/wanderbot/lib/wanderbot/go_scan" to ""
-- Up-to-date: /home/kdg/kdg/install/wanderbot/share/ament_index/resource_index/package_run_dependencies/wanderbot
-- Installing: /home/kdg/kdg/install/wanderbot/share/ament_index/resource_index/parent_prefix_path/wanderbot
-- Up-to-date: /home/kdg/kdg/install/wanderbot/share/wanderbot/environment/ament_prefix_path.sh
-- Installing: /home/kdg/kdg/install/wanderbot/share/wanderbot/environment/ament_prefix_path.dsv
-- Up-to-date: /home/kdg/kdg/install/wanderbot/share/wanderbot/environment/path.sh
-- Installing: /home/kdg/kdg/install/wanderbot/share/wanderbot/environment/path.dsv
-- Up-to-date: /home/kdg/kdg/install/wanderbot/share/wanderbot/local_setup.bash
-- Up-to-date: /home/kdg/kdg/install/wanderbot/share/wanderbot/local_setup.sh
-- Up-to-date: /home/kdg/kdg/install/wanderbot/share/wanderbot/local_setup.zsh
-- Installing: /home/kdg/kdg/install/wanderbot/share/wanderbot/local_setup.dsv
-- Installing: /home/kdg/kdg/install/wanderbot/share/wanderbot/package.dsv
-- Up-to-date: /home/kdg/kdg/install/wanderbot/share/ament_index/resource_index/packages/wanderbot
-- Up-to-date: /home/kdg/kdg/install/wanderbot/share/wanderbot/cmake/wanderbotConfig.cmake
-- Up-to-date: /home/kdg/kdg/install/wanderbot/share/wanderbot/cmake/wanderbotConfig-version.cmake
-- Installing: /home/kdg/kdg/install/wanderbot/share/wanderbot/package.xml
