[0.018s] Invoking command in '/home/kdg/kdg/build/wanderbot': CMAKE_PREFIX_PATH=${CMAKE_PREFIX_PATH}:/opt/ros/humble /usr/bin/cmake --build /home/kdg/kdg/build/wanderbot -- -j16 -l16
[0.042s] -- Found ament_cmake: 1.3.11 (/opt/ros/humble/share/ament_cmake/cmake)
[0.174s] -- Found geometry_msgs: 4.2.4 (/opt/ros/humble/share/geometry_msgs/cmake)
[0.194s] -- Found rosidl_generator_c: 3.1.6 (/opt/ros/humble/share/rosidl_generator_c/cmake)
[0.196s] -- Found rosidl_adapter: 3.1.6 (/opt/ros/humble/share/rosidl_adapter/cmake)
[0.200s] -- Found rosidl_generator_cpp: 3.1.6 (/opt/ros/humble/share/rosidl_generator_cpp/cmake)
[0.208s] -- Using all available rosidl_typesupport_c: rosidl_typesupport_fastrtps_c;rosidl_typesupport_introspection_c
[0.217s] -- Using all available rosidl_typesupport_cpp: rosidl_typesupport_fastrtps_cpp;rosidl_typesupport_introspection_cpp
[0.242s] -- Found rclcpp: 16.0.11 (/opt/ros/humble/share/rclcpp/cmake)
[0.260s] -- Found rmw_implementation_cmake: 6.1.2 (/opt/ros/humble/share/rmw_implementation_cmake/cmake)
[0.261s] -- Found rmw_fastrtps_cpp: 6.2.7 (/opt/ros/humble/share/rmw_fastrtps_cpp/cmake)
[0.369s] -- Using RMW implementation 'rmw_fastrtps_cpp' as default
[0.406s] -- Found sensor_msgs: 4.2.4 (/opt/ros/humble/share/sensor_msgs/cmake)
[0.422s] -- Found ament_lint_auto: 0.12.11 (/opt/ros/humble/share/ament_lint_auto/cmake)
[0.508s] -- Added test 'cppcheck' to perform static code analysis on C / C++ code
[0.508s] -- Configured cppcheck include dirs: 
[0.508s] -- Configured cppcheck exclude dirs and/or files: 
[0.509s] -- Added test 'lint_cmake' to check CMake code style
[0.509s] -- Added test 'uncrustify' to check C / C++ code style
[0.510s] -- Configured uncrustify additional arguments: 
[0.510s] -- Added test 'xmllint' to check XML markup files
[0.510s] -- Configuring done
[0.524s] -- Generating done
[0.528s] -- Build files have been written to: /home/kdg/kdg/build/wanderbot
[0.565s] [35m[1mConsolidate compiler generated dependencies of target go_rot[0m
[0.573s] [ 25%] [32mBuilding CXX object CMakeFiles/go_scan.dir/src/go_scan.cpp.o[0m
[0.587s] [ 75%] Built target go_rot
[6.614s] [100%] [32m[1mLinking CXX executable go_scan[0m
[6.897s] [100%] Built target go_scan
[6.907s] Invoked command in '/home/kdg/kdg/build/wanderbot' returned '0': CMAKE_PREFIX_PATH=${CMAKE_PREFIX_PATH}:/opt/ros/humble /usr/bin/cmake --build /home/kdg/kdg/build/wanderbot -- -j16 -l16
[6.908s] Invoking command in '/home/kdg/kdg/build/wanderbot': CMAKE_PREFIX_PATH=${CMAKE_PREFIX_PATH}:/opt/ros/humble /usr/bin/cmake --install /home/kdg/kdg/build/wanderbot
[6.914s] -- Install configuration: ""
[6.914s] -- Up-to-date: /home/kdg/kdg/install/wanderbot/lib/wanderbot/go_rot
[6.914s] -- Installing: /home/kdg/kdg/install/wanderbot/lib/wanderbot/go_scan
[6.918s] -- Set runtime path of "/home/kdg/kdg/install/wanderbot/lib/wanderbot/go_scan" to ""
[6.918s] -- Up-to-date: /home/kdg/kdg/install/wanderbot/share/ament_index/resource_index/package_run_dependencies/wanderbot
[6.918s] -- Installing: /home/kdg/kdg/install/wanderbot/share/ament_index/resource_index/parent_prefix_path/wanderbot
[6.918s] -- Up-to-date: /home/kdg/kdg/install/wanderbot/share/wanderbot/environment/ament_prefix_path.sh
[6.919s] -- Installing: /home/kdg/kdg/install/wanderbot/share/wanderbot/environment/ament_prefix_path.dsv
[6.919s] -- Up-to-date: /home/kdg/kdg/install/wanderbot/share/wanderbot/environment/path.sh
[6.919s] -- Installing: /home/kdg/kdg/install/wanderbot/share/wanderbot/environment/path.dsv
[6.919s] -- Up-to-date: /home/kdg/kdg/install/wanderbot/share/wanderbot/local_setup.bash
[6.919s] -- Up-to-date: /home/kdg/kdg/install/wanderbot/share/wanderbot/local_setup.sh
[6.919s] -- Up-to-date: /home/kdg/kdg/install/wanderbot/share/wanderbot/local_setup.zsh
[6.919s] -- Installing: /home/kdg/kdg/install/wanderbot/share/wanderbot/local_setup.dsv
[6.919s] -- Installing: /home/kdg/kdg/install/wanderbot/share/wanderbot/package.dsv
[6.919s] -- Up-to-date: /home/kdg/kdg/install/wanderbot/share/ament_index/resource_index/packages/wanderbot
[6.919s] -- Up-to-date: /home/kdg/kdg/install/wanderbot/share/wanderbot/cmake/wanderbotConfig.cmake
[6.919s] -- Up-to-date: /home/kdg/kdg/install/wanderbot/share/wanderbot/cmake/wanderbotConfig-version.cmake
[6.919s] -- Installing: /home/kdg/kdg/install/wanderbot/share/wanderbot/package.xml
[6.921s] Invoked command in '/home/kdg/kdg/build/wanderbot' returned '0': CMAKE_PREFIX_PATH=${CMAKE_PREFIX_PATH}:/opt/ros/humble /usr/bin/cmake --install /home/kdg/kdg/build/wanderbot
