[0.020s] Invoking command in '/home/kdg/kdg/build/topic_ex_c': CMAKE_PREFIX_PATH=${CMAKE_PREFIX_PATH}:/opt/ros/humble /usr/bin/cmake --build /home/kdg/kdg/build/topic_ex_c -- -j16 -l16
[0.084s] [100%] Built target topic_pub
[0.084s] [100%] Built target topic_sub
[0.100s] Invoked command in '/home/kdg/kdg/build/topic_ex_c' returned '0': CMAKE_PREFIX_PATH=${CMAKE_PREFIX_PATH}:/opt/ros/humble /usr/bin/cmake --build /home/kdg/kdg/build/topic_ex_c -- -j16 -l16
[0.117s] Invoking command in '/home/kdg/kdg/build/topic_ex_c': CMAKE_PREFIX_PATH=${CMAKE_PREFIX_PATH}:/opt/ros/humble /usr/bin/cmake --install /home/kdg/kdg/build/topic_ex_c
[0.131s] -- Install configuration: ""
[0.131s] -- Up-to-date: /home/kdg/kdg/install/topic_ex_c/lib/topic_ex_c/topic_pub
[0.132s] -- Up-to-date: /home/kdg/kdg/install/topic_ex_c/lib/topic_ex_c/topic_sub
[0.132s] -- Up-to-date: /home/kdg/kdg/install/topic_ex_c/share/ament_index/resource_index/package_run_dependencies/topic_ex_c
[0.132s] -- Up-to-date: /home/kdg/kdg/install/topic_ex_c/share/ament_index/resource_index/parent_prefix_path/topic_ex_c
[0.132s] -- Up-to-date: /home/kdg/kdg/install/topic_ex_c/share/topic_ex_c/environment/ament_prefix_path.sh
[0.132s] -- Up-to-date: /home/kdg/kdg/install/topic_ex_c/share/topic_ex_c/environment/ament_prefix_path.dsv
[0.134s] -- Up-to-date: /home/kdg/kdg/install/topic_ex_c/share/topic_ex_c/environment/path.sh
[0.134s] -- Up-to-date: /home/kdg/kdg/install/topic_ex_c/share/topic_ex_c/environment/path.dsv
[0.134s] -- Up-to-date: /home/kdg/kdg/install/topic_ex_c/share/topic_ex_c/local_setup.bash
[0.135s] -- Up-to-date: /home/kdg/kdg/install/topic_ex_c/share/topic_ex_c/local_setup.sh
[0.135s] -- Up-to-date: /home/kdg/kdg/install/topic_ex_c/share/topic_ex_c/local_setup.zsh
[0.135s] -- Up-to-date: /home/kdg/kdg/install/topic_ex_c/share/topic_ex_c/local_setup.dsv
[0.135s] -- Installing: /home/kdg/kdg/install/topic_ex_c/share/topic_ex_c/package.dsv
[0.135s] -- Up-to-date: /home/kdg/kdg/install/topic_ex_c/share/ament_index/resource_index/packages/topic_ex_c
[0.135s] -- Up-to-date: /home/kdg/kdg/install/topic_ex_c/share/topic_ex_c/cmake/topic_ex_cConfig.cmake
[0.135s] -- Up-to-date: /home/kdg/kdg/install/topic_ex_c/share/topic_ex_c/cmake/topic_ex_cConfig-version.cmake
[0.136s] -- Up-to-date: /home/kdg/kdg/install/topic_ex_c/share/topic_ex_c/package.xml
[0.138s] Invoked command in '/home/kdg/kdg/build/topic_ex_c' returned '0': CMAKE_PREFIX_PATH=${CMAKE_PREFIX_PATH}:/opt/ros/humble /usr/bin/cmake --install /home/kdg/kdg/build/topic_ex_c
