[ 50%] Built target topic_sub
[100%] Built target topic_pub
-- Install configuration: ""
-- Up-to-date: /home/kdg/kdg/install/topic_ex_c/lib/topic_ex_c/topic_pub
-- Up-to-date: /home/kdg/kdg/install/topic_ex_c/lib/topic_ex_c/topic_sub
-- Up-to-date: /home/kdg/kdg/install/topic_ex_c/share/ament_index/resource_index/package_run_dependencies/topic_ex_c
-- Up-to-date: /home/kdg/kdg/install/topic_ex_c/share/ament_index/resource_index/parent_prefix_path/topic_ex_c
-- Up-to-date: /home/kdg/kdg/install/topic_ex_c/share/topic_ex_c/environment/ament_prefix_path.sh
-- Up-to-date: /home/kdg/kdg/install/topic_ex_c/share/topic_ex_c/environment/ament_prefix_path.dsv
-- Up-to-date: /home/kdg/kdg/install/topic_ex_c/share/topic_ex_c/environment/path.sh
-- Up-to-date: /home/kdg/kdg/install/topic_ex_c/share/topic_ex_c/environment/path.dsv
-- Up-to-date: /home/kdg/kdg/install/topic_ex_c/share/topic_ex_c/local_setup.bash
-- Up-to-date: /home/kdg/kdg/install/topic_ex_c/share/topic_ex_c/local_setup.sh
-- Up-to-date: /home/kdg/kdg/install/topic_ex_c/share/topic_ex_c/local_setup.zsh
-- Up-to-date: /home/kdg/kdg/install/topic_ex_c/share/topic_ex_c/local_setup.dsv
-- Installing: /home/kdg/kdg/install/topic_ex_c/share/topic_ex_c/package.dsv
-- Up-to-date: /home/kdg/kdg/install/topic_ex_c/share/ament_index/resource_index/packages/topic_ex_c
-- Up-to-date: /home/kdg/kdg/install/topic_ex_c/share/topic_ex_c/cmake/topic_ex_cConfig.cmake
-- Up-to-date: /home/kdg/kdg/install/topic_ex_c/share/topic_ex_c/cmake/topic_ex_cConfig-version.cmake
-- Up-to-date: /home/kdg/kdg/install/topic_ex_c/share/topic_ex_c/package.xml
