[0.009s] Invoking command in '/home/kdg/kdg/build/turtlebot3_gazebo': CMAKE_PREFIX_PATH=${CMAKE_PREFIX_PATH}:/opt/ros/humble /usr/bin/cmake /home/kdg/kdg/src/turtlebot3_simulations/turtlebot3_gazebo -DAMENT_CMAKE_SYMLINK_INSTALL=1 -DCMAKE_INSTALL_PREFIX=/home/kdg/kdg/install/turtlebot3_gazebo
[0.056s] -- The C compiler identification is GNU 11.4.0
[0.099s] -- The CXX compiler identification is GNU 11.4.0
[0.105s] -- Detecting C compiler ABI info
[0.167s] -- Detecting C compiler ABI info - done
[0.172s] -- Check for working C compiler: /usr/bin/cc - skipped
[0.172s] -- Detecting C compile features
[0.172s] -- Detecting C compile features - done
[0.174s] -- Detecting CXX compiler ABI info
[0.243s] -- Detecting CXX compiler ABI info - done
[0.247s] -- Check for working CXX compiler: /usr/bin/c++ - skipped
[0.248s] -- Detecting CXX compile features
[0.248s] -- Detecting CXX compile features - done
[0.251s] -- Found ament_cmake: 1.3.11 (/opt/ros/humble/share/ament_cmake/cmake)
[0.363s] -- Found Python3: /usr/bin/python3 (found version "3.10.12") found components: Interpreter 
[0.407s] -- Override CMake install command with custom implementation using symlinks instead of copying resources
[0.437s] [33mCMake Warning (dev) at /usr/share/cmake-3.22/Modules/FindPackageHandleStandardArgs.cmake:438 (message):
[0.438s]   The package name passed to `find_package_handle_standard_args` (PkgConfig)
[0.438s]   does not match the name of the calling package (gazebo).  This can lead to
[0.438s]   problems in calling code that expects `find_package` result variables
[0.438s]   (e.g., `_FOUND`) to follow a certain pattern.
[0.438s] Call Stack (most recent call first):
[0.438s]   /usr/share/cmake-3.22/Modules/FindPkgConfig.cmake:99 (find_package_handle_standard_args)
[0.438s]   /usr/lib/x86_64-linux-gnu/cmake/gazebo/gazebo-config.cmake:72 (include)
[0.438s]   CMakeLists.txt:23 (find_package)
[0.438s] This warning is for project developers.  Use -Wno-dev to suppress it.
[0.438s] [0m
[0.438s] -- Found PkgConfig: /usr/bin/pkg-config (found version "0.29.2") 
[0.441s] -- Checking for module 'bullet>=2.82'
[0.458s] --   Found bullet, version 3.05
[0.559s] -- Found fcl: /usr/include (found suitable version "0.7.0", minimum required is "0.5.0") 
[0.613s] -- Found assimp: /usr/include (found version "5.2.0") 
[0.635s] -- Found DART: /usr/include (Required is at least version "6.6") found components: dart 
[0.788s] -- Found Boost: /usr/lib/x86_64-linux-gnu/cmake/Boost-1.74.0/BoostConfig.cmake (found suitable version "1.74.0", minimum required is "1.40.0") found components: thread system filesystem program_options regex iostreams date_time 
[0.802s] -- Found Protobuf: /usr/lib/x86_64-linux-gnu/libprotobuf.so (found version "3.12.4") 
[0.806s] -- Looking for ignition-math6 -- found version 6.15.1
[0.811s] -- Searching for dependencies of ignition-math6
[0.812s] -- Looking for OGRE...
[0.812s] -- OGRE_PREFIX_WATCH changed.
[0.817s] -- Checking for module 'OGRE'
[0.833s] --   Found OGRE, version 1.9.0
[0.868s] -- Found Ogre Ghadamon (1.9.0)
[0.876s] -- Found OGRE: optimized;/usr/lib/x86_64-linux-gnu/libOgreMain.so;debug;/usr/lib/x86_64-linux-gnu/libOgreMain.so
[0.883s] -- Looking for OGRE_Paging...
[0.887s] -- Found OGRE_Paging: optimized;/usr/lib/x86_64-linux-gnu/libOgrePaging.so;debug;/usr/lib/x86_64-linux-gnu/libOgrePaging.so
[0.887s] -- Looking for OGRE_Terrain...
[0.891s] -- Found OGRE_Terrain: optimized;/usr/lib/x86_64-linux-gnu/libOgreTerrain.so;debug;/usr/lib/x86_64-linux-gnu/libOgreTerrain.so
[0.891s] -- Looking for OGRE_Property...
[0.895s] -- Found OGRE_Property: optimized;/usr/lib/x86_64-linux-gnu/libOgreProperty.so;debug;/usr/lib/x86_64-linux-gnu/libOgreProperty.so
[0.895s] -- Looking for OGRE_RTShaderSystem...
[0.899s] -- Found OGRE_RTShaderSystem: optimized;/usr/lib/x86_64-linux-gnu/libOgreRTShaderSystem.so;debug;/usr/lib/x86_64-linux-gnu/libOgreRTShaderSystem.so
[0.899s] -- Looking for OGRE_Volume...
[0.903s] -- Found OGRE_Volume: optimized;/usr/lib/x86_64-linux-gnu/libOgreVolume.so;debug;/usr/lib/x86_64-linux-gnu/libOgreVolume.so
[0.903s] -- Looking for OGRE_Overlay...
[0.907s] -- Found OGRE_Overlay: optimized;/usr/lib/x86_64-linux-gnu/libOgreOverlay.so;debug;/usr/lib/x86_64-linux-gnu/libOgreOverlay.so
[0.992s] -- Looking for ignition-math6 -- found version 6.15.1
[0.993s] -- Looking for ignition-transport8 -- found version 8.2.1
[0.994s] -- Searching for dependencies of ignition-transport8
[1.012s] -- Found Protobuf: /usr/lib/x86_64-linux-gnu/libprotobuf.so (found suitable version "3.12.4", minimum required is "3") 
[1.022s] -- Config-file not installed for ZeroMQ -- checking for pkg-config
[1.026s] -- Checking for module 'libzmq >= 4'
[1.049s] --   Found libzmq , version 4.3.4
[1.084s] -- Found ZeroMQ: TRUE (Required is at least version "4") 
[1.089s] -- Checking for module 'uuid'
[1.102s] --   Found uuid, version 2.37.2
[1.139s] -- Found UUID: TRUE  
[1.141s] -- Looking for ignition-msgs5 -- found version 5.8.1
[1.141s] -- Searching for dependencies of ignition-msgs5
[1.159s] -- Looking for ignition-math6 -- found version 6.15.1
[1.163s] -- Checking for module 'tinyxml2'
[1.177s] --   Found tinyxml2, version 9.0.0
[1.212s] -- Looking for ignition-msgs5 -- found version 5.8.1
[1.214s] -- Looking for ignition-common3 -- found version 3.14.0
[1.215s] -- Searching for dependencies of ignition-common3
[1.215s] -- Looking for dlfcn.h - found
[1.216s] -- Looking for libdl - found
[1.217s] -- Found DL: TRUE  
[1.226s] -- Found tinyobjloader: /usr/lib/x86_64-linux-gnu/cmake/tinyobjloader/tinyobjloader-config.cmake (found version "2.0.0") 
[1.226s] -- Searching for <ignition-common3> component [graphics]
[1.228s] -- Looking for ignition-common3-graphics -- found version 3.14.0
[1.229s] -- Searching for dependencies of ignition-common3-graphics
[1.229s] -- Looking for ignition-math6 -- found version 6.15.1
[1.233s] -- Looking for ignition-fuel_tools4 -- found version 4.4.0
[1.233s] -- Searching for dependencies of ignition-fuel_tools4
[1.312s] -- Found CURL: /usr/lib/x86_64-linux-gnu/libcurl.so (found version "7.81.0")  
[1.319s] -- Checking for module 'jsoncpp'
[1.337s] --   Found jsoncpp, version 1.9.5
[1.371s] -- Found JSONCPP: TRUE  
[1.376s] -- Checking for module 'libzip'
[1.389s] --   Found libzip, version 1.7.3
[1.424s] -- Found ZIP: TRUE  
[1.425s] -- Looking for ignition-common3 -- found version 3.14.0
[1.425s] -- Looking for ignition-math6 -- found version 6.15.1
[1.425s] -- Looking for ignition-msgs5 -- found version 5.8.1
[1.430s] -- Found gazebo_ros_pkgs: 3.9.0 (/opt/ros/humble/share/gazebo_ros_pkgs/cmake)
[1.432s] -- Found geometry_msgs: 4.2.4 (/opt/ros/humble/share/geometry_msgs/cmake)
[1.459s] -- Found rosidl_generator_c: 3.1.6 (/opt/ros/humble/share/rosidl_generator_c/cmake)
[1.464s] -- Found rosidl_adapter: 3.1.6 (/opt/ros/humble/share/rosidl_adapter/cmake)
[1.471s] -- Found rosidl_generator_cpp: 3.1.6 (/opt/ros/humble/share/rosidl_generator_cpp/cmake)
[1.480s] -- Using all available rosidl_typesupport_c: rosidl_typesupport_fastrtps_c;rosidl_typesupport_introspection_c
[1.493s] -- Using all available rosidl_typesupport_cpp: rosidl_typesupport_fastrtps_cpp;rosidl_typesupport_introspection_cpp
[1.523s] -- Found nav_msgs: 4.2.4 (/opt/ros/humble/share/nav_msgs/cmake)
[1.538s] -- Found rclcpp: 16.0.11 (/opt/ros/humble/share/rclcpp/cmake)
[1.569s] -- Found rmw_implementation_cmake: 6.1.2 (/opt/ros/humble/share/rmw_implementation_cmake/cmake)
[1.571s] -- Found rmw_fastrtps_cpp: 6.2.7 (/opt/ros/humble/share/rmw_fastrtps_cpp/cmake)
[1.663s] -- Found OpenSSL: /usr/lib/x86_64-linux-gnu/libcrypto.so (found version "3.0.2")  
[1.685s] -- Found FastRTPS: /opt/ros/humble/include  
[1.723s] -- Using RMW implementation 'rmw_fastrtps_cpp' as default
[1.731s] -- Found Threads: TRUE  
[1.760s] -- Found sensor_msgs: 4.2.4 (/opt/ros/humble/share/sensor_msgs/cmake)
[1.773s] -- Found tf2: 0.25.12 (/opt/ros/humble/share/tf2/cmake)
[1.830s] -- Configuring done
[1.875s] -- Generating done
[1.881s] -- Build files have been written to: /home/kdg/kdg/build/turtlebot3_gazebo
[1.892s] Invoked command in '/home/kdg/kdg/build/turtlebot3_gazebo' returned '0': CMAKE_PREFIX_PATH=${CMAKE_PREFIX_PATH}:/opt/ros/humble /usr/bin/cmake /home/kdg/kdg/src/turtlebot3_simulations/turtlebot3_gazebo -DAMENT_CMAKE_SYMLINK_INSTALL=1 -DCMAKE_INSTALL_PREFIX=/home/kdg/kdg/install/turtlebot3_gazebo
[1.893s] Invoking command in '/home/kdg/kdg/build/turtlebot3_gazebo': CMAKE_PREFIX_PATH=${CMAKE_PREFIX_PATH}:/opt/ros/humble /usr/bin/cmake --build /home/kdg/kdg/build/turtlebot3_gazebo -- -j16 -l16
[1.943s] [ 50%] [32mBuilding CXX object CMakeFiles/traffic_light_plugin.dir/src/traffic_light_plugin.cpp.o[0m
[1.943s] [ 50%] [32mBuilding CXX object CMakeFiles/traffic_bar_plugin.dir/src/traffic_bar_plugin.cpp.o[0m
[1.943s] [ 50%] [32mBuilding CXX object CMakeFiles/turtlebot3_drive.dir/src/turtlebot3_drive.cpp.o[0m
[1.943s] [ 50%] [32mBuilding CXX object CMakeFiles/obstacle2.dir/src/obstacle2.cpp.o[0m
[1.943s] [ 50%] [32mBuilding CXX object CMakeFiles/obstacles.dir/src/obstacles.cpp.o[0m
[1.943s] [ 50%] [32mBuilding CXX object CMakeFiles/obstacle1.dir/src/obstacle1.cpp.o[0m
[13.093s] [ 58%] [32m[1mLinking CXX executable turtlebot3_drive[0m
[13.613s] [ 66%] [32m[1mLinking CXX shared library libobstacle1.so[0m
[13.809s] [ 75%] [32m[1mLinking CXX shared library libobstacle2.so[0m
[13.823s] [ 83%] [32m[1mLinking CXX shared library libobstacles.so[0m
[13.838s] [ 91%] [32m[1mLinking CXX shared library libtraffic_bar_plugin.so[0m
[13.850s] [ 91%] Built target turtlebot3_drive
[14.003s] [ 91%] Built target obstacle1
[14.028s] [100%] [32m[1mLinking CXX shared library libtraffic_light_plugin.so[0m
[14.213s] [100%] Built target obstacle2
[14.218s] [100%] Built target traffic_bar_plugin
[14.224s] [100%] Built target obstacles
[14.369s] [100%] Built target traffic_light_plugin
[14.380s] Invoked command in '/home/kdg/kdg/build/turtlebot3_gazebo' returned '0': CMAKE_PREFIX_PATH=${CMAKE_PREFIX_PATH}:/opt/ros/humble /usr/bin/cmake --build /home/kdg/kdg/build/turtlebot3_gazebo -- -j16 -l16
[14.392s] Invoking command in '/home/kdg/kdg/build/turtlebot3_gazebo': CMAKE_PREFIX_PATH=${CMAKE_PREFIX_PATH}:/opt/ros/humble /usr/bin/cmake --install /home/kdg/kdg/build/turtlebot3_gazebo
[14.398s] -- Install configuration: ""
[14.398s] -- Execute custom install script
[14.399s] -- Symlinking: /home/kdg/kdg/install/turtlebot3_gazebo/lib/turtlebot3_gazebo/turtlebot3_drive
[14.407s] -- Symlinking: /home/kdg/kdg/install/turtlebot3_gazebo/share/turtlebot3_gazebo//launch/empty_world.launch.py
[14.415s] -- Symlinking: /home/kdg/kdg/install/turtlebot3_gazebo/share/turtlebot3_gazebo//launch/multi_robot.launch.py
[14.423s] -- Symlinking: /home/kdg/kdg/install/turtlebot3_gazebo/share/turtlebot3_gazebo//launch/multi_spawn_turtlebot3.launch.py
[14.430s] -- Symlinking: /home/kdg/kdg/install/turtlebot3_gazebo/share/turtlebot3_gazebo//launch/robot_state_publisher.launch.py
[14.438s] -- Symlinking: /home/kdg/kdg/install/turtlebot3_gazebo/share/turtlebot3_gazebo//launch/spawn_turtlebot3.launch.py
[14.446s] -- Symlinking: /home/kdg/kdg/install/turtlebot3_gazebo/share/turtlebot3_gazebo//launch/turtlebot3_autorace_2020.launch.py
[14.453s] -- Symlinking: /home/kdg/kdg/install/turtlebot3_gazebo/share/turtlebot3_gazebo//launch/turtlebot3_dqn_stage1.launch.py
[14.462s] -- Symlinking: /home/kdg/kdg/install/turtlebot3_gazebo/share/turtlebot3_gazebo//launch/turtlebot3_dqn_stage2.launch.py
[14.473s] -- Symlinking: /home/kdg/kdg/install/turtlebot3_gazebo/share/turtlebot3_gazebo//launch/turtlebot3_dqn_stage3.launch.py
[14.481s] -- Symlinking: /home/kdg/kdg/install/turtlebot3_gazebo/share/turtlebot3_gazebo//launch/turtlebot3_dqn_stage4.launch.py
[14.490s] -- Symlinking: /home/kdg/kdg/install/turtlebot3_gazebo/share/turtlebot3_gazebo//launch/turtlebot3_house.launch.py
[14.499s] -- Symlinking: /home/kdg/kdg/install/turtlebot3_gazebo/share/turtlebot3_gazebo//launch/turtlebot3_world.launch.py
[14.510s] -- Symlinking: /home/kdg/kdg/install/turtlebot3_gazebo/share/turtlebot3_gazebo//models/turtlebot3_autorace_2020/checker/materials/checker.png
[14.518s] -- Symlinking: /home/kdg/kdg/install/turtlebot3_gazebo/share/turtlebot3_gazebo//models/turtlebot3_autorace_2020/checker/materials/scripts/checker.material
[14.526s] -- Symlinking: /home/kdg/kdg/install/turtlebot3_gazebo/share/turtlebot3_gazebo//models/turtlebot3_autorace_2020/checker/materials/textures/checker.png
[14.533s] -- Symlinking: /home/kdg/kdg/install/turtlebot3_gazebo/share/turtlebot3_gazebo//models/turtlebot3_autorace_2020/checker/model.config
[14.541s] -- Symlinking: /home/kdg/kdg/install/turtlebot3_gazebo/share/turtlebot3_gazebo//models/turtlebot3_autorace_2020/checker/model.sdf
[14.549s] -- Symlinking: /home/kdg/kdg/install/turtlebot3_gazebo/share/turtlebot3_gazebo//models/turtlebot3_autorace_2020/course/materials/scripts/course.material
[14.556s] -- Symlinking: /home/kdg/kdg/install/turtlebot3_gazebo/share/turtlebot3_gazebo//models/turtlebot3_autorace_2020/course/materials/textures/course.png
[14.563s] -- Symlinking: /home/kdg/kdg/install/turtlebot3_gazebo/share/turtlebot3_gazebo//models/turtlebot3_autorace_2020/course/model.config
[14.571s] -- Symlinking: /home/kdg/kdg/install/turtlebot3_gazebo/share/turtlebot3_gazebo//models/turtlebot3_autorace_2020/course/model.sdf
[14.579s] -- Symlinking: /home/kdg/kdg/install/turtlebot3_gazebo/share/turtlebot3_gazebo//models/turtlebot3_autorace_2020/traffic_bar/materials/scripts/traffic_bar.material
[14.588s] -- Symlinking: /home/kdg/kdg/install/turtlebot3_gazebo/share/turtlebot3_gazebo//models/turtlebot3_autorace_2020/traffic_bar/materials/textures/traffic_bar.png
[14.596s] -- Symlinking: /home/kdg/kdg/install/turtlebot3_gazebo/share/turtlebot3_gazebo//models/turtlebot3_autorace_2020/traffic_bar/model.config
[14.606s] -- Symlinking: /home/kdg/kdg/install/turtlebot3_gazebo/share/turtlebot3_gazebo//models/turtlebot3_autorace_2020/traffic_bar/model.sdf
[14.617s] -- Symlinking: /home/kdg/kdg/install/turtlebot3_gazebo/share/turtlebot3_gazebo//models/turtlebot3_autorace_2020/traffic_construction/materials/scripts/traffic_construction.material
[14.626s] -- Symlinking: /home/kdg/kdg/install/turtlebot3_gazebo/share/turtlebot3_gazebo//models/turtlebot3_autorace_2020/traffic_construction/materials/textures/traffic_construction.png
[14.633s] -- Symlinking: /home/kdg/kdg/install/turtlebot3_gazebo/share/turtlebot3_gazebo//models/turtlebot3_autorace_2020/traffic_construction/model.config
[14.640s] -- Symlinking: /home/kdg/kdg/install/turtlebot3_gazebo/share/turtlebot3_gazebo//models/turtlebot3_autorace_2020/traffic_construction/model.sdf
[14.647s] -- Symlinking: /home/kdg/kdg/install/turtlebot3_gazebo/share/turtlebot3_gazebo//models/turtlebot3_autorace_2020/traffic_intersection/materials/scripts/traffic_intersection.material
[14.655s] -- Symlinking: /home/kdg/kdg/install/turtlebot3_gazebo/share/turtlebot3_gazebo//models/turtlebot3_autorace_2020/traffic_intersection/materials/textures/traffic_intersection.png
[14.662s] -- Symlinking: /home/kdg/kdg/install/turtlebot3_gazebo/share/turtlebot3_gazebo//models/turtlebot3_autorace_2020/traffic_intersection/model.config
[14.670s] -- Symlinking: /home/kdg/kdg/install/turtlebot3_gazebo/share/turtlebot3_gazebo//models/turtlebot3_autorace_2020/traffic_intersection/model.sdf
[14.678s] -- Symlinking: /home/kdg/kdg/install/turtlebot3_gazebo/share/turtlebot3_gazebo//models/turtlebot3_autorace_2020/traffic_left/materials/scripts/traffic_is_left.material
[14.688s] -- Symlinking: /home/kdg/kdg/install/turtlebot3_gazebo/share/turtlebot3_gazebo//models/turtlebot3_autorace_2020/traffic_left/materials/textures/traffic_left.png
[14.695s] -- Symlinking: /home/kdg/kdg/install/turtlebot3_gazebo/share/turtlebot3_gazebo//models/turtlebot3_autorace_2020/traffic_left/model.config
[14.703s] -- Symlinking: /home/kdg/kdg/install/turtlebot3_gazebo/share/turtlebot3_gazebo//models/turtlebot3_autorace_2020/traffic_left/model.sdf
[14.711s] -- Symlinking: /home/kdg/kdg/install/turtlebot3_gazebo/share/turtlebot3_gazebo//models/turtlebot3_autorace_2020/traffic_light/materials/scripts/traffic_light.material
[14.719s] -- Symlinking: /home/kdg/kdg/install/turtlebot3_gazebo/share/turtlebot3_gazebo//models/turtlebot3_autorace_2020/traffic_light/materials/textures/traffic_light.png
[14.727s] -- Symlinking: /home/kdg/kdg/install/turtlebot3_gazebo/share/turtlebot3_gazebo//models/turtlebot3_autorace_2020/traffic_light/materials/textures/traffic_light_green.png
[14.735s] -- Symlinking: /home/kdg/kdg/install/turtlebot3_gazebo/share/turtlebot3_gazebo//models/turtlebot3_autorace_2020/traffic_light/materials/textures/traffic_light_red.png
[14.743s] -- Symlinking: /home/kdg/kdg/install/turtlebot3_gazebo/share/turtlebot3_gazebo//models/turtlebot3_autorace_2020/traffic_light/materials/textures/traffic_light_yellow.png
[14.753s] -- Symlinking: /home/kdg/kdg/install/turtlebot3_gazebo/share/turtlebot3_gazebo//models/turtlebot3_autorace_2020/traffic_light/model.config
[14.763s] -- Symlinking: /home/kdg/kdg/install/turtlebot3_gazebo/share/turtlebot3_gazebo//models/turtlebot3_autorace_2020/traffic_light/model.sdf
[14.770s] -- Symlinking: /home/kdg/kdg/install/turtlebot3_gazebo/share/turtlebot3_gazebo//models/turtlebot3_autorace_2020/traffic_noentry/materials/scripts/traffic_noentry.material
[14.778s] -- Symlinking: /home/kdg/kdg/install/turtlebot3_gazebo/share/turtlebot3_gazebo//models/turtlebot3_autorace_2020/traffic_noentry/materials/textures/traffic_noentry.png
[14.787s] -- Symlinking: /home/kdg/kdg/install/turtlebot3_gazebo/share/turtlebot3_gazebo//models/turtlebot3_autorace_2020/traffic_noentry/model.config
[14.795s] -- Symlinking: /home/kdg/kdg/install/turtlebot3_gazebo/share/turtlebot3_gazebo//models/turtlebot3_autorace_2020/traffic_noentry/model.sdf
[14.803s] -- Symlinking: /home/kdg/kdg/install/turtlebot3_gazebo/share/turtlebot3_gazebo//models/turtlebot3_autorace_2020/traffic_parking/materials/scripts/traffic_parking.material
[14.811s] -- Symlinking: /home/kdg/kdg/install/turtlebot3_gazebo/share/turtlebot3_gazebo//models/turtlebot3_autorace_2020/traffic_parking/materials/textures/traffic_parking.png
[14.818s] -- Symlinking: /home/kdg/kdg/install/turtlebot3_gazebo/share/turtlebot3_gazebo//models/turtlebot3_autorace_2020/traffic_parking/model.config
[14.826s] -- Symlinking: /home/kdg/kdg/install/turtlebot3_gazebo/share/turtlebot3_gazebo//models/turtlebot3_autorace_2020/traffic_parking/model.sdf
[14.834s] -- Symlinking: /home/kdg/kdg/install/turtlebot3_gazebo/share/turtlebot3_gazebo//models/turtlebot3_autorace_2020/traffic_pl_left/materials/scripts/traffic_pl_left.material
[14.842s] -- Symlinking: /home/kdg/kdg/install/turtlebot3_gazebo/share/turtlebot3_gazebo//models/turtlebot3_autorace_2020/traffic_pl_left/materials/textures/traffic_pl_left.png
[14.850s] -- Symlinking: /home/kdg/kdg/install/turtlebot3_gazebo/share/turtlebot3_gazebo//models/turtlebot3_autorace_2020/traffic_pl_left/model.config
[14.858s] -- Symlinking: /home/kdg/kdg/install/turtlebot3_gazebo/share/turtlebot3_gazebo//models/turtlebot3_autorace_2020/traffic_pl_left/model.sdf
[14.866s] -- Symlinking: /home/kdg/kdg/install/turtlebot3_gazebo/share/turtlebot3_gazebo//models/turtlebot3_autorace_2020/traffic_right/materials/scripts/traffic_right.material
[14.873s] -- Symlinking: /home/kdg/kdg/install/turtlebot3_gazebo/share/turtlebot3_gazebo//models/turtlebot3_autorace_2020/traffic_right/materials/textures/traffic_right.png
[14.881s] -- Symlinking: /home/kdg/kdg/install/turtlebot3_gazebo/share/turtlebot3_gazebo//models/turtlebot3_autorace_2020/traffic_right/model.config
[14.891s] -- Symlinking: /home/kdg/kdg/install/turtlebot3_gazebo/share/turtlebot3_gazebo//models/turtlebot3_autorace_2020/traffic_right/model.sdf
[14.899s] -- Symlinking: /home/kdg/kdg/install/turtlebot3_gazebo/share/turtlebot3_gazebo//models/turtlebot3_autorace_2020/traffic_stop/materials/scripts/traffic_stop.material
[14.907s] -- Symlinking: /home/kdg/kdg/install/turtlebot3_gazebo/share/turtlebot3_gazebo//models/turtlebot3_autorace_2020/traffic_stop/materials/textures/traffic_stop.png
[14.915s] -- Symlinking: /home/kdg/kdg/install/turtlebot3_gazebo/share/turtlebot3_gazebo//models/turtlebot3_autorace_2020/traffic_stop/model.config
[14.924s] -- Symlinking: /home/kdg/kdg/install/turtlebot3_gazebo/share/turtlebot3_gazebo//models/turtlebot3_autorace_2020/traffic_stop/model.sdf
[14.938s] -- Symlinking: /home/kdg/kdg/install/turtlebot3_gazebo/share/turtlebot3_gazebo//models/turtlebot3_autorace_2020/traffic_tunnel/materials/scripts/tunnel.material
[14.946s] -- Symlinking: /home/kdg/kdg/install/turtlebot3_gazebo/share/turtlebot3_gazebo//models/turtlebot3_autorace_2020/traffic_tunnel/materials/textures/tunnel.png
[14.955s] -- Symlinking: /home/kdg/kdg/install/turtlebot3_gazebo/share/turtlebot3_gazebo//models/turtlebot3_autorace_2020/traffic_tunnel/model.config
[14.962s] -- Symlinking: /home/kdg/kdg/install/turtlebot3_gazebo/share/turtlebot3_gazebo//models/turtlebot3_autorace_2020/traffic_tunnel/model.sdf
[14.971s] -- Symlinking: /home/kdg/kdg/install/turtlebot3_gazebo/share/turtlebot3_gazebo//models/turtlebot3_burger/model-1_4.sdf
[14.979s] -- Symlinking: /home/kdg/kdg/install/turtlebot3_gazebo/share/turtlebot3_gazebo//models/turtlebot3_burger/model.config
[14.989s] -- Symlinking: /home/kdg/kdg/install/turtlebot3_gazebo/share/turtlebot3_gazebo//models/turtlebot3_burger/model.sdf
[14.997s] -- Symlinking: /home/kdg/kdg/install/turtlebot3_gazebo/share/turtlebot3_gazebo//models/turtlebot3_burger_cam/model-1_4.sdf
[15.004s] -- Symlinking: /home/kdg/kdg/install/turtlebot3_gazebo/share/turtlebot3_gazebo//models/turtlebot3_burger_cam/model.config
[15.012s] -- Symlinking: /home/kdg/kdg/install/turtlebot3_gazebo/share/turtlebot3_gazebo//models/turtlebot3_burger_cam/model.sdf
[15.022s] -- Symlinking: /home/kdg/kdg/install/turtlebot3_gazebo/share/turtlebot3_gazebo//models/turtlebot3_common/meshes/bases/burger_base.stl
[15.031s] -- Symlinking: /home/kdg/kdg/install/turtlebot3_gazebo/share/turtlebot3_gazebo//models/turtlebot3_common/meshes/bases/waffle_base.stl
[15.038s] -- Symlinking: /home/kdg/kdg/install/turtlebot3_gazebo/share/turtlebot3_gazebo//models/turtlebot3_common/meshes/bases/waffle_pi_base.stl
[15.046s] -- Symlinking: /home/kdg/kdg/install/turtlebot3_gazebo/share/turtlebot3_gazebo//models/turtlebot3_common/meshes/burger_base.dae
[15.055s] -- Symlinking: /home/kdg/kdg/install/turtlebot3_gazebo/share/turtlebot3_gazebo//models/turtlebot3_common/meshes/lds.dae
[15.062s] -- Symlinking: /home/kdg/kdg/install/turtlebot3_gazebo/share/turtlebot3_gazebo//models/turtlebot3_common/meshes/r200.dae
[15.070s] -- Symlinking: /home/kdg/kdg/install/turtlebot3_gazebo/share/turtlebot3_gazebo//models/turtlebot3_common/meshes/sensors/astra.dae
[15.078s] -- Symlinking: /home/kdg/kdg/install/turtlebot3_gazebo/share/turtlebot3_gazebo//models/turtlebot3_common/meshes/sensors/astra.jpg
[15.087s] -- Symlinking: /home/kdg/kdg/install/turtlebot3_gazebo/share/turtlebot3_gazebo//models/turtlebot3_common/meshes/sensors/lds.stl
[15.094s] -- Symlinking: /home/kdg/kdg/install/turtlebot3_gazebo/share/turtlebot3_gazebo//models/turtlebot3_common/meshes/sensors/r200.dae
[15.102s] -- Symlinking: /home/kdg/kdg/install/turtlebot3_gazebo/share/turtlebot3_gazebo//models/turtlebot3_common/meshes/sensors/r200.jpg
[15.109s] -- Symlinking: /home/kdg/kdg/install/turtlebot3_gazebo/share/turtlebot3_gazebo//models/turtlebot3_common/meshes/tire.dae
[15.115s] -- Symlinking: /home/kdg/kdg/install/turtlebot3_gazebo/share/turtlebot3_gazebo//models/turtlebot3_common/meshes/waffle_base.dae
[15.122s] -- Symlinking: /home/kdg/kdg/install/turtlebot3_gazebo/share/turtlebot3_gazebo//models/turtlebot3_common/meshes/waffle_pi_base.dae
[15.129s] -- Symlinking: /home/kdg/kdg/install/turtlebot3_gazebo/share/turtlebot3_gazebo//models/turtlebot3_common/meshes/wheels/left_tire.stl
[15.136s] -- Symlinking: /home/kdg/kdg/install/turtlebot3_gazebo/share/turtlebot3_gazebo//models/turtlebot3_common/meshes/wheels/right_tire.stl
[15.142s] -- Symlinking: /home/kdg/kdg/install/turtlebot3_gazebo/share/turtlebot3_gazebo//models/turtlebot3_common/model.config
[15.149s] -- Symlinking: /home/kdg/kdg/install/turtlebot3_gazebo/share/turtlebot3_gazebo//models/turtlebot3_dqn_world/goal_box/model.config
[15.156s] -- Symlinking: /home/kdg/kdg/install/turtlebot3_gazebo/share/turtlebot3_gazebo//models/turtlebot3_dqn_world/goal_box/model.sdf
[15.163s] -- Symlinking: /home/kdg/kdg/install/turtlebot3_gazebo/share/turtlebot3_gazebo//models/turtlebot3_dqn_world/inner_walls/model.config
[15.170s] -- Symlinking: /home/kdg/kdg/install/turtlebot3_gazebo/share/turtlebot3_gazebo//models/turtlebot3_dqn_world/inner_walls/model.sdf
[15.177s] -- Symlinking: /home/kdg/kdg/install/turtlebot3_gazebo/share/turtlebot3_gazebo//models/turtlebot3_dqn_world/model.config
[15.184s] -- Symlinking: /home/kdg/kdg/install/turtlebot3_gazebo/share/turtlebot3_gazebo//models/turtlebot3_dqn_world/model.sdf
[15.193s] -- Symlinking: /home/kdg/kdg/install/turtlebot3_gazebo/share/turtlebot3_gazebo//models/turtlebot3_dqn_world/obstacle1/model.config
[15.202s] -- Symlinking: /home/kdg/kdg/install/turtlebot3_gazebo/share/turtlebot3_gazebo//models/turtlebot3_dqn_world/obstacle1/model.sdf
[15.209s] -- Symlinking: /home/kdg/kdg/install/turtlebot3_gazebo/share/turtlebot3_gazebo//models/turtlebot3_dqn_world/obstacle2/model.config
[15.215s] -- Symlinking: /home/kdg/kdg/install/turtlebot3_gazebo/share/turtlebot3_gazebo//models/turtlebot3_dqn_world/obstacle2/model.sdf
[15.222s] -- Symlinking: /home/kdg/kdg/install/turtlebot3_gazebo/share/turtlebot3_gazebo//models/turtlebot3_dqn_world/obstacles/model.config
[15.229s] -- Symlinking: /home/kdg/kdg/install/turtlebot3_gazebo/share/turtlebot3_gazebo//models/turtlebot3_dqn_world/obstacles/model.sdf
[15.235s] -- Symlinking: /home/kdg/kdg/install/turtlebot3_gazebo/share/turtlebot3_gazebo//models/turtlebot3_house/model.config
[15.242s] -- Symlinking: /home/kdg/kdg/install/turtlebot3_gazebo/share/turtlebot3_gazebo//models/turtlebot3_house/model.sdf
[15.249s] -- Symlinking: /home/kdg/kdg/install/turtlebot3_gazebo/share/turtlebot3_gazebo//models/turtlebot3_waffle/model-1_4.sdf
[15.256s] -- Symlinking: /home/kdg/kdg/install/turtlebot3_gazebo/share/turtlebot3_gazebo//models/turtlebot3_waffle/model.config
[15.263s] -- Symlinking: /home/kdg/kdg/install/turtlebot3_gazebo/share/turtlebot3_gazebo//models/turtlebot3_waffle/model.sdf
[15.271s] -- Symlinking: /home/kdg/kdg/install/turtlebot3_gazebo/share/turtlebot3_gazebo//models/turtlebot3_waffle_pi/model-1_4_.sdf
[15.278s] -- Symlinking: /home/kdg/kdg/install/turtlebot3_gazebo/share/turtlebot3_gazebo//models/turtlebot3_waffle_pi/model.config
[15.286s] -- Symlinking: /home/kdg/kdg/install/turtlebot3_gazebo/share/turtlebot3_gazebo//models/turtlebot3_waffle_pi/model.sdf
[15.294s] -- Symlinking: /home/kdg/kdg/install/turtlebot3_gazebo/share/turtlebot3_gazebo//models/turtlebot3_world/meshes/hexagon.dae
[15.303s] -- Symlinking: /home/kdg/kdg/install/turtlebot3_gazebo/share/turtlebot3_gazebo//models/turtlebot3_world/meshes/wall.dae
[15.311s] -- Symlinking: /home/kdg/kdg/install/turtlebot3_gazebo/share/turtlebot3_gazebo//models/turtlebot3_world/model-1_4.sdf
[15.317s] -- Symlinking: /home/kdg/kdg/install/turtlebot3_gazebo/share/turtlebot3_gazebo//models/turtlebot3_world/model.config
[15.325s] -- Symlinking: /home/kdg/kdg/install/turtlebot3_gazebo/share/turtlebot3_gazebo//models/turtlebot3_world/model.sdf
[15.334s] -- Symlinking: /home/kdg/kdg/install/turtlebot3_gazebo/share/turtlebot3_gazebo//rviz/tb3_gazebo.rviz
[15.342s] -- Symlinking: /home/kdg/kdg/install/turtlebot3_gazebo/share/turtlebot3_gazebo//urdf/common_properties.urdf
[15.349s] -- Symlinking: /home/kdg/kdg/install/turtlebot3_gazebo/share/turtlebot3_gazebo//urdf/turtlebot3_burger.urdf
[15.356s] -- Symlinking: /home/kdg/kdg/install/turtlebot3_gazebo/share/turtlebot3_gazebo//urdf/turtlebot3_burger_cam.urdf
[15.363s] -- Symlinking: /home/kdg/kdg/install/turtlebot3_gazebo/share/turtlebot3_gazebo//urdf/turtlebot3_waffle.urdf
[15.371s] -- Symlinking: /home/kdg/kdg/install/turtlebot3_gazebo/share/turtlebot3_gazebo//urdf/turtlebot3_waffle_pi.urdf
[15.378s] -- Symlinking: /home/kdg/kdg/install/turtlebot3_gazebo/share/turtlebot3_gazebo//worlds/empty_world.world
[15.386s] -- Symlinking: /home/kdg/kdg/install/turtlebot3_gazebo/share/turtlebot3_gazebo//worlds/turtlebot3_autorace_2020.world
[15.395s] -- Symlinking: /home/kdg/kdg/install/turtlebot3_gazebo/share/turtlebot3_gazebo//worlds/turtlebot3_dqn_stage1.world
[15.402s] -- Symlinking: /home/kdg/kdg/install/turtlebot3_gazebo/share/turtlebot3_gazebo//worlds/turtlebot3_dqn_stage2.world
[15.409s] -- Symlinking: /home/kdg/kdg/install/turtlebot3_gazebo/share/turtlebot3_gazebo//worlds/turtlebot3_dqn_stage3.world
[15.415s] -- Symlinking: /home/kdg/kdg/install/turtlebot3_gazebo/share/turtlebot3_gazebo//worlds/turtlebot3_dqn_stage4.world
[15.422s] -- Symlinking: /home/kdg/kdg/install/turtlebot3_gazebo/share/turtlebot3_gazebo//worlds/turtlebot3_house.world
[15.429s] -- Symlinking: /home/kdg/kdg/install/turtlebot3_gazebo/share/turtlebot3_gazebo//worlds/turtlebot3_world.world
[15.435s] -- Symlinking: /home/kdg/kdg/install/turtlebot3_gazebo/include//turtlebot3_gazebo/obstacle1.hpp
[15.443s] -- Symlinking: /home/kdg/kdg/install/turtlebot3_gazebo/include//turtlebot3_gazebo/obstacle2.hpp
[15.449s] -- Symlinking: /home/kdg/kdg/install/turtlebot3_gazebo/include//turtlebot3_gazebo/obstacles.hpp
[15.457s] -- Symlinking: /home/kdg/kdg/install/turtlebot3_gazebo/include//turtlebot3_gazebo/traffic_bar_plugin.hpp
[15.464s] -- Symlinking: /home/kdg/kdg/install/turtlebot3_gazebo/include//turtlebot3_gazebo/traffic_light_plugin.hpp
[15.471s] -- Symlinking: /home/kdg/kdg/install/turtlebot3_gazebo/include//turtlebot3_gazebo/turtlebot3_drive.hpp
[15.478s] -- Symlinking: /home/kdg/kdg/install/turtlebot3_gazebo/share/ament_index/resource_index/package_run_dependencies/turtlebot3_gazebo
[15.486s] -- Symlinking: /home/kdg/kdg/install/turtlebot3_gazebo/share/ament_index/resource_index/parent_prefix_path/turtlebot3_gazebo
[15.494s] -- Symlinking: /home/kdg/kdg/install/turtlebot3_gazebo/share/turtlebot3_gazebo/environment/ament_prefix_path.sh
[15.501s] -- Symlinking: /home/kdg/kdg/install/turtlebot3_gazebo/share/turtlebot3_gazebo/environment/ament_prefix_path.dsv
[15.510s] -- Symlinking: /home/kdg/kdg/install/turtlebot3_gazebo/share/turtlebot3_gazebo/environment/path.sh
[15.517s] -- Symlinking: /home/kdg/kdg/install/turtlebot3_gazebo/share/turtlebot3_gazebo/environment/path.dsv
[15.524s] -- Symlinking: /home/kdg/kdg/install/turtlebot3_gazebo/share/turtlebot3_gazebo/local_setup.bash
[15.531s] -- Symlinking: /home/kdg/kdg/install/turtlebot3_gazebo/share/turtlebot3_gazebo/local_setup.sh
[15.538s] -- Symlinking: /home/kdg/kdg/install/turtlebot3_gazebo/share/turtlebot3_gazebo/local_setup.zsh
[15.544s] -- Symlinking: /home/kdg/kdg/install/turtlebot3_gazebo/share/turtlebot3_gazebo/local_setup.dsv
[15.551s] -- Symlinking: /home/kdg/kdg/install/turtlebot3_gazebo/share/turtlebot3_gazebo/package.dsv
[15.558s] -- Symlinking: /home/kdg/kdg/install/turtlebot3_gazebo/share/ament_index/resource_index/packages/turtlebot3_gazebo
[15.565s] -- Symlinking: /home/kdg/kdg/install/turtlebot3_gazebo/share/turtlebot3_gazebo/cmake/ament_cmake_export_include_directories-extras.cmake
[15.572s] -- Symlinking: /home/kdg/kdg/install/turtlebot3_gazebo/share/turtlebot3_gazebo/cmake/ament_cmake_export_dependencies-extras.cmake
[15.579s] -- Symlinking: /home/kdg/kdg/install/turtlebot3_gazebo/share/turtlebot3_gazebo/cmake/turtlebot3_gazeboConfig.cmake
[15.587s] -- Symlinking: /home/kdg/kdg/install/turtlebot3_gazebo/share/turtlebot3_gazebo/cmake/turtlebot3_gazeboConfig-version.cmake
[15.595s] -- Symlinking: /home/kdg/kdg/install/turtlebot3_gazebo/share/turtlebot3_gazebo/package.xml
[15.607s] Invoked command in '/home/kdg/kdg/build/turtlebot3_gazebo' returned '0': CMAKE_PREFIX_PATH=${CMAKE_PREFIX_PATH}:/opt/ros/humble /usr/bin/cmake --install /home/kdg/kdg/build/turtlebot3_gazebo
