[0.107s] DEBUG:colcon:Command line arguments: ['/usr/bin/colcon', 'build']
[0.108s] DEBUG:colcon:Parsed command line arguments: Namespace(log_base=None, log_level=None, verb_name='build', build_base='build', install_base='install', merge_install=False, symlink_install=False, test_result_base=None, continue_on_error=False, executor='parallel', parallel_workers=16, event_handlers=None, ignore_user_meta=False, metas=['./colcon.meta'], base_paths=['.'], packages_ignore=None, packages_ignore_regex=None, paths=None, packages_up_to=None, packages_up_to_regex=None, packages_above=None, packages_above_and_dependencies=None, packages_above_depth=None, packages_select_by_dep=None, packages_skip_by_dep=None, packages_skip_up_to=None, packages_select_build_failed=False, packages_skip_build_finished=False, packages_select_test_failures=False, packages_skip_test_passed=False, packages_select=None, packages_skip=None, packages_select_regex=None, packages_skip_regex=None, packages_start=None, packages_end=None, allow_overriding=[], cmake_args=None, cmake_target=None, cmake_target_skip_unavailable=False, cmake_clean_cache=False, cmake_clean_first=False, cmake_force_configure=False, ament_cmake_args=None, catkin_cmake_args=None, catkin_skip_building_tests=False, verb_parser=<colcon_defaults.argument_parser.defaults.DefaultArgumentsDecorator object at 0x74938391f640>, verb_extension=<colcon_core.verb.build.BuildVerb object at 0x749383ad0430>, main=<bound method BuildVerb.main of <colcon_core.verb.build.BuildVerb object at 0x749383ad0430>>)
[0.280s] Level 1:colcon.colcon_core.package_discovery:discover_packages(colcon_meta) check parameters
[0.280s] Level 1:colcon.colcon_core.package_discovery:discover_packages(recursive) check parameters
[0.280s] Level 1:colcon.colcon_core.package_discovery:discover_packages(ignore) check parameters
[0.280s] Level 1:colcon.colcon_core.package_discovery:discover_packages(path) check parameters
[0.280s] Level 1:colcon.colcon_core.package_discovery:discover_packages(colcon_meta) discover
[0.280s] Level 1:colcon.colcon_core.package_discovery:discover_packages(recursive) discover
[0.280s] INFO:colcon.colcon_core.package_discovery:Crawling recursively for packages in '/home/kdg/kdg'
[0.280s] Level 1:colcon.colcon_core.package_identification:_identify(.) by extensions ['ignore', 'ignore_ament_install']
[0.280s] Level 1:colcon.colcon_core.package_identification:_identify(.) by extension 'ignore'
[0.280s] Level 1:colcon.colcon_core.package_identification:_identify(.) by extension 'ignore_ament_install'
[0.281s] Level 1:colcon.colcon_core.package_identification:_identify(.) by extensions ['colcon_pkg']
[0.281s] Level 1:colcon.colcon_core.package_identification:_identify(.) by extension 'colcon_pkg'
[0.281s] Level 1:colcon.colcon_core.package_identification:_identify(.) by extensions ['colcon_meta']
[0.281s] Level 1:colcon.colcon_core.package_identification:_identify(.) by extension 'colcon_meta'
[0.281s] Level 1:colcon.colcon_core.package_identification:_identify(.) by extensions ['ros']
[0.281s] Level 1:colcon.colcon_core.package_identification:_identify(.) by extension 'ros'
[0.292s] Level 1:colcon.colcon_core.package_identification:_identify(.) by extensions ['cmake', 'python']
[0.292s] Level 1:colcon.colcon_core.package_identification:_identify(.) by extension 'cmake'
[0.292s] Level 1:colcon.colcon_core.package_identification:_identify(.) by extension 'python'
[0.292s] Level 1:colcon.colcon_core.package_identification:_identify(.) by extensions ['python_setup_py']
[0.293s] Level 1:colcon.colcon_core.package_identification:_identify(.) by extension 'python_setup_py'
[0.293s] Level 1:colcon.colcon_core.package_identification:_identify(build) by extensions ['ignore', 'ignore_ament_install']
[0.293s] Level 1:colcon.colcon_core.package_identification:_identify(build) by extension 'ignore'
[0.293s] Level 1:colcon.colcon_core.package_identification:_identify(build) ignored
[0.293s] Level 1:colcon.colcon_core.package_identification:_identify(install) by extensions ['ignore', 'ignore_ament_install']
[0.293s] Level 1:colcon.colcon_core.package_identification:_identify(install) by extension 'ignore'
[0.293s] Level 1:colcon.colcon_core.package_identification:_identify(install) ignored
[0.293s] Level 1:colcon.colcon_core.package_identification:_identify(log) by extensions ['ignore', 'ignore_ament_install']
[0.293s] Level 1:colcon.colcon_core.package_identification:_identify(log) by extension 'ignore'
[0.293s] Level 1:colcon.colcon_core.package_identification:_identify(log) ignored
[0.294s] Level 1:colcon.colcon_core.package_identification:_identify(src) by extensions ['ignore', 'ignore_ament_install']
[0.294s] Level 1:colcon.colcon_core.package_identification:_identify(src) by extension 'ignore'
[0.294s] Level 1:colcon.colcon_core.package_identification:_identify(src) by extension 'ignore_ament_install'
[0.294s] Level 1:colcon.colcon_core.package_identification:_identify(src) by extensions ['colcon_pkg']
[0.294s] Level 1:colcon.colcon_core.package_identification:_identify(src) by extension 'colcon_pkg'
[0.294s] Level 1:colcon.colcon_core.package_identification:_identify(src) by extensions ['colcon_meta']
[0.294s] Level 1:colcon.colcon_core.package_identification:_identify(src) by extension 'colcon_meta'
[0.294s] Level 1:colcon.colcon_core.package_identification:_identify(src) by extensions ['ros']
[0.294s] Level 1:colcon.colcon_core.package_identification:_identify(src) by extension 'ros'
[0.294s] Level 1:colcon.colcon_core.package_identification:_identify(src) by extensions ['cmake', 'python']
[0.294s] Level 1:colcon.colcon_core.package_identification:_identify(src) by extension 'cmake'
[0.294s] Level 1:colcon.colcon_core.package_identification:_identify(src) by extension 'python'
[0.294s] Level 1:colcon.colcon_core.package_identification:_identify(src) by extensions ['python_setup_py']
[0.294s] Level 1:colcon.colcon_core.package_identification:_identify(src) by extension 'python_setup_py'
[0.294s] Level 1:colcon.colcon_core.package_identification:_identify(src/topic_ex_c) by extensions ['ignore', 'ignore_ament_install']
[0.295s] Level 1:colcon.colcon_core.package_identification:_identify(src/topic_ex_c) by extension 'ignore'
[0.295s] Level 1:colcon.colcon_core.package_identification:_identify(src/topic_ex_c) by extension 'ignore_ament_install'
[0.295s] Level 1:colcon.colcon_core.package_identification:_identify(src/topic_ex_c) by extensions ['colcon_pkg']
[0.295s] Level 1:colcon.colcon_core.package_identification:_identify(src/topic_ex_c) by extension 'colcon_pkg'
[0.295s] Level 1:colcon.colcon_core.package_identification:_identify(src/topic_ex_c) by extensions ['colcon_meta']
[0.295s] Level 1:colcon.colcon_core.package_identification:_identify(src/topic_ex_c) by extension 'colcon_meta'
[0.295s] Level 1:colcon.colcon_core.package_identification:_identify(src/topic_ex_c) by extensions ['ros']
[0.295s] Level 1:colcon.colcon_core.package_identification:_identify(src/topic_ex_c) by extension 'ros'
[0.297s] DEBUG:colcon.colcon_core.package_identification:Package 'src/topic_ex_c' with type 'ros.ament_cmake' and name 'topic_ex_c'
[0.297s] Level 1:colcon.colcon_core.package_identification:_identify(src/turtlebot3_simulations) by extensions ['ignore', 'ignore_ament_install']
[0.297s] Level 1:colcon.colcon_core.package_identification:_identify(src/turtlebot3_simulations) by extension 'ignore'
[0.298s] Level 1:colcon.colcon_core.package_identification:_identify(src/turtlebot3_simulations) by extension 'ignore_ament_install'
[0.298s] Level 1:colcon.colcon_core.package_identification:_identify(src/turtlebot3_simulations) by extensions ['colcon_pkg']
[0.298s] Level 1:colcon.colcon_core.package_identification:_identify(src/turtlebot3_simulations) by extension 'colcon_pkg'
[0.298s] Level 1:colcon.colcon_core.package_identification:_identify(src/turtlebot3_simulations) by extensions ['colcon_meta']
[0.298s] Level 1:colcon.colcon_core.package_identification:_identify(src/turtlebot3_simulations) by extension 'colcon_meta'
[0.298s] Level 1:colcon.colcon_core.package_identification:_identify(src/turtlebot3_simulations) by extensions ['ros']
[0.298s] Level 1:colcon.colcon_core.package_identification:_identify(src/turtlebot3_simulations) by extension 'ros'
[0.298s] Level 1:colcon.colcon_core.package_identification:_identify(src/turtlebot3_simulations) by extensions ['cmake', 'python']
[0.298s] Level 1:colcon.colcon_core.package_identification:_identify(src/turtlebot3_simulations) by extension 'cmake'
[0.298s] Level 1:colcon.colcon_core.package_identification:_identify(src/turtlebot3_simulations) by extension 'python'
[0.298s] Level 1:colcon.colcon_core.package_identification:_identify(src/turtlebot3_simulations) by extensions ['python_setup_py']
[0.298s] Level 1:colcon.colcon_core.package_identification:_identify(src/turtlebot3_simulations) by extension 'python_setup_py'
[0.298s] Level 1:colcon.colcon_core.package_identification:_identify(src/turtlebot3_simulations/turtlebot3_fake_node) by extensions ['ignore', 'ignore_ament_install']
[0.298s] Level 1:colcon.colcon_core.package_identification:_identify(src/turtlebot3_simulations/turtlebot3_fake_node) by extension 'ignore'
[0.298s] Level 1:colcon.colcon_core.package_identification:_identify(src/turtlebot3_simulations/turtlebot3_fake_node) by extension 'ignore_ament_install'
[0.298s] Level 1:colcon.colcon_core.package_identification:_identify(src/turtlebot3_simulations/turtlebot3_fake_node) by extensions ['colcon_pkg']
[0.298s] Level 1:colcon.colcon_core.package_identification:_identify(src/turtlebot3_simulations/turtlebot3_fake_node) by extension 'colcon_pkg'
[0.298s] Level 1:colcon.colcon_core.package_identification:_identify(src/turtlebot3_simulations/turtlebot3_fake_node) by extensions ['colcon_meta']
[0.298s] Level 1:colcon.colcon_core.package_identification:_identify(src/turtlebot3_simulations/turtlebot3_fake_node) by extension 'colcon_meta'
[0.299s] Level 1:colcon.colcon_core.package_identification:_identify(src/turtlebot3_simulations/turtlebot3_fake_node) by extensions ['ros']
[0.299s] Level 1:colcon.colcon_core.package_identification:_identify(src/turtlebot3_simulations/turtlebot3_fake_node) by extension 'ros'
[0.300s] DEBUG:colcon.colcon_core.package_identification:Package 'src/turtlebot3_simulations/turtlebot3_fake_node' with type 'ros.ament_cmake' and name 'turtlebot3_fake_node'
[0.300s] Level 1:colcon.colcon_core.package_identification:_identify(src/turtlebot3_simulations/turtlebot3_gazebo) by extensions ['ignore', 'ignore_ament_install']
[0.300s] Level 1:colcon.colcon_core.package_identification:_identify(src/turtlebot3_simulations/turtlebot3_gazebo) by extension 'ignore'
[0.300s] Level 1:colcon.colcon_core.package_identification:_identify(src/turtlebot3_simulations/turtlebot3_gazebo) by extension 'ignore_ament_install'
[0.300s] Level 1:colcon.colcon_core.package_identification:_identify(src/turtlebot3_simulations/turtlebot3_gazebo) by extensions ['colcon_pkg']
[0.300s] Level 1:colcon.colcon_core.package_identification:_identify(src/turtlebot3_simulations/turtlebot3_gazebo) by extension 'colcon_pkg'
[0.300s] Level 1:colcon.colcon_core.package_identification:_identify(src/turtlebot3_simulations/turtlebot3_gazebo) by extensions ['colcon_meta']
[0.300s] Level 1:colcon.colcon_core.package_identification:_identify(src/turtlebot3_simulations/turtlebot3_gazebo) by extension 'colcon_meta'
[0.300s] Level 1:colcon.colcon_core.package_identification:_identify(src/turtlebot3_simulations/turtlebot3_gazebo) by extensions ['ros']
[0.300s] Level 1:colcon.colcon_core.package_identification:_identify(src/turtlebot3_simulations/turtlebot3_gazebo) by extension 'ros'
[0.301s] DEBUG:colcon.colcon_core.package_identification:Package 'src/turtlebot3_simulations/turtlebot3_gazebo' with type 'ros.ament_cmake' and name 'turtlebot3_gazebo'
[0.301s] Level 1:colcon.colcon_core.package_identification:_identify(src/turtlebot3_simulations/turtlebot3_simulations) by extensions ['ignore', 'ignore_ament_install']
[0.302s] Level 1:colcon.colcon_core.package_identification:_identify(src/turtlebot3_simulations/turtlebot3_simulations) by extension 'ignore'
[0.302s] Level 1:colcon.colcon_core.package_identification:_identify(src/turtlebot3_simulations/turtlebot3_simulations) by extension 'ignore_ament_install'
[0.302s] Level 1:colcon.colcon_core.package_identification:_identify(src/turtlebot3_simulations/turtlebot3_simulations) by extensions ['colcon_pkg']
[0.302s] Level 1:colcon.colcon_core.package_identification:_identify(src/turtlebot3_simulations/turtlebot3_simulations) by extension 'colcon_pkg'
[0.302s] Level 1:colcon.colcon_core.package_identification:_identify(src/turtlebot3_simulations/turtlebot3_simulations) by extensions ['colcon_meta']
[0.302s] Level 1:colcon.colcon_core.package_identification:_identify(src/turtlebot3_simulations/turtlebot3_simulations) by extension 'colcon_meta'
[0.302s] Level 1:colcon.colcon_core.package_identification:_identify(src/turtlebot3_simulations/turtlebot3_simulations) by extensions ['ros']
[0.302s] Level 1:colcon.colcon_core.package_identification:_identify(src/turtlebot3_simulations/turtlebot3_simulations) by extension 'ros'
[0.302s] DEBUG:colcon.colcon_core.package_identification:Package 'src/turtlebot3_simulations/turtlebot3_simulations' with type 'ros.ament_cmake' and name 'turtlebot3_simulations'
[0.303s] Level 1:colcon.colcon_core.package_identification:_identify(src/wanderbot) by extensions ['ignore', 'ignore_ament_install']
[0.303s] Level 1:colcon.colcon_core.package_identification:_identify(src/wanderbot) by extension 'ignore'
[0.303s] Level 1:colcon.colcon_core.package_identification:_identify(src/wanderbot) by extension 'ignore_ament_install'
[0.303s] Level 1:colcon.colcon_core.package_identification:_identify(src/wanderbot) by extensions ['colcon_pkg']
[0.303s] Level 1:colcon.colcon_core.package_identification:_identify(src/wanderbot) by extension 'colcon_pkg'
[0.303s] Level 1:colcon.colcon_core.package_identification:_identify(src/wanderbot) by extensions ['colcon_meta']
[0.303s] Level 1:colcon.colcon_core.package_identification:_identify(src/wanderbot) by extension 'colcon_meta'
[0.303s] Level 1:colcon.colcon_core.package_identification:_identify(src/wanderbot) by extensions ['ros']
[0.303s] Level 1:colcon.colcon_core.package_identification:_identify(src/wanderbot) by extension 'ros'
[0.303s] DEBUG:colcon.colcon_core.package_identification:Package 'src/wanderbot' with type 'ros.ament_cmake' and name 'wanderbot'
[0.303s] Level 1:colcon.colcon_core.package_discovery:discover_packages(recursive) using defaults
[0.304s] Level 1:colcon.colcon_core.package_discovery:discover_packages(ignore) discover
[0.304s] Level 1:colcon.colcon_core.package_discovery:discover_packages(ignore) using defaults
[0.304s] Level 1:colcon.colcon_core.package_discovery:discover_packages(path) discover
[0.304s] Level 1:colcon.colcon_core.package_discovery:discover_packages(path) using defaults
[0.340s] Level 1:colcon.colcon_core.package_discovery:discover_packages(prefix_path) check parameters
[0.340s] Level 1:colcon.colcon_core.package_discovery:discover_packages(prefix_path) discover
[0.342s] DEBUG:colcon.colcon_installed_package_information.package_discovery:Found 5 installed packages in /home/kdg/kdg/install
[0.344s] DEBUG:colcon.colcon_installed_package_information.package_discovery:Found 374 installed packages in /opt/ros/humble
[0.346s] Level 1:colcon.colcon_core.package_discovery:discover_packages(prefix_path) using defaults
[0.392s] Level 5:colcon.colcon_core.verb:set package 'topic_ex_c' build argument 'cmake_args' from command line to 'None'
[0.392s] Level 5:colcon.colcon_core.verb:set package 'topic_ex_c' build argument 'cmake_target' from command line to 'None'
[0.392s] Level 5:colcon.colcon_core.verb:set package 'topic_ex_c' build argument 'cmake_target_skip_unavailable' from command line to 'False'
[0.392s] Level 5:colcon.colcon_core.verb:set package 'topic_ex_c' build argument 'cmake_clean_cache' from command line to 'False'
[0.392s] Level 5:colcon.colcon_core.verb:set package 'topic_ex_c' build argument 'cmake_clean_first' from command line to 'False'
[0.392s] Level 5:colcon.colcon_core.verb:set package 'topic_ex_c' build argument 'cmake_force_configure' from command line to 'False'
[0.392s] Level 5:colcon.colcon_core.verb:set package 'topic_ex_c' build argument 'ament_cmake_args' from command line to 'None'
[0.393s] Level 5:colcon.colcon_core.verb:set package 'topic_ex_c' build argument 'catkin_cmake_args' from command line to 'None'
[0.393s] Level 5:colcon.colcon_core.verb:set package 'topic_ex_c' build argument 'catkin_skip_building_tests' from command line to 'False'
[0.393s] DEBUG:colcon.colcon_core.verb:Building package 'topic_ex_c' with the following arguments: {'ament_cmake_args': None, 'build_base': '/home/kdg/kdg/build/topic_ex_c', 'catkin_cmake_args': None, 'catkin_skip_building_tests': False, 'cmake_args': None, 'cmake_clean_cache': False, 'cmake_clean_first': False, 'cmake_force_configure': False, 'cmake_target': None, 'cmake_target_skip_unavailable': False, 'install_base': '/home/kdg/kdg/install/topic_ex_c', 'merge_install': False, 'path': '/home/kdg/kdg/src/topic_ex_c', 'symlink_install': False, 'test_result_base': None}
[0.393s] Level 5:colcon.colcon_core.verb:set package 'turtlebot3_fake_node' build argument 'cmake_args' from command line to 'None'
[0.393s] Level 5:colcon.colcon_core.verb:set package 'turtlebot3_fake_node' build argument 'cmake_target' from command line to 'None'
[0.393s] Level 5:colcon.colcon_core.verb:set package 'turtlebot3_fake_node' build argument 'cmake_target_skip_unavailable' from command line to 'False'
[0.393s] Level 5:colcon.colcon_core.verb:set package 'turtlebot3_fake_node' build argument 'cmake_clean_cache' from command line to 'False'
[0.393s] Level 5:colcon.colcon_core.verb:set package 'turtlebot3_fake_node' build argument 'cmake_clean_first' from command line to 'False'
[0.393s] Level 5:colcon.colcon_core.verb:set package 'turtlebot3_fake_node' build argument 'cmake_force_configure' from command line to 'False'
[0.393s] Level 5:colcon.colcon_core.verb:set package 'turtlebot3_fake_node' build argument 'ament_cmake_args' from command line to 'None'
[0.393s] Level 5:colcon.colcon_core.verb:set package 'turtlebot3_fake_node' build argument 'catkin_cmake_args' from command line to 'None'
[0.393s] Level 5:colcon.colcon_core.verb:set package 'turtlebot3_fake_node' build argument 'catkin_skip_building_tests' from command line to 'False'
[0.393s] DEBUG:colcon.colcon_core.verb:Building package 'turtlebot3_fake_node' with the following arguments: {'ament_cmake_args': None, 'build_base': '/home/kdg/kdg/build/turtlebot3_fake_node', 'catkin_cmake_args': None, 'catkin_skip_building_tests': False, 'cmake_args': None, 'cmake_clean_cache': False, 'cmake_clean_first': False, 'cmake_force_configure': False, 'cmake_target': None, 'cmake_target_skip_unavailable': False, 'install_base': '/home/kdg/kdg/install/turtlebot3_fake_node', 'merge_install': False, 'path': '/home/kdg/kdg/src/turtlebot3_simulations/turtlebot3_fake_node', 'symlink_install': False, 'test_result_base': None}
[0.394s] Level 5:colcon.colcon_core.verb:set package 'turtlebot3_gazebo' build argument 'cmake_args' from command line to 'None'
[0.394s] Level 5:colcon.colcon_core.verb:set package 'turtlebot3_gazebo' build argument 'cmake_target' from command line to 'None'
[0.394s] Level 5:colcon.colcon_core.verb:set package 'turtlebot3_gazebo' build argument 'cmake_target_skip_unavailable' from command line to 'False'
[0.394s] Level 5:colcon.colcon_core.verb:set package 'turtlebot3_gazebo' build argument 'cmake_clean_cache' from command line to 'False'
[0.394s] Level 5:colcon.colcon_core.verb:set package 'turtlebot3_gazebo' build argument 'cmake_clean_first' from command line to 'False'
[0.394s] Level 5:colcon.colcon_core.verb:set package 'turtlebot3_gazebo' build argument 'cmake_force_configure' from command line to 'False'
[0.394s] Level 5:colcon.colcon_core.verb:set package 'turtlebot3_gazebo' build argument 'ament_cmake_args' from command line to 'None'
[0.394s] Level 5:colcon.colcon_core.verb:set package 'turtlebot3_gazebo' build argument 'catkin_cmake_args' from command line to 'None'
[0.394s] Level 5:colcon.colcon_core.verb:set package 'turtlebot3_gazebo' build argument 'catkin_skip_building_tests' from command line to 'False'
[0.394s] DEBUG:colcon.colcon_core.verb:Building package 'turtlebot3_gazebo' with the following arguments: {'ament_cmake_args': None, 'build_base': '/home/kdg/kdg/build/turtlebot3_gazebo', 'catkin_cmake_args': None, 'catkin_skip_building_tests': False, 'cmake_args': None, 'cmake_clean_cache': False, 'cmake_clean_first': False, 'cmake_force_configure': False, 'cmake_target': None, 'cmake_target_skip_unavailable': False, 'install_base': '/home/kdg/kdg/install/turtlebot3_gazebo', 'merge_install': False, 'path': '/home/kdg/kdg/src/turtlebot3_simulations/turtlebot3_gazebo', 'symlink_install': False, 'test_result_base': None}
[0.394s] Level 5:colcon.colcon_core.verb:set package 'wanderbot' build argument 'cmake_args' from command line to 'None'
[0.394s] Level 5:colcon.colcon_core.verb:set package 'wanderbot' build argument 'cmake_target' from command line to 'None'
[0.394s] Level 5:colcon.colcon_core.verb:set package 'wanderbot' build argument 'cmake_target_skip_unavailable' from command line to 'False'
[0.394s] Level 5:colcon.colcon_core.verb:set package 'wanderbot' build argument 'cmake_clean_cache' from command line to 'False'
[0.394s] Level 5:colcon.colcon_core.verb:set package 'wanderbot' build argument 'cmake_clean_first' from command line to 'False'
[0.394s] Level 5:colcon.colcon_core.verb:set package 'wanderbot' build argument 'cmake_force_configure' from command line to 'False'
[0.394s] Level 5:colcon.colcon_core.verb:set package 'wanderbot' build argument 'ament_cmake_args' from command line to 'None'
[0.394s] Level 5:colcon.colcon_core.verb:set package 'wanderbot' build argument 'catkin_cmake_args' from command line to 'None'
[0.394s] Level 5:colcon.colcon_core.verb:set package 'wanderbot' build argument 'catkin_skip_building_tests' from command line to 'False'
[0.394s] DEBUG:colcon.colcon_core.verb:Building package 'wanderbot' with the following arguments: {'ament_cmake_args': None, 'build_base': '/home/kdg/kdg/build/wanderbot', 'catkin_cmake_args': None, 'catkin_skip_building_tests': False, 'cmake_args': None, 'cmake_clean_cache': False, 'cmake_clean_first': False, 'cmake_force_configure': False, 'cmake_target': None, 'cmake_target_skip_unavailable': False, 'install_base': '/home/kdg/kdg/install/wanderbot', 'merge_install': False, 'path': '/home/kdg/kdg/src/wanderbot', 'symlink_install': False, 'test_result_base': None}
[0.395s] Level 5:colcon.colcon_core.verb:set package 'turtlebot3_simulations' build argument 'cmake_args' from command line to 'None'
[0.395s] Level 5:colcon.colcon_core.verb:set package 'turtlebot3_simulations' build argument 'cmake_target' from command line to 'None'
[0.395s] Level 5:colcon.colcon_core.verb:set package 'turtlebot3_simulations' build argument 'cmake_target_skip_unavailable' from command line to 'False'
[0.395s] Level 5:colcon.colcon_core.verb:set package 'turtlebot3_simulations' build argument 'cmake_clean_cache' from command line to 'False'
[0.395s] Level 5:colcon.colcon_core.verb:set package 'turtlebot3_simulations' build argument 'cmake_clean_first' from command line to 'False'
[0.395s] Level 5:colcon.colcon_core.verb:set package 'turtlebot3_simulations' build argument 'cmake_force_configure' from command line to 'False'
[0.395s] Level 5:colcon.colcon_core.verb:set package 'turtlebot3_simulations' build argument 'ament_cmake_args' from command line to 'None'
[0.395s] Level 5:colcon.colcon_core.verb:set package 'turtlebot3_simulations' build argument 'catkin_cmake_args' from command line to 'None'
[0.395s] Level 5:colcon.colcon_core.verb:set package 'turtlebot3_simulations' build argument 'catkin_skip_building_tests' from command line to 'False'
[0.395s] DEBUG:colcon.colcon_core.verb:Building package 'turtlebot3_simulations' with the following arguments: {'ament_cmake_args': None, 'build_base': '/home/kdg/kdg/build/turtlebot3_simulations', 'catkin_cmake_args': None, 'catkin_skip_building_tests': False, 'cmake_args': None, 'cmake_clean_cache': False, 'cmake_clean_first': False, 'cmake_force_configure': False, 'cmake_target': None, 'cmake_target_skip_unavailable': False, 'install_base': '/home/kdg/kdg/install/turtlebot3_simulations', 'merge_install': False, 'path': '/home/kdg/kdg/src/turtlebot3_simulations/turtlebot3_simulations', 'symlink_install': False, 'test_result_base': None}
[0.395s] INFO:colcon.colcon_core.executor:Executing jobs using 'parallel' executor
[0.396s] DEBUG:colcon.colcon_parallel_executor.executor.parallel:run_until_complete
[0.397s] INFO:colcon.colcon_ros.task.ament_cmake.build:Building ROS package in '/home/kdg/kdg/src/turtlebot3_simulations/turtlebot3_fake_node' with build type 'ament_cmake'
[0.397s] INFO:colcon.colcon_cmake.task.cmake.build:Building CMake package in '/home/kdg/kdg/src/turtlebot3_simulations/turtlebot3_fake_node'
[0.399s] INFO:colcon.colcon_core.plugin_system:Skipping extension 'colcon_core.shell.bat': Not used on non-Windows systems
[0.399s] INFO:colcon.colcon_core.shell:Skip shell extension 'powershell' for command environment: Not usable outside of PowerShell
[0.399s] DEBUG:colcon.colcon_core.shell:Skip shell extension 'dsv' for command environment
[0.404s] INFO:colcon.colcon_ros.task.ament_cmake.build:Building ROS package in '/home/kdg/kdg/src/turtlebot3_simulations/turtlebot3_gazebo' with build type 'ament_cmake'
[0.404s] INFO:colcon.colcon_cmake.task.cmake.build:Building CMake package in '/home/kdg/kdg/src/turtlebot3_simulations/turtlebot3_gazebo'
[0.405s] INFO:colcon.colcon_core.shell:Skip shell extension 'powershell' for command environment: Not usable outside of PowerShell
[0.405s] DEBUG:colcon.colcon_core.shell:Skip shell extension 'dsv' for command environment
[0.409s] INFO:colcon.colcon_ros.task.ament_cmake.build:Building ROS package in '/home/kdg/kdg/src/topic_ex_c' with build type 'ament_cmake'
[0.409s] INFO:colcon.colcon_cmake.task.cmake.build:Building CMake package in '/home/kdg/kdg/src/topic_ex_c'
[0.410s] INFO:colcon.colcon_core.shell:Skip shell extension 'powershell' for command environment: Not usable outside of PowerShell
[0.410s] DEBUG:colcon.colcon_core.shell:Skip shell extension 'dsv' for command environment
[0.415s] INFO:colcon.colcon_ros.task.ament_cmake.build:Building ROS package in '/home/kdg/kdg/src/wanderbot' with build type 'ament_cmake'
[0.416s] INFO:colcon.colcon_cmake.task.cmake.build:Building CMake package in '/home/kdg/kdg/src/wanderbot'
[0.416s] INFO:colcon.colcon_core.shell:Skip shell extension 'powershell' for command environment: Not usable outside of PowerShell
[0.416s] DEBUG:colcon.colcon_core.shell:Skip shell extension 'dsv' for command environment
[0.428s] DEBUG:colcon.colcon_core.event_handler.log_command:Invoking command in '/home/kdg/kdg/build/turtlebot3_fake_node': CMAKE_PREFIX_PATH=${CMAKE_PREFIX_PATH}:/opt/ros/humble /usr/bin/cmake --build /home/kdg/kdg/build/turtlebot3_fake_node -- -j16 -l16
[0.433s] DEBUG:colcon.colcon_core.event_handler.log_command:Invoking command in '/home/kdg/kdg/build/turtlebot3_gazebo': CMAKE_PREFIX_PATH=${CMAKE_PREFIX_PATH}:/opt/ros/humble /usr/bin/cmake --build /home/kdg/kdg/build/turtlebot3_gazebo -- -j16 -l16
[0.437s] DEBUG:colcon.colcon_core.event_handler.log_command:Invoking command in '/home/kdg/kdg/build/topic_ex_c': CMAKE_PREFIX_PATH=${CMAKE_PREFIX_PATH}:/opt/ros/humble /usr/bin/cmake --build /home/kdg/kdg/build/topic_ex_c -- -j16 -l16
[0.444s] DEBUG:colcon.colcon_core.event_handler.log_command:Invoking command in '/home/kdg/kdg/build/wanderbot': CMAKE_PREFIX_PATH=${CMAKE_PREFIX_PATH}:/opt/ros/humble /usr/bin/cmake --build /home/kdg/kdg/build/wanderbot -- -j16 -l16
[0.526s] DEBUG:colcon.colcon_core.event_handler.log_command:Invoked command in '/home/kdg/kdg/build/turtlebot3_fake_node' returned '0': CMAKE_PREFIX_PATH=${CMAKE_PREFIX_PATH}:/opt/ros/humble /usr/bin/cmake --build /home/kdg/kdg/build/turtlebot3_fake_node -- -j16 -l16
[0.542s] DEBUG:colcon.colcon_core.event_handler.log_command:Invoking command in '/home/kdg/kdg/build/turtlebot3_fake_node': CMAKE_PREFIX_PATH=${CMAKE_PREFIX_PATH}:/opt/ros/humble /usr/bin/cmake --install /home/kdg/kdg/build/turtlebot3_fake_node
[0.543s] DEBUG:colcon.colcon_core.event_handler.log_command:Invoked command in '/home/kdg/kdg/build/topic_ex_c' returned '0': CMAKE_PREFIX_PATH=${CMAKE_PREFIX_PATH}:/opt/ros/humble /usr/bin/cmake --build /home/kdg/kdg/build/topic_ex_c -- -j16 -l16
[0.546s] DEBUG:colcon.colcon_core.event_handler.log_command:Invoking command in '/home/kdg/kdg/build/topic_ex_c': CMAKE_PREFIX_PATH=${CMAKE_PREFIX_PATH}:/opt/ros/humble /usr/bin/cmake --install /home/kdg/kdg/build/topic_ex_c
[0.555s] DEBUG:colcon.colcon_core.event_handler.log_command:Invoked command in '/home/kdg/kdg/build/turtlebot3_gazebo' returned '0': CMAKE_PREFIX_PATH=${CMAKE_PREFIX_PATH}:/opt/ros/humble /usr/bin/cmake --build /home/kdg/kdg/build/turtlebot3_gazebo -- -j16 -l16
[0.558s] DEBUG:colcon.colcon_core.event_handler.log_command:Invoking command in '/home/kdg/kdg/build/turtlebot3_gazebo': CMAKE_PREFIX_PATH=${CMAKE_PREFIX_PATH}:/opt/ros/humble /usr/bin/cmake --install /home/kdg/kdg/build/turtlebot3_gazebo
[0.558s] Level 1:colcon.colcon_core.environment:create_environment_scripts_only(turtlebot3_fake_node)
[0.560s] DEBUG:colcon.colcon_core.event_handler.log_command:Invoked command in '/home/kdg/kdg/build/turtlebot3_fake_node' returned '0': CMAKE_PREFIX_PATH=${CMAKE_PREFIX_PATH}:/opt/ros/humble /usr/bin/cmake --install /home/kdg/kdg/build/turtlebot3_fake_node
[0.563s] Level 1:colcon.colcon_core.environment:checking '/home/kdg/kdg/install/turtlebot3_fake_node' for CMake module files
[0.563s] Level 1:colcon.colcon_core.environment:checking '/home/kdg/kdg/install/turtlebot3_fake_node' for CMake config files
[0.564s] Level 1:colcon.colcon_core.shell:create_environment_hook('turtlebot3_fake_node', 'cmake_prefix_path')
[0.564s] INFO:colcon.colcon_core.shell:Creating environment hook '/home/kdg/kdg/install/turtlebot3_fake_node/share/turtlebot3_fake_node/hook/cmake_prefix_path.ps1'
[0.565s] INFO:colcon.colcon_core.shell:Creating environment descriptor '/home/kdg/kdg/install/turtlebot3_fake_node/share/turtlebot3_fake_node/hook/cmake_prefix_path.dsv'
[0.565s] INFO:colcon.colcon_core.shell:Creating environment hook '/home/kdg/kdg/install/turtlebot3_fake_node/share/turtlebot3_fake_node/hook/cmake_prefix_path.sh'
[0.566s] Level 1:colcon.colcon_core.environment:checking '/home/kdg/kdg/install/turtlebot3_fake_node/lib'
[0.566s] Level 1:colcon.colcon_core.environment:checking '/home/kdg/kdg/install/turtlebot3_fake_node/bin'
[0.566s] Level 1:colcon.colcon_core.environment:checking '/home/kdg/kdg/install/turtlebot3_fake_node/lib/pkgconfig/turtlebot3_fake_node.pc'
[0.567s] Level 1:colcon.colcon_core.environment:checking '/home/kdg/kdg/install/turtlebot3_fake_node/lib/python3.10/site-packages'
[0.567s] Level 1:colcon.colcon_core.environment:checking '/home/kdg/kdg/install/turtlebot3_fake_node/bin'
[0.567s] INFO:colcon.colcon_core.shell:Creating package script '/home/kdg/kdg/install/turtlebot3_fake_node/share/turtlebot3_fake_node/package.ps1'
[0.568s] INFO:colcon.colcon_core.shell:Creating package descriptor '/home/kdg/kdg/install/turtlebot3_fake_node/share/turtlebot3_fake_node/package.dsv'
[0.570s] INFO:colcon.colcon_core.shell:Creating package script '/home/kdg/kdg/install/turtlebot3_fake_node/share/turtlebot3_fake_node/package.sh'
[0.572s] INFO:colcon.colcon_core.shell:Creating package script '/home/kdg/kdg/install/turtlebot3_fake_node/share/turtlebot3_fake_node/package.bash'
[0.573s] INFO:colcon.colcon_core.shell:Creating package script '/home/kdg/kdg/install/turtlebot3_fake_node/share/turtlebot3_fake_node/package.zsh'
[0.574s] Level 1:colcon.colcon_core.environment:create_file_with_runtime_dependencies(/home/kdg/kdg/install/turtlebot3_fake_node/share/colcon-core/packages/turtlebot3_fake_node)
[0.575s] Level 1:colcon.colcon_core.environment:create_environment_scripts_only(turtlebot3_fake_node)
[0.575s] Level 1:colcon.colcon_core.environment:checking '/home/kdg/kdg/install/turtlebot3_fake_node' for CMake module files
[0.575s] Level 1:colcon.colcon_core.environment:checking '/home/kdg/kdg/install/turtlebot3_fake_node' for CMake config files
[0.576s] Level 1:colcon.colcon_core.shell:create_environment_hook('turtlebot3_fake_node', 'cmake_prefix_path')
[0.576s] INFO:colcon.colcon_core.shell:Creating environment hook '/home/kdg/kdg/install/turtlebot3_fake_node/share/turtlebot3_fake_node/hook/cmake_prefix_path.ps1'
[0.576s] INFO:colcon.colcon_core.shell:Creating environment descriptor '/home/kdg/kdg/install/turtlebot3_fake_node/share/turtlebot3_fake_node/hook/cmake_prefix_path.dsv'
[0.576s] INFO:colcon.colcon_core.shell:Creating environment hook '/home/kdg/kdg/install/turtlebot3_fake_node/share/turtlebot3_fake_node/hook/cmake_prefix_path.sh'
[0.577s] Level 1:colcon.colcon_core.environment:checking '/home/kdg/kdg/install/turtlebot3_fake_node/lib'
[0.577s] Level 1:colcon.colcon_core.environment:checking '/home/kdg/kdg/install/turtlebot3_fake_node/bin'
[0.577s] Level 1:colcon.colcon_core.environment:checking '/home/kdg/kdg/install/turtlebot3_fake_node/lib/pkgconfig/turtlebot3_fake_node.pc'
[0.577s] Level 1:colcon.colcon_core.environment:checking '/home/kdg/kdg/install/turtlebot3_fake_node/lib/python3.10/site-packages'
[0.577s] Level 1:colcon.colcon_core.environment:checking '/home/kdg/kdg/install/turtlebot3_fake_node/bin'
[0.578s] INFO:colcon.colcon_core.shell:Creating package script '/home/kdg/kdg/install/turtlebot3_fake_node/share/turtlebot3_fake_node/package.ps1'
[0.578s] INFO:colcon.colcon_core.shell:Creating package descriptor '/home/kdg/kdg/install/turtlebot3_fake_node/share/turtlebot3_fake_node/package.dsv'
[0.578s] INFO:colcon.colcon_core.shell:Creating package script '/home/kdg/kdg/install/turtlebot3_fake_node/share/turtlebot3_fake_node/package.sh'
[0.579s] INFO:colcon.colcon_core.shell:Creating package script '/home/kdg/kdg/install/turtlebot3_fake_node/share/turtlebot3_fake_node/package.bash'
[0.579s] INFO:colcon.colcon_core.shell:Creating package script '/home/kdg/kdg/install/turtlebot3_fake_node/share/turtlebot3_fake_node/package.zsh'
[0.579s] Level 1:colcon.colcon_core.environment:create_file_with_runtime_dependencies(/home/kdg/kdg/install/turtlebot3_fake_node/share/colcon-core/packages/turtlebot3_fake_node)
[0.581s] Level 1:colcon.colcon_core.environment:create_environment_scripts_only(topic_ex_c)
[0.581s] Level 1:colcon.colcon_core.environment:checking '/home/kdg/kdg/install/topic_ex_c' for CMake module files
[0.581s] DEBUG:colcon.colcon_core.event_handler.log_command:Invoked command in '/home/kdg/kdg/build/topic_ex_c' returned '0': CMAKE_PREFIX_PATH=${CMAKE_PREFIX_PATH}:/opt/ros/humble /usr/bin/cmake --install /home/kdg/kdg/build/topic_ex_c
[0.582s] Level 1:colcon.colcon_core.environment:checking '/home/kdg/kdg/install/topic_ex_c' for CMake config files
[0.582s] Level 1:colcon.colcon_core.shell:create_environment_hook('topic_ex_c', 'cmake_prefix_path')
[0.582s] INFO:colcon.colcon_core.shell:Creating environment hook '/home/kdg/kdg/install/topic_ex_c/share/topic_ex_c/hook/cmake_prefix_path.ps1'
[0.582s] INFO:colcon.colcon_core.shell:Creating environment descriptor '/home/kdg/kdg/install/topic_ex_c/share/topic_ex_c/hook/cmake_prefix_path.dsv'
[0.583s] INFO:colcon.colcon_core.shell:Creating environment hook '/home/kdg/kdg/install/topic_ex_c/share/topic_ex_c/hook/cmake_prefix_path.sh'
[0.583s] Level 1:colcon.colcon_core.environment:checking '/home/kdg/kdg/install/topic_ex_c/lib'
[0.583s] Level 1:colcon.colcon_core.environment:checking '/home/kdg/kdg/install/topic_ex_c/bin'
[0.583s] Level 1:colcon.colcon_core.environment:checking '/home/kdg/kdg/install/topic_ex_c/lib/pkgconfig/topic_ex_c.pc'
[0.584s] Level 1:colcon.colcon_core.environment:checking '/home/kdg/kdg/install/topic_ex_c/lib/python3.10/site-packages'
[0.584s] Level 1:colcon.colcon_core.environment:checking '/home/kdg/kdg/install/topic_ex_c/bin'
[0.584s] INFO:colcon.colcon_core.shell:Creating package script '/home/kdg/kdg/install/topic_ex_c/share/topic_ex_c/package.ps1'
[0.585s] INFO:colcon.colcon_core.shell:Creating package descriptor '/home/kdg/kdg/install/topic_ex_c/share/topic_ex_c/package.dsv'
[0.585s] INFO:colcon.colcon_core.shell:Creating package script '/home/kdg/kdg/install/topic_ex_c/share/topic_ex_c/package.sh'
[0.586s] INFO:colcon.colcon_core.shell:Creating package script '/home/kdg/kdg/install/topic_ex_c/share/topic_ex_c/package.bash'
[0.587s] INFO:colcon.colcon_core.shell:Creating package script '/home/kdg/kdg/install/topic_ex_c/share/topic_ex_c/package.zsh'
[0.587s] Level 1:colcon.colcon_core.environment:create_file_with_runtime_dependencies(/home/kdg/kdg/install/topic_ex_c/share/colcon-core/packages/topic_ex_c)
[0.588s] Level 1:colcon.colcon_core.environment:create_environment_scripts_only(topic_ex_c)
[0.588s] Level 1:colcon.colcon_core.environment:checking '/home/kdg/kdg/install/topic_ex_c' for CMake module files
[0.588s] Level 1:colcon.colcon_core.environment:checking '/home/kdg/kdg/install/topic_ex_c' for CMake config files
[0.588s] Level 1:colcon.colcon_core.shell:create_environment_hook('topic_ex_c', 'cmake_prefix_path')
[0.588s] INFO:colcon.colcon_core.shell:Creating environment hook '/home/kdg/kdg/install/topic_ex_c/share/topic_ex_c/hook/cmake_prefix_path.ps1'
[0.589s] INFO:colcon.colcon_core.shell:Creating environment descriptor '/home/kdg/kdg/install/topic_ex_c/share/topic_ex_c/hook/cmake_prefix_path.dsv'
[0.589s] INFO:colcon.colcon_core.shell:Creating environment hook '/home/kdg/kdg/install/topic_ex_c/share/topic_ex_c/hook/cmake_prefix_path.sh'
[0.589s] Level 1:colcon.colcon_core.environment:checking '/home/kdg/kdg/install/topic_ex_c/lib'
[0.590s] Level 1:colcon.colcon_core.environment:checking '/home/kdg/kdg/install/topic_ex_c/bin'
[0.590s] Level 1:colcon.colcon_core.environment:checking '/home/kdg/kdg/install/topic_ex_c/lib/pkgconfig/topic_ex_c.pc'
[0.590s] Level 1:colcon.colcon_core.environment:checking '/home/kdg/kdg/install/topic_ex_c/lib/python3.10/site-packages'
[0.590s] Level 1:colcon.colcon_core.environment:checking '/home/kdg/kdg/install/topic_ex_c/bin'
[0.590s] INFO:colcon.colcon_core.shell:Creating package script '/home/kdg/kdg/install/topic_ex_c/share/topic_ex_c/package.ps1'
[0.590s] INFO:colcon.colcon_core.shell:Creating package descriptor '/home/kdg/kdg/install/topic_ex_c/share/topic_ex_c/package.dsv'
[0.591s] INFO:colcon.colcon_core.shell:Creating package script '/home/kdg/kdg/install/topic_ex_c/share/topic_ex_c/package.sh'
[0.591s] INFO:colcon.colcon_core.shell:Creating package script '/home/kdg/kdg/install/topic_ex_c/share/topic_ex_c/package.bash'
[0.591s] INFO:colcon.colcon_core.shell:Creating package script '/home/kdg/kdg/install/topic_ex_c/share/topic_ex_c/package.zsh'
[0.592s] Level 1:colcon.colcon_core.environment:create_file_with_runtime_dependencies(/home/kdg/kdg/install/topic_ex_c/share/colcon-core/packages/topic_ex_c)
[0.593s] Level 1:colcon.colcon_core.environment:create_environment_scripts_only(turtlebot3_gazebo)
[0.593s] Level 1:colcon.colcon_core.environment:checking '/home/kdg/kdg/install/turtlebot3_gazebo' for CMake module files
[0.594s] DEBUG:colcon.colcon_core.event_handler.log_command:Invoked command in '/home/kdg/kdg/build/turtlebot3_gazebo' returned '0': CMAKE_PREFIX_PATH=${CMAKE_PREFIX_PATH}:/opt/ros/humble /usr/bin/cmake --install /home/kdg/kdg/build/turtlebot3_gazebo
[0.594s] Level 1:colcon.colcon_core.environment:checking '/home/kdg/kdg/install/turtlebot3_gazebo' for CMake config files
[0.596s] Level 1:colcon.colcon_core.shell:create_environment_hook('turtlebot3_gazebo', 'cmake_prefix_path')
[0.596s] INFO:colcon.colcon_core.shell:Creating environment hook '/home/kdg/kdg/install/turtlebot3_gazebo/share/turtlebot3_gazebo/hook/cmake_prefix_path.ps1'
[0.596s] INFO:colcon.colcon_core.shell:Creating environment descriptor '/home/kdg/kdg/install/turtlebot3_gazebo/share/turtlebot3_gazebo/hook/cmake_prefix_path.dsv'
[0.597s] INFO:colcon.colcon_core.shell:Creating environment hook '/home/kdg/kdg/install/turtlebot3_gazebo/share/turtlebot3_gazebo/hook/cmake_prefix_path.sh'
[0.597s] Level 1:colcon.colcon_core.environment:checking '/home/kdg/kdg/install/turtlebot3_gazebo/lib'
[0.597s] Level 1:colcon.colcon_core.environment:checking '/home/kdg/kdg/install/turtlebot3_gazebo/bin'
[0.597s] Level 1:colcon.colcon_core.environment:checking '/home/kdg/kdg/install/turtlebot3_gazebo/lib/pkgconfig/turtlebot3_gazebo.pc'
[0.597s] Level 1:colcon.colcon_core.environment:checking '/home/kdg/kdg/install/turtlebot3_gazebo/lib/python3.10/site-packages'
[0.598s] Level 1:colcon.colcon_core.environment:checking '/home/kdg/kdg/install/turtlebot3_gazebo/bin'
[0.598s] INFO:colcon.colcon_core.shell:Creating package script '/home/kdg/kdg/install/turtlebot3_gazebo/share/turtlebot3_gazebo/package.ps1'
[0.598s] INFO:colcon.colcon_core.shell:Creating package descriptor '/home/kdg/kdg/install/turtlebot3_gazebo/share/turtlebot3_gazebo/package.dsv'
[0.598s] INFO:colcon.colcon_core.shell:Creating package script '/home/kdg/kdg/install/turtlebot3_gazebo/share/turtlebot3_gazebo/package.sh'
[0.599s] INFO:colcon.colcon_core.shell:Creating package script '/home/kdg/kdg/install/turtlebot3_gazebo/share/turtlebot3_gazebo/package.bash'
[0.599s] INFO:colcon.colcon_core.shell:Creating package script '/home/kdg/kdg/install/turtlebot3_gazebo/share/turtlebot3_gazebo/package.zsh'
[0.599s] Level 1:colcon.colcon_core.environment:create_file_with_runtime_dependencies(/home/kdg/kdg/install/turtlebot3_gazebo/share/colcon-core/packages/turtlebot3_gazebo)
[0.600s] Level 1:colcon.colcon_core.environment:create_environment_scripts_only(turtlebot3_gazebo)
[0.600s] Level 1:colcon.colcon_core.environment:checking '/home/kdg/kdg/install/turtlebot3_gazebo' for CMake module files
[0.600s] Level 1:colcon.colcon_core.environment:checking '/home/kdg/kdg/install/turtlebot3_gazebo' for CMake config files
[0.602s] Level 1:colcon.colcon_core.shell:create_environment_hook('turtlebot3_gazebo', 'cmake_prefix_path')
[0.602s] INFO:colcon.colcon_core.shell:Creating environment hook '/home/kdg/kdg/install/turtlebot3_gazebo/share/turtlebot3_gazebo/hook/cmake_prefix_path.ps1'
[0.602s] INFO:colcon.colcon_core.shell:Creating environment descriptor '/home/kdg/kdg/install/turtlebot3_gazebo/share/turtlebot3_gazebo/hook/cmake_prefix_path.dsv'
[0.602s] INFO:colcon.colcon_core.shell:Creating environment hook '/home/kdg/kdg/install/turtlebot3_gazebo/share/turtlebot3_gazebo/hook/cmake_prefix_path.sh'
[0.603s] Level 1:colcon.colcon_core.environment:checking '/home/kdg/kdg/install/turtlebot3_gazebo/lib'
[0.603s] Level 1:colcon.colcon_core.environment:checking '/home/kdg/kdg/install/turtlebot3_gazebo/bin'
[0.603s] Level 1:colcon.colcon_core.environment:checking '/home/kdg/kdg/install/turtlebot3_gazebo/lib/pkgconfig/turtlebot3_gazebo.pc'
[0.603s] Level 1:colcon.colcon_core.environment:checking '/home/kdg/kdg/install/turtlebot3_gazebo/lib/python3.10/site-packages'
[0.603s] Level 1:colcon.colcon_core.environment:checking '/home/kdg/kdg/install/turtlebot3_gazebo/bin'
[0.604s] INFO:colcon.colcon_core.shell:Creating package script '/home/kdg/kdg/install/turtlebot3_gazebo/share/turtlebot3_gazebo/package.ps1'
[0.604s] INFO:colcon.colcon_core.shell:Creating package descriptor '/home/kdg/kdg/install/turtlebot3_gazebo/share/turtlebot3_gazebo/package.dsv'
[0.604s] INFO:colcon.colcon_core.shell:Creating package script '/home/kdg/kdg/install/turtlebot3_gazebo/share/turtlebot3_gazebo/package.sh'
[0.605s] INFO:colcon.colcon_core.shell:Creating package script '/home/kdg/kdg/install/turtlebot3_gazebo/share/turtlebot3_gazebo/package.bash'
[0.605s] INFO:colcon.colcon_core.shell:Creating package script '/home/kdg/kdg/install/turtlebot3_gazebo/share/turtlebot3_gazebo/package.zsh'
[0.605s] Level 1:colcon.colcon_core.environment:create_file_with_runtime_dependencies(/home/kdg/kdg/install/turtlebot3_gazebo/share/colcon-core/packages/turtlebot3_gazebo)
[0.605s] INFO:colcon.colcon_ros.task.ament_cmake.build:Building ROS package in '/home/kdg/kdg/src/turtlebot3_simulations/turtlebot3_simulations' with build type 'ament_cmake'
[0.606s] INFO:colcon.colcon_cmake.task.cmake.build:Building CMake package in '/home/kdg/kdg/src/turtlebot3_simulations/turtlebot3_simulations'
[0.606s] INFO:colcon.colcon_core.shell:Skip shell extension 'powershell' for command environment: Not usable outside of PowerShell
[0.606s] DEBUG:colcon.colcon_core.shell:Skip shell extension 'dsv' for command environment
[0.616s] DEBUG:colcon.colcon_core.event_handler.log_command:Invoking command in '/home/kdg/kdg/build/turtlebot3_simulations': CMAKE_PREFIX_PATH=/home/kdg/kdg/install/turtlebot3_gazebo:/home/kdg/kdg/install/turtlebot3_fake_node:/home/kdg/kdg/install/wanderbot:/home/kdg/kdg/install/turtlebot3_simulations:/home/kdg/kdg/install/topic_ex_c:/usr/lib/x86_64-linux-gnu/cmake/gazebo:/opt/ros/humble /usr/bin/cmake --build /home/kdg/kdg/build/turtlebot3_simulations -- -j16 -l16
[0.655s] DEBUG:colcon.colcon_core.event_handler.log_command:Invoked command in '/home/kdg/kdg/build/turtlebot3_simulations' returned '0': CMAKE_PREFIX_PATH=/home/kdg/kdg/install/turtlebot3_gazebo:/home/kdg/kdg/install/turtlebot3_fake_node:/home/kdg/kdg/install/wanderbot:/home/kdg/kdg/install/turtlebot3_simulations:/home/kdg/kdg/install/topic_ex_c:/usr/lib/x86_64-linux-gnu/cmake/gazebo:/opt/ros/humble /usr/bin/cmake --build /home/kdg/kdg/build/turtlebot3_simulations -- -j16 -l16
[0.657s] DEBUG:colcon.colcon_core.event_handler.log_command:Invoking command in '/home/kdg/kdg/build/turtlebot3_simulations': CMAKE_PREFIX_PATH=/home/kdg/kdg/install/turtlebot3_gazebo:/home/kdg/kdg/install/turtlebot3_fake_node:/home/kdg/kdg/install/wanderbot:/home/kdg/kdg/install/turtlebot3_simulations:/home/kdg/kdg/install/topic_ex_c:/usr/lib/x86_64-linux-gnu/cmake/gazebo:/opt/ros/humble /usr/bin/cmake --install /home/kdg/kdg/build/turtlebot3_simulations
[0.666s] Level 1:colcon.colcon_core.environment:create_environment_scripts_only(turtlebot3_simulations)
[0.666s] Level 1:colcon.colcon_core.environment:checking '/home/kdg/kdg/install/turtlebot3_simulations' for CMake module files
[0.666s] DEBUG:colcon.colcon_core.event_handler.log_command:Invoked command in '/home/kdg/kdg/build/turtlebot3_simulations' returned '0': CMAKE_PREFIX_PATH=/home/kdg/kdg/install/turtlebot3_gazebo:/home/kdg/kdg/install/turtlebot3_fake_node:/home/kdg/kdg/install/wanderbot:/home/kdg/kdg/install/turtlebot3_simulations:/home/kdg/kdg/install/topic_ex_c:/usr/lib/x86_64-linux-gnu/cmake/gazebo:/opt/ros/humble /usr/bin/cmake --install /home/kdg/kdg/build/turtlebot3_simulations
[0.667s] Level 1:colcon.colcon_core.environment:checking '/home/kdg/kdg/install/turtlebot3_simulations' for CMake config files
[0.667s] Level 1:colcon.colcon_core.shell:create_environment_hook('turtlebot3_simulations', 'cmake_prefix_path')
[0.667s] INFO:colcon.colcon_core.shell:Creating environment hook '/home/kdg/kdg/install/turtlebot3_simulations/share/turtlebot3_simulations/hook/cmake_prefix_path.ps1'
[0.667s] INFO:colcon.colcon_core.shell:Creating environment descriptor '/home/kdg/kdg/install/turtlebot3_simulations/share/turtlebot3_simulations/hook/cmake_prefix_path.dsv'
[0.668s] INFO:colcon.colcon_core.shell:Creating environment hook '/home/kdg/kdg/install/turtlebot3_simulations/share/turtlebot3_simulations/hook/cmake_prefix_path.sh'
[0.668s] Level 1:colcon.colcon_core.environment:checking '/home/kdg/kdg/install/turtlebot3_simulations/bin'
[0.668s] Level 1:colcon.colcon_core.environment:checking '/home/kdg/kdg/install/turtlebot3_simulations/lib/pkgconfig/turtlebot3_simulations.pc'
[0.668s] Level 1:colcon.colcon_core.environment:checking '/home/kdg/kdg/install/turtlebot3_simulations/lib/python3.10/site-packages'
[0.669s] Level 1:colcon.colcon_core.environment:checking '/home/kdg/kdg/install/turtlebot3_simulations/bin'
[0.669s] INFO:colcon.colcon_core.shell:Creating package script '/home/kdg/kdg/install/turtlebot3_simulations/share/turtlebot3_simulations/package.ps1'
[0.669s] INFO:colcon.colcon_core.shell:Creating package descriptor '/home/kdg/kdg/install/turtlebot3_simulations/share/turtlebot3_simulations/package.dsv'
[0.669s] INFO:colcon.colcon_core.shell:Creating package script '/home/kdg/kdg/install/turtlebot3_simulations/share/turtlebot3_simulations/package.sh'
[0.670s] INFO:colcon.colcon_core.shell:Creating package script '/home/kdg/kdg/install/turtlebot3_simulations/share/turtlebot3_simulations/package.bash'
[0.670s] INFO:colcon.colcon_core.shell:Creating package script '/home/kdg/kdg/install/turtlebot3_simulations/share/turtlebot3_simulations/package.zsh'
[0.670s] Level 1:colcon.colcon_core.environment:create_file_with_runtime_dependencies(/home/kdg/kdg/install/turtlebot3_simulations/share/colcon-core/packages/turtlebot3_simulations)
[0.671s] Level 1:colcon.colcon_core.environment:create_environment_scripts_only(turtlebot3_simulations)
[0.671s] Level 1:colcon.colcon_core.environment:checking '/home/kdg/kdg/install/turtlebot3_simulations' for CMake module files
[0.671s] Level 1:colcon.colcon_core.environment:checking '/home/kdg/kdg/install/turtlebot3_simulations' for CMake config files
[0.671s] Level 1:colcon.colcon_core.shell:create_environment_hook('turtlebot3_simulations', 'cmake_prefix_path')
[0.671s] INFO:colcon.colcon_core.shell:Creating environment hook '/home/kdg/kdg/install/turtlebot3_simulations/share/turtlebot3_simulations/hook/cmake_prefix_path.ps1'
[0.672s] INFO:colcon.colcon_core.shell:Creating environment descriptor '/home/kdg/kdg/install/turtlebot3_simulations/share/turtlebot3_simulations/hook/cmake_prefix_path.dsv'
[0.672s] INFO:colcon.colcon_core.shell:Creating environment hook '/home/kdg/kdg/install/turtlebot3_simulations/share/turtlebot3_simulations/hook/cmake_prefix_path.sh'
[0.672s] Level 1:colcon.colcon_core.environment:checking '/home/kdg/kdg/install/turtlebot3_simulations/bin'
[0.672s] Level 1:colcon.colcon_core.environment:checking '/home/kdg/kdg/install/turtlebot3_simulations/lib/pkgconfig/turtlebot3_simulations.pc'
[0.673s] Level 1:colcon.colcon_core.environment:checking '/home/kdg/kdg/install/turtlebot3_simulations/lib/python3.10/site-packages'
[0.673s] Level 1:colcon.colcon_core.environment:checking '/home/kdg/kdg/install/turtlebot3_simulations/bin'
[0.673s] INFO:colcon.colcon_core.shell:Creating package script '/home/kdg/kdg/install/turtlebot3_simulations/share/turtlebot3_simulations/package.ps1'
[0.673s] INFO:colcon.colcon_core.shell:Creating package descriptor '/home/kdg/kdg/install/turtlebot3_simulations/share/turtlebot3_simulations/package.dsv'
[0.673s] INFO:colcon.colcon_core.shell:Creating package script '/home/kdg/kdg/install/turtlebot3_simulations/share/turtlebot3_simulations/package.sh'
[0.674s] INFO:colcon.colcon_core.shell:Creating package script '/home/kdg/kdg/install/turtlebot3_simulations/share/turtlebot3_simulations/package.bash'
[0.674s] INFO:colcon.colcon_core.shell:Creating package script '/home/kdg/kdg/install/turtlebot3_simulations/share/turtlebot3_simulations/package.zsh'
[0.674s] Level 1:colcon.colcon_core.environment:create_file_with_runtime_dependencies(/home/kdg/kdg/install/turtlebot3_simulations/share/colcon-core/packages/turtlebot3_simulations)
[7.347s] DEBUG:colcon.colcon_core.event_handler.log_command:Invoked command in '/home/kdg/kdg/build/wanderbot' returned '0': CMAKE_PREFIX_PATH=${CMAKE_PREFIX_PATH}:/opt/ros/humble /usr/bin/cmake --build /home/kdg/kdg/build/wanderbot -- -j16 -l16
[7.348s] DEBUG:colcon.colcon_core.event_handler.log_command:Invoking command in '/home/kdg/kdg/build/wanderbot': CMAKE_PREFIX_PATH=${CMAKE_PREFIX_PATH}:/opt/ros/humble /usr/bin/cmake --install /home/kdg/kdg/build/wanderbot
[7.364s] Level 1:colcon.colcon_core.environment:create_environment_scripts_only(wanderbot)
[7.364s] Level 1:colcon.colcon_core.environment:checking '/home/kdg/kdg/install/wanderbot' for CMake module files
[7.364s] DEBUG:colcon.colcon_core.event_handler.log_command:Invoked command in '/home/kdg/kdg/build/wanderbot' returned '0': CMAKE_PREFIX_PATH=${CMAKE_PREFIX_PATH}:/opt/ros/humble /usr/bin/cmake --install /home/kdg/kdg/build/wanderbot
[7.365s] Level 1:colcon.colcon_core.environment:checking '/home/kdg/kdg/install/wanderbot' for CMake config files
[7.365s] Level 1:colcon.colcon_core.shell:create_environment_hook('wanderbot', 'cmake_prefix_path')
[7.365s] INFO:colcon.colcon_core.shell:Creating environment hook '/home/kdg/kdg/install/wanderbot/share/wanderbot/hook/cmake_prefix_path.ps1'
[7.365s] INFO:colcon.colcon_core.shell:Creating environment descriptor '/home/kdg/kdg/install/wanderbot/share/wanderbot/hook/cmake_prefix_path.dsv'
[7.366s] INFO:colcon.colcon_core.shell:Creating environment hook '/home/kdg/kdg/install/wanderbot/share/wanderbot/hook/cmake_prefix_path.sh'
[7.366s] Level 1:colcon.colcon_core.environment:checking '/home/kdg/kdg/install/wanderbot/lib'
[7.366s] Level 1:colcon.colcon_core.environment:checking '/home/kdg/kdg/install/wanderbot/bin'
[7.366s] Level 1:colcon.colcon_core.environment:checking '/home/kdg/kdg/install/wanderbot/lib/pkgconfig/wanderbot.pc'
[7.367s] Level 1:colcon.colcon_core.environment:checking '/home/kdg/kdg/install/wanderbot/lib/python3.10/site-packages'
[7.367s] Level 1:colcon.colcon_core.environment:checking '/home/kdg/kdg/install/wanderbot/bin'
[7.367s] INFO:colcon.colcon_core.shell:Creating package script '/home/kdg/kdg/install/wanderbot/share/wanderbot/package.ps1'
[7.367s] INFO:colcon.colcon_core.shell:Creating package descriptor '/home/kdg/kdg/install/wanderbot/share/wanderbot/package.dsv'
[7.368s] INFO:colcon.colcon_core.shell:Creating package script '/home/kdg/kdg/install/wanderbot/share/wanderbot/package.sh'
[7.368s] INFO:colcon.colcon_core.shell:Creating package script '/home/kdg/kdg/install/wanderbot/share/wanderbot/package.bash'
[7.368s] INFO:colcon.colcon_core.shell:Creating package script '/home/kdg/kdg/install/wanderbot/share/wanderbot/package.zsh'
[7.368s] Level 1:colcon.colcon_core.environment:create_file_with_runtime_dependencies(/home/kdg/kdg/install/wanderbot/share/colcon-core/packages/wanderbot)
[7.369s] Level 1:colcon.colcon_core.environment:create_environment_scripts_only(wanderbot)
[7.369s] Level 1:colcon.colcon_core.environment:checking '/home/kdg/kdg/install/wanderbot' for CMake module files
[7.369s] Level 1:colcon.colcon_core.environment:checking '/home/kdg/kdg/install/wanderbot' for CMake config files
[7.369s] Level 1:colcon.colcon_core.shell:create_environment_hook('wanderbot', 'cmake_prefix_path')
[7.370s] INFO:colcon.colcon_core.shell:Creating environment hook '/home/kdg/kdg/install/wanderbot/share/wanderbot/hook/cmake_prefix_path.ps1'
[7.370s] INFO:colcon.colcon_core.shell:Creating environment descriptor '/home/kdg/kdg/install/wanderbot/share/wanderbot/hook/cmake_prefix_path.dsv'
[7.370s] INFO:colcon.colcon_core.shell:Creating environment hook '/home/kdg/kdg/install/wanderbot/share/wanderbot/hook/cmake_prefix_path.sh'
[7.371s] Level 1:colcon.colcon_core.environment:checking '/home/kdg/kdg/install/wanderbot/lib'
[7.371s] Level 1:colcon.colcon_core.environment:checking '/home/kdg/kdg/install/wanderbot/bin'
[7.371s] Level 1:colcon.colcon_core.environment:checking '/home/kdg/kdg/install/wanderbot/lib/pkgconfig/wanderbot.pc'
[7.371s] Level 1:colcon.colcon_core.environment:checking '/home/kdg/kdg/install/wanderbot/lib/python3.10/site-packages'
[7.371s] Level 1:colcon.colcon_core.environment:checking '/home/kdg/kdg/install/wanderbot/bin'
[7.371s] INFO:colcon.colcon_core.shell:Creating package script '/home/kdg/kdg/install/wanderbot/share/wanderbot/package.ps1'
[7.372s] INFO:colcon.colcon_core.shell:Creating package descriptor '/home/kdg/kdg/install/wanderbot/share/wanderbot/package.dsv'
[7.372s] INFO:colcon.colcon_core.shell:Creating package script '/home/kdg/kdg/install/wanderbot/share/wanderbot/package.sh'
[7.372s] INFO:colcon.colcon_core.shell:Creating package script '/home/kdg/kdg/install/wanderbot/share/wanderbot/package.bash'
[7.373s] INFO:colcon.colcon_core.shell:Creating package script '/home/kdg/kdg/install/wanderbot/share/wanderbot/package.zsh'
[7.373s] Level 1:colcon.colcon_core.environment:create_file_with_runtime_dependencies(/home/kdg/kdg/install/wanderbot/share/colcon-core/packages/wanderbot)
[7.373s] DEBUG:colcon.colcon_parallel_executor.executor.parallel:closing loop
[7.373s] DEBUG:colcon.colcon_parallel_executor.executor.parallel:loop closed
[7.374s] DEBUG:colcon.colcon_parallel_executor.executor.parallel:run_until_complete finished with '0'
[7.374s] DEBUG:colcon.colcon_core.event_reactor:joining thread
[7.378s] INFO:colcon.colcon_core.plugin_system:Skipping extension 'colcon_notification.desktop_notification.terminal_notifier': Not used on non-Darwin systems
[7.378s] INFO:colcon.colcon_core.plugin_system:Skipping extension 'colcon_notification.desktop_notification.win32': Not used on non-Windows systems
[7.378s] INFO:colcon.colcon_notification.desktop_notification:Sending desktop notification using 'notify2'
[7.390s] DEBUG:colcon.colcon_core.event_reactor:joined thread
[7.390s] INFO:colcon.colcon_core.shell:Creating prefix script '/home/kdg/kdg/install/local_setup.ps1'
[7.391s] INFO:colcon.colcon_core.shell:Creating prefix util module '/home/kdg/kdg/install/_local_setup_util_ps1.py'
[7.392s] INFO:colcon.colcon_core.shell:Creating prefix chain script '/home/kdg/kdg/install/setup.ps1'
[7.393s] INFO:colcon.colcon_core.shell:Creating prefix script '/home/kdg/kdg/install/local_setup.sh'
[7.393s] INFO:colcon.colcon_core.shell:Creating prefix util module '/home/kdg/kdg/install/_local_setup_util_sh.py'
[7.394s] INFO:colcon.colcon_core.shell:Creating prefix chain script '/home/kdg/kdg/install/setup.sh'
[7.395s] INFO:colcon.colcon_core.shell:Creating prefix script '/home/kdg/kdg/install/local_setup.bash'
[7.395s] INFO:colcon.colcon_core.shell:Creating prefix chain script '/home/kdg/kdg/install/setup.bash'
[7.396s] INFO:colcon.colcon_core.shell:Creating prefix script '/home/kdg/kdg/install/local_setup.zsh'
[7.396s] INFO:colcon.colcon_core.shell:Creating prefix chain script '/home/kdg/kdg/install/setup.zsh'
